{
  "stats": {
    "suites": 29,
    "tests": 119,
    "passes": 52,
    "pending": 47,
    "failures": 20,
    "testsRegistered": 119,
    "passPercent": 43.69747899159664,
    "pendingPercent": 39.49579831932773,
    "other": 0,
    "hasOther": false,
    "skipped": 0,
    "hasSkipped": false,
    "start": "2026-01-16T00:55:30.959Z",
    "end": "2026-02-16T18:59:52.382Z",
    "duration": 2743461423
  },
  "results": [
    {
      "uuid": "494cc285-94b5-453d-8948-0213ff65f1fd",
      "title": "",
      "fullFile": "cypress\\e2e\\basic.feature",
      "file": "cypress\\e2e\\basic.feature",
      "beforeHooks": [],
      "afterHooks": [],
      "tests": [],
      "suites": [
        {
          "uuid": "fbe20e01-d858-4e2e-a996-812d058fe785",
          "title": "Basic User Authentication",
          "fullFile": "",
          "file": "",
          "beforeHooks": [],
          "afterHooks": [],
          "tests": [
            {
              "title": "Successful user registration and login",
              "fullTitle": "Basic User Authentication Successful user registration and login",
              "timedOut": null,
              "duration": 0,
              "state": "pending",
              "speed": null,
              "pass": false,
              "fail": false,
              "pending": true,
              "context": null,
              "code": "",
              "err": {},
              "uuid": "dfd1acb0-33d5-4099-a734-148925affafe",
              "parentUUID": "fbe20e01-d858-4e2e-a996-812d058fe785",
              "isHook": false,
              "skipped": false
            }
          ],
          "suites": [],
          "passes": [],
          "failures": [],
          "pending": [
            "dfd1acb0-33d5-4099-a734-148925affafe"
          ],
          "skipped": [],
          "duration": 0,
          "root": false,
          "rootEmpty": false,
          "_timeout": 2000
        }
      ],
      "passes": [],
      "failures": [],
      "pending": [],
      "skipped": [],
      "duration": 0,
      "root": true,
      "rootEmpty": true,
      "_timeout": 2000
    },
    {
      "uuid": "ecb5b2fa-0ae3-4fe9-816c-fbf7dd58215f",
      "title": "",
      "fullFile": "cypress\\e2e\\negative.feature",
      "file": "cypress\\e2e\\negative.feature",
      "beforeHooks": [],
      "afterHooks": [],
      "tests": [],
      "suites": [
        {
          "uuid": "86cf8f32-5ded-4770-890c-0d9287e1724d",
          "title": "Negative Authentication Tests",
          "fullFile": "",
          "file": "",
          "beforeHooks": [],
          "afterHooks": [],
          "tests": [
            {
              "title": "Login with empty username",
              "fullTitle": "Negative Authentication Tests Login with empty username",
              "timedOut": null,
              "duration": 0,
              "state": "pending",
              "speed": null,
              "pass": false,
              "fail": false,
              "pending": true,
              "context": null,
              "code": "",
              "err": {},
              "uuid": "cdf0e03d-0e7e-4509-96c5-80656106fd65",
              "parentUUID": "86cf8f32-5ded-4770-890c-0d9287e1724d",
              "isHook": false,
              "skipped": false
            },
            {
              "title": "Login with null password",
              "fullTitle": "Negative Authentication Tests Login with null password",
              "timedOut": null,
              "duration": 0,
              "state": "pending",
              "speed": null,
              "pass": false,
              "fail": false,
              "pending": true,
              "context": null,
              "code": "",
              "err": {},
              "uuid": "8cc5605a-9254-4284-8dda-612ddc3b6e80",
              "parentUUID": "86cf8f32-5ded-4770-890c-0d9287e1724d",
              "isHook": false,
              "skipped": false
            },
            {
              "title": "Login with special characters in username",
              "fullTitle": "Negative Authentication Tests Login with special characters in username",
              "timedOut": null,
              "duration": 0,
              "state": "pending",
              "speed": null,
              "pass": false,
              "fail": false,
              "pending": true,
              "context": null,
              "code": "",
              "err": {},
              "uuid": "d1cdc7a4-789c-4745-b092-07d6a504b902",
              "parentUUID": "86cf8f32-5ded-4770-890c-0d9287e1724d",
              "isHook": false,
              "skipped": false
            },
            {
              "title": "Login with international characters in username",
              "fullTitle": "Negative Authentication Tests Login with international characters in username",
              "timedOut": null,
              "duration": 0,
              "state": "pending",
              "speed": null,
              "pass": false,
              "fail": false,
              "pending": true,
              "context": null,
              "code": "",
              "err": {},
              "uuid": "67368fa7-ce71-47a3-9a03-adca246c8060",
              "parentUUID": "86cf8f32-5ded-4770-890c-0d9287e1724d",
              "isHook": false,
              "skipped": false
            },
            {
              "title": "Login with valid username and invalid password",
              "fullTitle": "Negative Authentication Tests Login with valid username and invalid password",
              "timedOut": null,
              "duration": 0,
              "state": "pending",
              "speed": null,
              "pass": false,
              "fail": false,
              "pending": true,
              "context": null,
              "code": "",
              "err": {},
              "uuid": "b5ebd0e0-752a-4f45-a52c-e293bbe6a5f8",
              "parentUUID": "86cf8f32-5ded-4770-890c-0d9287e1724d",
              "isHook": false,
              "skipped": false
            },
            {
              "title": "Login with invalid username and valid password",
              "fullTitle": "Negative Authentication Tests Login with invalid username and valid password",
              "timedOut": null,
              "duration": 0,
              "state": "pending",
              "speed": null,
              "pass": false,
              "fail": false,
              "pending": true,
              "context": null,
              "code": "",
              "err": {},
              "uuid": "6366df94-e540-4219-bd34-c6b2b1d97934",
              "parentUUID": "86cf8f32-5ded-4770-890c-0d9287e1724d",
              "isHook": false,
              "skipped": false
            },
            {
              "title": "Multi tab test after logout",
              "fullTitle": "Negative Authentication Tests Multi tab test after logout",
              "timedOut": null,
              "duration": 0,
              "state": "pending",
              "speed": null,
              "pass": false,
              "fail": false,
              "pending": true,
              "context": null,
              "code": "",
              "err": {},
              "uuid": "752e91d4-8c73-469b-8495-d9fa2dcc9ab1",
              "parentUUID": "86cf8f32-5ded-4770-890c-0d9287e1724d",
              "isHook": false,
              "skipped": false
            },
            {
              "title": "Back button after logout",
              "fullTitle": "Negative Authentication Tests Back button after logout",
              "timedOut": null,
              "duration": 0,
              "state": "pending",
              "speed": null,
              "pass": false,
              "fail": false,
              "pending": true,
              "context": null,
              "code": "",
              "err": {},
              "uuid": "5bd0416f-52b8-4db0-b379-f2c175e99500",
              "parentUUID": "86cf8f32-5ded-4770-890c-0d9287e1724d",
              "isHook": false,
              "skipped": false
            },
            {
              "title": "Boundary value analysis for password length",
              "fullTitle": "Negative Authentication Tests Boundary value analysis for password length",
              "timedOut": null,
              "duration": 0,
              "state": "pending",
              "speed": null,
              "pass": false,
              "fail": false,
              "pending": true,
              "context": null,
              "code": "",
              "err": {},
              "uuid": "60d1dddd-3887-43d5-9ede-bda7388d9ef8",
              "parentUUID": "86cf8f32-5ded-4770-890c-0d9287e1724d",
              "isHook": false,
              "skipped": false
            },
            {
              "title": "Equivalence partitioning for username",
              "fullTitle": "Negative Authentication Tests Equivalence partitioning for username",
              "timedOut": null,
              "duration": 0,
              "state": "pending",
              "speed": null,
              "pass": false,
              "fail": false,
              "pending": true,
              "context": null,
              "code": "",
              "err": {},
              "uuid": "639c8100-74c9-404e-b329-813f8d6952ee",
              "parentUUID": "86cf8f32-5ded-4770-890c-0d9287e1724d",
              "isHook": false,
              "skipped": false
            },
            {
              "title": "Login with case sensitive characters in username",
              "fullTitle": "Negative Authentication Tests Login with case sensitive characters in username",
              "timedOut": null,
              "duration": 0,
              "state": "pending",
              "speed": null,
              "pass": false,
              "fail": false,
              "pending": true,
              "context": null,
              "code": "",
              "err": {},
              "uuid": "471421a3-7318-4a7e-be99-d9ccb42fce19",
              "parentUUID": "86cf8f32-5ded-4770-890c-0d9287e1724d",
              "isHook": false,
              "skipped": false
            },
            {
              "title": "Login with leading or trailing spaces in username",
              "fullTitle": "Negative Authentication Tests Login with leading or trailing spaces in username",
              "timedOut": null,
              "duration": 0,
              "state": "pending",
              "speed": null,
              "pass": false,
              "fail": false,
              "pending": true,
              "context": null,
              "code": "",
              "err": {},
              "uuid": "7c253145-5b81-428e-96d2-e311f02e9e2f",
              "parentUUID": "86cf8f32-5ded-4770-890c-0d9287e1724d",
              "isHook": false,
              "skipped": false
            }
          ],
          "suites": [],
          "passes": [],
          "failures": [],
          "pending": [
            "cdf0e03d-0e7e-4509-96c5-80656106fd65",
            "8cc5605a-9254-4284-8dda-612ddc3b6e80",
            "d1cdc7a4-789c-4745-b092-07d6a504b902",
            "67368fa7-ce71-47a3-9a03-adca246c8060",
            "b5ebd0e0-752a-4f45-a52c-e293bbe6a5f8",
            "6366df94-e540-4219-bd34-c6b2b1d97934",
            "752e91d4-8c73-469b-8495-d9fa2dcc9ab1",
            "5bd0416f-52b8-4db0-b379-f2c175e99500",
            "60d1dddd-3887-43d5-9ede-bda7388d9ef8",
            "639c8100-74c9-404e-b329-813f8d6952ee",
            "471421a3-7318-4a7e-be99-d9ccb42fce19",
            "7c253145-5b81-428e-96d2-e311f02e9e2f"
          ],
          "skipped": [],
          "duration": 0,
          "root": false,
          "rootEmpty": false,
          "_timeout": 2000
        }
      ],
      "passes": [],
      "failures": [],
      "pending": [],
      "skipped": [],
      "duration": 0,
      "root": true,
      "rootEmpty": true,
      "_timeout": 2000
    },
    {
      "uuid": "31a416ff-e5e8-4e61-85a4-b244ddad9ce9",
      "title": "",
      "fullFile": "cypress\\e2e\\performance.feature",
      "file": "cypress\\e2e\\performance.feature",
      "beforeHooks": [],
      "afterHooks": [],
      "tests": [],
      "suites": [
        {
          "uuid": "50c7a557-e0be-4e2a-ba4a-71e9475b4d66",
          "title": "Performance Authentication Tests",
          "fullFile": "",
          "file": "",
          "beforeHooks": [],
          "afterHooks": [],
          "tests": [
            {
              "title": "Login - Response time",
              "fullTitle": "Performance Authentication Tests Login - Response time",
              "timedOut": null,
              "duration": 0,
              "state": "pending",
              "speed": null,
              "pass": false,
              "fail": false,
              "pending": true,
              "context": null,
              "code": "",
              "err": {},
              "uuid": "fc652f60-82ec-432f-9566-0672dfbd07ac",
              "parentUUID": "50c7a557-e0be-4e2a-ba4a-71e9475b4d66",
              "isHook": false,
              "skipped": false
            },
            {
              "title": "Rapid typing in login field",
              "fullTitle": "Performance Authentication Tests Rapid typing in login field",
              "timedOut": null,
              "duration": 0,
              "state": "pending",
              "speed": null,
              "pass": false,
              "fail": false,
              "pending": true,
              "context": null,
              "code": "",
              "err": {},
              "uuid": "831c4ffb-c8c2-4431-8bd9-1000d268bb5a",
              "parentUUID": "50c7a557-e0be-4e2a-ba4a-71e9475b4d66",
              "isHook": false,
              "skipped": false
            }
          ],
          "suites": [],
          "passes": [],
          "failures": [],
          "pending": [
            "fc652f60-82ec-432f-9566-0672dfbd07ac",
            "831c4ffb-c8c2-4431-8bd9-1000d268bb5a"
          ],
          "skipped": [],
          "duration": 0,
          "root": false,
          "rootEmpty": false,
          "_timeout": 2000
        }
      ],
      "passes": [],
      "failures": [],
      "pending": [],
      "skipped": [],
      "duration": 0,
      "root": true,
      "rootEmpty": true,
      "_timeout": 2000
    },
    {
      "uuid": "dcfa29c0-1bfc-4337-9d4b-071fd246c62a",
      "title": "",
      "fullFile": "cypress\\e2e\\security.feature",
      "file": "cypress\\e2e\\security.feature",
      "beforeHooks": [],
      "afterHooks": [],
      "tests": [],
      "suites": [
        {
          "uuid": "0a71aa47-5ca1-4f7f-b99c-4ddb7f2054d6",
          "title": "Security Authentication Tests",
          "fullFile": "",
          "file": "",
          "beforeHooks": [],
          "afterHooks": [],
          "tests": [
            {
              "title": "SQL injection in username",
              "fullTitle": "Security Authentication Tests SQL injection in username",
              "timedOut": null,
              "duration": 0,
              "state": "pending",
              "speed": null,
              "pass": false,
              "fail": false,
              "pending": true,
              "context": null,
              "code": "",
              "err": {},
              "uuid": "78c38e8c-ce98-4ac7-9092-32b4791bed43",
              "parentUUID": "0a71aa47-5ca1-4f7f-b99c-4ddb7f2054d6",
              "isHook": false,
              "skipped": false
            },
            {
              "title": "XSS in password",
              "fullTitle": "Security Authentication Tests XSS in password",
              "timedOut": null,
              "duration": 0,
              "state": "pending",
              "speed": null,
              "pass": false,
              "fail": false,
              "pending": true,
              "context": null,
              "code": "",
              "err": {},
              "uuid": "1f25ab77-5f72-4ea1-889e-e0fcc005cf2b",
              "parentUUID": "0a71aa47-5ca1-4f7f-b99c-4ddb7f2054d6",
              "isHook": false,
              "skipped": false
            },
            {
              "title": "Verify login status after cache deletion",
              "fullTitle": "Security Authentication Tests Verify login status after cache deletion",
              "timedOut": null,
              "duration": 0,
              "state": "pending",
              "speed": null,
              "pass": false,
              "fail": false,
              "pending": true,
              "context": null,
              "code": "",
              "err": {},
              "uuid": "d1624e0b-a846-45d0-b8d8-67a1f3e2ff31",
              "parentUUID": "0a71aa47-5ca1-4f7f-b99c-4ddb7f2054d6",
              "isHook": false,
              "skipped": false
            },
            {
              "title": "CSRF protection test",
              "fullTitle": "Security Authentication Tests CSRF protection test",
              "timedOut": null,
              "duration": 0,
              "state": "pending",
              "speed": null,
              "pass": false,
              "fail": false,
              "pending": true,
              "context": null,
              "code": "",
              "err": {},
              "uuid": "87fd39fd-2a58-436f-bbb3-a45aa34be4d8",
              "parentUUID": "0a71aa47-5ca1-4f7f-b99c-4ddb7f2054d6",
              "isHook": false,
              "skipped": false
            }
          ],
          "suites": [],
          "passes": [],
          "failures": [],
          "pending": [
            "78c38e8c-ce98-4ac7-9092-32b4791bed43",
            "1f25ab77-5f72-4ea1-889e-e0fcc005cf2b",
            "d1624e0b-a846-45d0-b8d8-67a1f3e2ff31",
            "87fd39fd-2a58-436f-bbb3-a45aa34be4d8"
          ],
          "skipped": [],
          "duration": 0,
          "root": false,
          "rootEmpty": false,
          "_timeout": 2000
        }
      ],
      "passes": [],
      "failures": [],
      "pending": [],
      "skipped": [],
      "duration": 0,
      "root": true,
      "rootEmpty": true,
      "_timeout": 2000
    },
    {
      "uuid": "ae0d0c9d-6c7b-427d-a8c9-2295a7f681bd",
      "title": "",
      "fullFile": "cypress\\e2e\\tobe.feature",
      "file": "cypress\\e2e\\tobe.feature",
      "beforeHooks": [],
      "afterHooks": [],
      "tests": [],
      "suites": [
        {
          "uuid": "918c0e53-4f56-4ba4-85be-997532d40f17",
          "title": "Dummy Authentication Tests",
          "fullFile": "",
          "file": "",
          "beforeHooks": [],
          "afterHooks": [],
          "tests": [
            {
              "title": "Rate limiting test",
              "fullTitle": "Dummy Authentication Tests Rate limiting test",
              "timedOut": null,
              "duration": 0,
              "state": "pending",
              "speed": null,
              "pass": false,
              "fail": false,
              "pending": true,
              "context": null,
              "code": "",
              "err": {},
              "uuid": "aac623e2-9e59-45c3-9565-930d6edddb47",
              "parentUUID": "918c0e53-4f56-4ba4-85be-997532d40f17",
              "isHook": false,
              "skipped": false
            },
            {
              "title": "Account lockout test",
              "fullTitle": "Dummy Authentication Tests Account lockout test",
              "timedOut": null,
              "duration": 0,
              "state": "pending",
              "speed": null,
              "pass": false,
              "fail": false,
              "pending": true,
              "context": null,
              "code": "",
              "err": {},
              "uuid": "c0962a5d-4a89-462d-af27-2208bbcb710e",
              "parentUUID": "918c0e53-4f56-4ba4-85be-997532d40f17",
              "isHook": false,
              "skipped": false
            },
            {
              "title": "MFA test",
              "fullTitle": "Dummy Authentication Tests MFA test",
              "timedOut": null,
              "duration": 0,
              "state": "pending",
              "speed": null,
              "pass": false,
              "fail": false,
              "pending": true,
              "context": null,
              "code": "",
              "err": {},
              "uuid": "66ab43af-98ac-4ed0-949b-c7189fb8e566",
              "parentUUID": "918c0e53-4f56-4ba4-85be-997532d40f17",
              "isHook": false,
              "skipped": false
            },
            {
              "title": "Login with API",
              "fullTitle": "Dummy Authentication Tests Login with API",
              "timedOut": null,
              "duration": 0,
              "state": "pending",
              "speed": null,
              "pass": false,
              "fail": false,
              "pending": true,
              "context": null,
              "code": "",
              "err": {},
              "uuid": "3402e586-b68d-4809-985d-cd31204b8b2d",
              "parentUUID": "918c0e53-4f56-4ba4-85be-997532d40f17",
              "isHook": false,
              "skipped": false
            }
          ],
          "suites": [],
          "passes": [],
          "failures": [],
          "pending": [
            "aac623e2-9e59-45c3-9565-930d6edddb47",
            "c0962a5d-4a89-462d-af27-2208bbcb710e",
            "66ab43af-98ac-4ed0-949b-c7189fb8e566",
            "3402e586-b68d-4809-985d-cd31204b8b2d"
          ],
          "skipped": [],
          "duration": 0,
          "root": false,
          "rootEmpty": false,
          "_timeout": 2000
        }
      ],
      "passes": [],
      "failures": [],
      "pending": [],
      "skipped": [],
      "duration": 0,
      "root": true,
      "rootEmpty": true,
      "_timeout": 2000
    },
    {
      "uuid": "494cc285-94b5-453d-8948-0213ff65f1fd",
      "title": "",
      "fullFile": "cypress\\e2e\\basic.feature",
      "file": "cypress\\e2e\\basic.feature",
      "beforeHooks": [],
      "afterHooks": [],
      "tests": [],
      "suites": [
        {
          "uuid": "fbe20e01-d858-4e2e-a996-812d058fe785",
          "title": "Basic User Authentication",
          "fullFile": "",
          "file": "",
          "beforeHooks": [],
          "afterHooks": [],
          "tests": [
            {
              "title": "Successful user registration and login",
              "fullTitle": "Basic User Authentication Successful user registration and login",
              "timedOut": null,
              "duration": 0,
              "state": "pending",
              "speed": null,
              "pass": false,
              "fail": false,
              "pending": true,
              "context": null,
              "code": "",
              "err": {},
              "uuid": "dfd1acb0-33d5-4099-a734-148925affafe",
              "parentUUID": "fbe20e01-d858-4e2e-a996-812d058fe785",
              "isHook": false,
              "skipped": false
            }
          ],
          "suites": [],
          "passes": [],
          "failures": [],
          "pending": [
            "dfd1acb0-33d5-4099-a734-148925affafe"
          ],
          "skipped": [],
          "duration": 0,
          "root": false,
          "rootEmpty": false,
          "_timeout": 2000
        }
      ],
      "passes": [],
      "failures": [],
      "pending": [],
      "skipped": [],
      "duration": 0,
      "root": true,
      "rootEmpty": true,
      "_timeout": 2000
    },
    {
      "uuid": "ecb5b2fa-0ae3-4fe9-816c-fbf7dd58215f",
      "title": "",
      "fullFile": "cypress\\e2e\\negative.feature",
      "file": "cypress\\e2e\\negative.feature",
      "beforeHooks": [],
      "afterHooks": [],
      "tests": [],
      "suites": [
        {
          "uuid": "86cf8f32-5ded-4770-890c-0d9287e1724d",
          "title": "Negative Authentication Tests",
          "fullFile": "",
          "file": "",
          "beforeHooks": [],
          "afterHooks": [],
          "tests": [
            {
              "title": "Login with empty username",
              "fullTitle": "Negative Authentication Tests Login with empty username",
              "timedOut": null,
              "duration": 0,
              "state": "pending",
              "speed": null,
              "pass": false,
              "fail": false,
              "pending": true,
              "context": null,
              "code": "",
              "err": {},
              "uuid": "cdf0e03d-0e7e-4509-96c5-80656106fd65",
              "parentUUID": "86cf8f32-5ded-4770-890c-0d9287e1724d",
              "isHook": false,
              "skipped": false
            },
            {
              "title": "Login with null password",
              "fullTitle": "Negative Authentication Tests Login with null password",
              "timedOut": null,
              "duration": 0,
              "state": "pending",
              "speed": null,
              "pass": false,
              "fail": false,
              "pending": true,
              "context": null,
              "code": "",
              "err": {},
              "uuid": "8cc5605a-9254-4284-8dda-612ddc3b6e80",
              "parentUUID": "86cf8f32-5ded-4770-890c-0d9287e1724d",
              "isHook": false,
              "skipped": false
            },
            {
              "title": "Login with special characters in username",
              "fullTitle": "Negative Authentication Tests Login with special characters in username",
              "timedOut": null,
              "duration": 0,
              "state": "pending",
              "speed": null,
              "pass": false,
              "fail": false,
              "pending": true,
              "context": null,
              "code": "",
              "err": {},
              "uuid": "d1cdc7a4-789c-4745-b092-07d6a504b902",
              "parentUUID": "86cf8f32-5ded-4770-890c-0d9287e1724d",
              "isHook": false,
              "skipped": false
            },
            {
              "title": "Login with international characters in username",
              "fullTitle": "Negative Authentication Tests Login with international characters in username",
              "timedOut": null,
              "duration": 0,
              "state": "pending",
              "speed": null,
              "pass": false,
              "fail": false,
              "pending": true,
              "context": null,
              "code": "",
              "err": {},
              "uuid": "67368fa7-ce71-47a3-9a03-adca246c8060",
              "parentUUID": "86cf8f32-5ded-4770-890c-0d9287e1724d",
              "isHook": false,
              "skipped": false
            },
            {
              "title": "Login with valid username and invalid password",
              "fullTitle": "Negative Authentication Tests Login with valid username and invalid password",
              "timedOut": null,
              "duration": 0,
              "state": "pending",
              "speed": null,
              "pass": false,
              "fail": false,
              "pending": true,
              "context": null,
              "code": "",
              "err": {},
              "uuid": "b5ebd0e0-752a-4f45-a52c-e293bbe6a5f8",
              "parentUUID": "86cf8f32-5ded-4770-890c-0d9287e1724d",
              "isHook": false,
              "skipped": false
            },
            {
              "title": "Login with invalid username and valid password",
              "fullTitle": "Negative Authentication Tests Login with invalid username and valid password",
              "timedOut": null,
              "duration": 0,
              "state": "pending",
              "speed": null,
              "pass": false,
              "fail": false,
              "pending": true,
              "context": null,
              "code": "",
              "err": {},
              "uuid": "6366df94-e540-4219-bd34-c6b2b1d97934",
              "parentUUID": "86cf8f32-5ded-4770-890c-0d9287e1724d",
              "isHook": false,
              "skipped": false
            },
            {
              "title": "Multi tab test after logout",
              "fullTitle": "Negative Authentication Tests Multi tab test after logout",
              "timedOut": null,
              "duration": 0,
              "state": "pending",
              "speed": null,
              "pass": false,
              "fail": false,
              "pending": true,
              "context": null,
              "code": "",
              "err": {},
              "uuid": "752e91d4-8c73-469b-8495-d9fa2dcc9ab1",
              "parentUUID": "86cf8f32-5ded-4770-890c-0d9287e1724d",
              "isHook": false,
              "skipped": false
            },
            {
              "title": "Back button after logout",
              "fullTitle": "Negative Authentication Tests Back button after logout",
              "timedOut": null,
              "duration": 0,
              "state": "pending",
              "speed": null,
              "pass": false,
              "fail": false,
              "pending": true,
              "context": null,
              "code": "",
              "err": {},
              "uuid": "5bd0416f-52b8-4db0-b379-f2c175e99500",
              "parentUUID": "86cf8f32-5ded-4770-890c-0d9287e1724d",
              "isHook": false,
              "skipped": false
            },
            {
              "title": "Boundary value analysis for password length",
              "fullTitle": "Negative Authentication Tests Boundary value analysis for password length",
              "timedOut": null,
              "duration": 0,
              "state": "pending",
              "speed": null,
              "pass": false,
              "fail": false,
              "pending": true,
              "context": null,
              "code": "",
              "err": {},
              "uuid": "60d1dddd-3887-43d5-9ede-bda7388d9ef8",
              "parentUUID": "86cf8f32-5ded-4770-890c-0d9287e1724d",
              "isHook": false,
              "skipped": false
            },
            {
              "title": "Equivalence partitioning for username",
              "fullTitle": "Negative Authentication Tests Equivalence partitioning for username",
              "timedOut": null,
              "duration": 0,
              "state": "pending",
              "speed": null,
              "pass": false,
              "fail": false,
              "pending": true,
              "context": null,
              "code": "",
              "err": {},
              "uuid": "639c8100-74c9-404e-b329-813f8d6952ee",
              "parentUUID": "86cf8f32-5ded-4770-890c-0d9287e1724d",
              "isHook": false,
              "skipped": false
            },
            {
              "title": "Login with case sensitive characters in username",
              "fullTitle": "Negative Authentication Tests Login with case sensitive characters in username",
              "timedOut": null,
              "duration": 0,
              "state": "pending",
              "speed": null,
              "pass": false,
              "fail": false,
              "pending": true,
              "context": null,
              "code": "",
              "err": {},
              "uuid": "471421a3-7318-4a7e-be99-d9ccb42fce19",
              "parentUUID": "86cf8f32-5ded-4770-890c-0d9287e1724d",
              "isHook": false,
              "skipped": false
            },
            {
              "title": "Login with leading or trailing spaces in username",
              "fullTitle": "Negative Authentication Tests Login with leading or trailing spaces in username",
              "timedOut": null,
              "duration": 0,
              "state": "pending",
              "speed": null,
              "pass": false,
              "fail": false,
              "pending": true,
              "context": null,
              "code": "",
              "err": {},
              "uuid": "7c253145-5b81-428e-96d2-e311f02e9e2f",
              "parentUUID": "86cf8f32-5ded-4770-890c-0d9287e1724d",
              "isHook": false,
              "skipped": false
            }
          ],
          "suites": [],
          "passes": [],
          "failures": [],
          "pending": [
            "cdf0e03d-0e7e-4509-96c5-80656106fd65",
            "8cc5605a-9254-4284-8dda-612ddc3b6e80",
            "d1cdc7a4-789c-4745-b092-07d6a504b902",
            "67368fa7-ce71-47a3-9a03-adca246c8060",
            "b5ebd0e0-752a-4f45-a52c-e293bbe6a5f8",
            "6366df94-e540-4219-bd34-c6b2b1d97934",
            "752e91d4-8c73-469b-8495-d9fa2dcc9ab1",
            "5bd0416f-52b8-4db0-b379-f2c175e99500",
            "60d1dddd-3887-43d5-9ede-bda7388d9ef8",
            "639c8100-74c9-404e-b329-813f8d6952ee",
            "471421a3-7318-4a7e-be99-d9ccb42fce19",
            "7c253145-5b81-428e-96d2-e311f02e9e2f"
          ],
          "skipped": [],
          "duration": 0,
          "root": false,
          "rootEmpty": false,
          "_timeout": 2000
        }
      ],
      "passes": [],
      "failures": [],
      "pending": [],
      "skipped": [],
      "duration": 0,
      "root": true,
      "rootEmpty": true,
      "_timeout": 2000
    },
    {
      "uuid": "31a416ff-e5e8-4e61-85a4-b244ddad9ce9",
      "title": "",
      "fullFile": "cypress\\e2e\\performance.feature",
      "file": "cypress\\e2e\\performance.feature",
      "beforeHooks": [],
      "afterHooks": [],
      "tests": [],
      "suites": [
        {
          "uuid": "50c7a557-e0be-4e2a-ba4a-71e9475b4d66",
          "title": "Performance Authentication Tests",
          "fullFile": "",
          "file": "",
          "beforeHooks": [],
          "afterHooks": [],
          "tests": [
            {
              "title": "Login - Response time",
              "fullTitle": "Performance Authentication Tests Login - Response time",
              "timedOut": null,
              "duration": 0,
              "state": "pending",
              "speed": null,
              "pass": false,
              "fail": false,
              "pending": true,
              "context": null,
              "code": "",
              "err": {},
              "uuid": "fc652f60-82ec-432f-9566-0672dfbd07ac",
              "parentUUID": "50c7a557-e0be-4e2a-ba4a-71e9475b4d66",
              "isHook": false,
              "skipped": false
            },
            {
              "title": "Rapid typing in login field",
              "fullTitle": "Performance Authentication Tests Rapid typing in login field",
              "timedOut": null,
              "duration": 0,
              "state": "pending",
              "speed": null,
              "pass": false,
              "fail": false,
              "pending": true,
              "context": null,
              "code": "",
              "err": {},
              "uuid": "831c4ffb-c8c2-4431-8bd9-1000d268bb5a",
              "parentUUID": "50c7a557-e0be-4e2a-ba4a-71e9475b4d66",
              "isHook": false,
              "skipped": false
            }
          ],
          "suites": [],
          "passes": [],
          "failures": [],
          "pending": [
            "fc652f60-82ec-432f-9566-0672dfbd07ac",
            "831c4ffb-c8c2-4431-8bd9-1000d268bb5a"
          ],
          "skipped": [],
          "duration": 0,
          "root": false,
          "rootEmpty": false,
          "_timeout": 2000
        }
      ],
      "passes": [],
      "failures": [],
      "pending": [],
      "skipped": [],
      "duration": 0,
      "root": true,
      "rootEmpty": true,
      "_timeout": 2000
    },
    {
      "uuid": "dcfa29c0-1bfc-4337-9d4b-071fd246c62a",
      "title": "",
      "fullFile": "cypress\\e2e\\security.feature",
      "file": "cypress\\e2e\\security.feature",
      "beforeHooks": [],
      "afterHooks": [],
      "tests": [],
      "suites": [
        {
          "uuid": "0a71aa47-5ca1-4f7f-b99c-4ddb7f2054d6",
          "title": "Security Authentication Tests",
          "fullFile": "",
          "file": "",
          "beforeHooks": [],
          "afterHooks": [],
          "tests": [
            {
              "title": "SQL injection in username",
              "fullTitle": "Security Authentication Tests SQL injection in username",
              "timedOut": null,
              "duration": 0,
              "state": "pending",
              "speed": null,
              "pass": false,
              "fail": false,
              "pending": true,
              "context": null,
              "code": "",
              "err": {},
              "uuid": "78c38e8c-ce98-4ac7-9092-32b4791bed43",
              "parentUUID": "0a71aa47-5ca1-4f7f-b99c-4ddb7f2054d6",
              "isHook": false,
              "skipped": false
            },
            {
              "title": "XSS in password",
              "fullTitle": "Security Authentication Tests XSS in password",
              "timedOut": null,
              "duration": 0,
              "state": "pending",
              "speed": null,
              "pass": false,
              "fail": false,
              "pending": true,
              "context": null,
              "code": "",
              "err": {},
              "uuid": "1f25ab77-5f72-4ea1-889e-e0fcc005cf2b",
              "parentUUID": "0a71aa47-5ca1-4f7f-b99c-4ddb7f2054d6",
              "isHook": false,
              "skipped": false
            },
            {
              "title": "Verify login status after cache deletion",
              "fullTitle": "Security Authentication Tests Verify login status after cache deletion",
              "timedOut": null,
              "duration": 0,
              "state": "pending",
              "speed": null,
              "pass": false,
              "fail": false,
              "pending": true,
              "context": null,
              "code": "",
              "err": {},
              "uuid": "d1624e0b-a846-45d0-b8d8-67a1f3e2ff31",
              "parentUUID": "0a71aa47-5ca1-4f7f-b99c-4ddb7f2054d6",
              "isHook": false,
              "skipped": false
            },
            {
              "title": "CSRF protection test",
              "fullTitle": "Security Authentication Tests CSRF protection test",
              "timedOut": null,
              "duration": 0,
              "state": "pending",
              "speed": null,
              "pass": false,
              "fail": false,
              "pending": true,
              "context": null,
              "code": "",
              "err": {},
              "uuid": "87fd39fd-2a58-436f-bbb3-a45aa34be4d8",
              "parentUUID": "0a71aa47-5ca1-4f7f-b99c-4ddb7f2054d6",
              "isHook": false,
              "skipped": false
            }
          ],
          "suites": [],
          "passes": [],
          "failures": [],
          "pending": [
            "78c38e8c-ce98-4ac7-9092-32b4791bed43",
            "1f25ab77-5f72-4ea1-889e-e0fcc005cf2b",
            "d1624e0b-a846-45d0-b8d8-67a1f3e2ff31",
            "87fd39fd-2a58-436f-bbb3-a45aa34be4d8"
          ],
          "skipped": [],
          "duration": 0,
          "root": false,
          "rootEmpty": false,
          "_timeout": 2000
        }
      ],
      "passes": [],
      "failures": [],
      "pending": [],
      "skipped": [],
      "duration": 0,
      "root": true,
      "rootEmpty": true,
      "_timeout": 2000
    },
    {
      "uuid": "ae0d0c9d-6c7b-427d-a8c9-2295a7f681bd",
      "title": "",
      "fullFile": "cypress\\e2e\\tobe.feature",
      "file": "cypress\\e2e\\tobe.feature",
      "beforeHooks": [],
      "afterHooks": [],
      "tests": [],
      "suites": [
        {
          "uuid": "918c0e53-4f56-4ba4-85be-997532d40f17",
          "title": "Dummy Authentication Tests",
          "fullFile": "",
          "file": "",
          "beforeHooks": [],
          "afterHooks": [],
          "tests": [
            {
              "title": "Rate limiting test",
              "fullTitle": "Dummy Authentication Tests Rate limiting test",
              "timedOut": null,
              "duration": 0,
              "state": "pending",
              "speed": null,
              "pass": false,
              "fail": false,
              "pending": true,
              "context": null,
              "code": "",
              "err": {},
              "uuid": "aac623e2-9e59-45c3-9565-930d6edddb47",
              "parentUUID": "918c0e53-4f56-4ba4-85be-997532d40f17",
              "isHook": false,
              "skipped": false
            },
            {
              "title": "Account lockout test",
              "fullTitle": "Dummy Authentication Tests Account lockout test",
              "timedOut": null,
              "duration": 0,
              "state": "pending",
              "speed": null,
              "pass": false,
              "fail": false,
              "pending": true,
              "context": null,
              "code": "",
              "err": {},
              "uuid": "c0962a5d-4a89-462d-af27-2208bbcb710e",
              "parentUUID": "918c0e53-4f56-4ba4-85be-997532d40f17",
              "isHook": false,
              "skipped": false
            },
            {
              "title": "MFA test",
              "fullTitle": "Dummy Authentication Tests MFA test",
              "timedOut": null,
              "duration": 0,
              "state": "pending",
              "speed": null,
              "pass": false,
              "fail": false,
              "pending": true,
              "context": null,
              "code": "",
              "err": {},
              "uuid": "66ab43af-98ac-4ed0-949b-c7189fb8e566",
              "parentUUID": "918c0e53-4f56-4ba4-85be-997532d40f17",
              "isHook": false,
              "skipped": false
            },
            {
              "title": "Login with API",
              "fullTitle": "Dummy Authentication Tests Login with API",
              "timedOut": null,
              "duration": 0,
              "state": "pending",
              "speed": null,
              "pass": false,
              "fail": false,
              "pending": true,
              "context": null,
              "code": "",
              "err": {},
              "uuid": "3402e586-b68d-4809-985d-cd31204b8b2d",
              "parentUUID": "918c0e53-4f56-4ba4-85be-997532d40f17",
              "isHook": false,
              "skipped": false
            }
          ],
          "suites": [],
          "passes": [],
          "failures": [],
          "pending": [
            "aac623e2-9e59-45c3-9565-930d6edddb47",
            "c0962a5d-4a89-462d-af27-2208bbcb710e",
            "66ab43af-98ac-4ed0-949b-c7189fb8e566",
            "3402e586-b68d-4809-985d-cd31204b8b2d"
          ],
          "skipped": [],
          "duration": 0,
          "root": false,
          "rootEmpty": false,
          "_timeout": 2000
        }
      ],
      "passes": [],
      "failures": [],
      "pending": [],
      "skipped": [],
      "duration": 0,
      "root": true,
      "rootEmpty": true,
      "_timeout": 2000
    },
    {
      "uuid": "5da43eb0-c97e-4d07-aec5-5ea09fc14250",
      "title": "",
      "fullFile": "cypress\\e2e\\accessibility.feature",
      "file": "cypress\\e2e\\accessibility.feature",
      "beforeHooks": [],
      "afterHooks": [],
      "tests": [],
      "suites": [
        {
          "uuid": "caf330c8-241a-489f-bbef-33c9c9ecd15e",
          "title": "Accessibility Authentication Tests",
          "fullFile": "",
          "file": "",
          "beforeHooks": [],
          "afterHooks": [],
          "tests": [
            {
              "title": "Keyboard navigation for login",
              "fullTitle": "Accessibility Authentication Tests Keyboard navigation for login",
              "timedOut": null,
              "duration": 2382,
              "state": "passed",
              "speed": "fast",
              "pass": true,
              "fail": false,
              "pending": false,
              "context": null,
              "code": "var _a2, _b2, _c2, _d, _e;\n(0, assertions_1.assert)(context.includedPickles[0].id === pickle.id, \"Included pickle stack is unsynchronized\");\nconst { remainingSteps, testCaseStartedId } = retrieveInternalSpecProperties();\ntaskTestCaseStarted(context, {\n  id: testCaseStartedId,\n  testCaseId,\n  attempt: attempt++,\n  timestamp: (0, messages_1.createTimestamp)()\n});\nwindow.testState = {\n  gherkinDocument,\n  pickles,\n  pickle\n};\nconst onAfterStep = (options) => {\n  var _a3, _b3, _c3;\n  const { testStepId, start, result } = options;\n  const end = (0, messages_1.createTimestamp)();\n  if (result === \"pending\" || result === \"skipped\") {\n    if (result === \"pending\") {\n      taskTestStepFinished(context, {\n        testStepId,\n        testCaseStartedId,\n        testStepResult: {\n          status: messages_enums_1.TestStepResultStatus.PENDING,\n          duration: (0, messages_1.duration)(start, end)\n        },\n        timestamp: end\n      });\n    } else {\n      taskTestStepFinished(context, {\n        testStepId,\n        testCaseStartedId,\n        testStepResult: {\n          status: messages_enums_1.TestStepResultStatus.SKIPPED,\n          duration: (0, messages_1.duration)(start, end)\n        },\n        timestamp: end\n      });\n    }\n    remainingSteps.shift();\n    for (const skippedStep of remainingSteps) {\n      const hookIdOrPickleStepId = (0, assertions_1.assertAndReturn)((_b3 = (_a3 = skippedStep.hook) === null || _a3 === void 0 ? void 0 : _a3.id) !== null && _b3 !== void 0 ? _b3 : (_c3 = skippedStep.pickleStep) === null || _c3 === void 0 ? void 0 : _c3.id, \"Expected a step to either be a hook or a pickleStep\");\n      const testStepId2 = getTestStepId({\n        context,\n        pickleId: pickle.id,\n        hookIdOrPickleStepId\n      });\n      taskTestStepStarted(context, {\n        testStepId: testStepId2,\n        testCaseStartedId,\n        timestamp: (0, messages_1.createTimestamp)()\n      });\n      taskTestStepFinished(context, {\n        testStepId: testStepId2,\n        testCaseStartedId,\n        testStepResult: {\n          status: messages_enums_1.TestStepResultStatus.SKIPPED,\n          duration: {\n            seconds: 0,\n            nanos: 0\n          }\n        },\n        timestamp: (0, messages_1.createTimestamp)()\n      });\n    }\n    for (let i = 0, count = remainingSteps.length; i < count; i++) {\n      remainingSteps.pop();\n    }\n    cy.then(() => this.skip());\n  } else {\n    taskTestStepFinished(context, {\n      testStepId,\n      testCaseStartedId,\n      testStepResult: {\n        status: messages_enums_1.TestStepResultStatus.PASSED,\n        duration: (0, messages_1.duration)(start, end)\n      },\n      timestamp: end\n    });\n    remainingSteps.shift();\n  }\n};\nfor (const step of steps) {\n  if (step.hook) {\n    const hook = step.hook;\n    const testStepId = getTestStepId({\n      context,\n      pickleId: pickle.id,\n      hookIdOrPickleStepId: hook.id\n    });\n    cy.then(() => {\n      delete window.testState.pickleStep;\n      const start = (0, messages_1.createTimestamp)();\n      internalProperties.currentStepStartedAt = start;\n      taskTestStepStarted(context, {\n        testStepId,\n        testCaseStartedId,\n        timestamp: start\n      });\n      return cy.wrap(start, { log: false });\n    }).then((start) => {\n      const options = {\n        pickle,\n        gherkinDocument,\n        testCaseStartedId\n      };\n      return (0, cypress_1.runStepWithLogGroup)({\n        fn: dryRun ? noopFn : () => registry2.runCaseHook(this, hook, options),\n        keyword: hook.keyword,\n        text: createStepDescription(hook)\n      }).then((result) => {\n        return { start, result };\n      });\n    }).then(({ start, result }) => onAfterStep({ start, result, testStepId }));\n  } else if (step.pickleStep) {\n    const pickleStep = step.pickleStep;\n    const testStepId = getTestStepId({\n      context,\n      pickleId: pickle.id,\n      hookIdOrPickleStepId: pickleStep.id\n    });\n    const text = (0, assertions_1.assertAndReturn)(pickleStep.text, \"Expected pickle step to have a text\");\n    const scenarioStep = (0, assertions_1.assertAndReturn)(context.astIdsMap.get((0, assertions_1.assertAndReturn)((_a2 = pickleStep.astNodeIds) === null || _a2 === void 0 ? void 0 : _a2[0], \"Expected to find at least one astNodeId\")), `Expected to find scenario step associated with id = ${(_b2 = pickleStep.astNodeIds) === null || _b2 === void 0 ? void 0 : _b2[0]}`);\n    const argument = ((_c2 = pickleStep.argument) === null || _c2 === void 0 ? void 0 : _c2.dataTable) ? new data_table_1.default(pickleStep.argument.dataTable) : ((_e = (_d = pickleStep.argument) === null || _d === void 0 ? void 0 : _d.docString) === null || _e === void 0 ? void 0 : _e.content) ? pickleStep.argument.docString.content : void 0;\n    cy.then(() => {\n      window.testState.pickleStep = step.pickleStep;\n      const start = (0, messages_1.createTimestamp)();\n      internalProperties.currentStep = { pickleStep };\n      internalProperties.currentStepStartedAt = start;\n      taskTestStepStarted(context, {\n        testStepId,\n        testCaseStartedId,\n        timestamp: start\n      });\n      return cy.wrap(start, { log: false });\n    }).then((start) => {\n      const beforeStepHooks = registry2.resolveBeforeStepHooks(tags);\n      const afterStepHooks = registry2.resolveAfterStepHooks(tags);\n      const options = {\n        pickle,\n        pickleStep,\n        gherkinDocument,\n        testCaseStartedId,\n        testStepId\n      };\n      const beforeHooksChain = beforeStepHooks.reduce((chain, beforeStepHook) => {\n        return chain.then(() => (0, cypress_1.runStepWithLogGroup)({\n          keyword: \"BeforeStep\",\n          text: createStepDescription(beforeStepHook),\n          fn: dryRun ? noopFn : () => registry2.runStepHook(this, beforeStepHook, options)\n        }));\n      }, cy.wrap({}, { log: false }));\n      return beforeHooksChain.then(() => {\n        try {\n          return (0, cypress_1.runStepWithLogGroup)({\n            keyword: (0, assertions_1.assertAndReturn)(\"keyword\" in scenarioStep && scenarioStep.keyword, \"Expected to find a keyword in the scenario step\"),\n            argument,\n            text,\n            fn: () => registry2.runStepDefinition(this, text, dryRun, argument)\n          }).then((result) => {\n            return afterStepHooks.reduce((chain, afterStepHook) => {\n              return chain.then(() => (0, cypress_1.runStepWithLogGroup)({\n                keyword: \"AfterStep\",\n                text: createStepDescription(afterStepHook),\n                fn: dryRun ? noopFn : () => registry2.runStepHook(this, afterStepHook, options)\n              }));\n            }, cy.wrap({}, { log: false })).then(() => {\n              return { start, result };\n            });\n          });\n        } catch (e) {\n          if (e instanceof registry_1.MissingDefinitionError) {\n            throw new Error(createMissingStepDefinitionMessage(context, pickleStep, context.registry.parameterTypeRegistry));\n          } else {\n            throw e;\n          }\n        }\n      });\n    }).then(({ start, result }) => onAfterStep({ start, result, testStepId }));\n  }\n}",
              "err": {},
              "uuid": "ae246e6d-d950-48cc-874f-492db9ed9b02",
              "parentUUID": "caf330c8-241a-489f-bbef-33c9c9ecd15e",
              "isHook": false,
              "skipped": false
            }
          ],
          "suites": [],
          "passes": [
            "ae246e6d-d950-48cc-874f-492db9ed9b02"
          ],
          "failures": [],
          "pending": [],
          "skipped": [],
          "duration": 2382,
          "root": false,
          "rootEmpty": false,
          "_timeout": 2000
        }
      ],
      "passes": [],
      "failures": [],
      "pending": [],
      "skipped": [],
      "duration": 0,
      "root": true,
      "rootEmpty": true,
      "_timeout": 2000
    },
    {
      "uuid": "303edff9-f876-4eea-be11-47274dc9b831",
      "title": "",
      "fullFile": "cypress\\e2e\\basic.feature",
      "file": "cypress\\e2e\\basic.feature",
      "beforeHooks": [],
      "afterHooks": [],
      "tests": [],
      "suites": [
        {
          "uuid": "98f0e19b-7e7d-4d73-ba62-63b3707ed2e4",
          "title": "Basic User Authentication",
          "fullFile": "",
          "file": "",
          "beforeHooks": [],
          "afterHooks": [],
          "tests": [
            {
              "title": "Successful user registration and login",
              "fullTitle": "Basic User Authentication Successful user registration and login",
              "timedOut": null,
              "duration": 4892,
              "state": "passed",
              "speed": "fast",
              "pass": true,
              "fail": false,
              "pending": false,
              "context": null,
              "code": "var _a2, _b2, _c2, _d, _e;\n(0, assertions_1.assert)(context.includedPickles[0].id === pickle.id, \"Included pickle stack is unsynchronized\");\nconst { remainingSteps, testCaseStartedId } = retrieveInternalSpecProperties();\ntaskTestCaseStarted(context, {\n  id: testCaseStartedId,\n  testCaseId,\n  attempt: attempt++,\n  timestamp: (0, messages_1.createTimestamp)()\n});\nwindow.testState = {\n  gherkinDocument,\n  pickles,\n  pickle\n};\nconst onAfterStep = (options) => {\n  var _a3, _b3, _c3;\n  const { testStepId, start, result } = options;\n  const end = (0, messages_1.createTimestamp)();\n  if (result === \"pending\" || result === \"skipped\") {\n    if (result === \"pending\") {\n      taskTestStepFinished(context, {\n        testStepId,\n        testCaseStartedId,\n        testStepResult: {\n          status: messages_enums_1.TestStepResultStatus.PENDING,\n          duration: (0, messages_1.duration)(start, end)\n        },\n        timestamp: end\n      });\n    } else {\n      taskTestStepFinished(context, {\n        testStepId,\n        testCaseStartedId,\n        testStepResult: {\n          status: messages_enums_1.TestStepResultStatus.SKIPPED,\n          duration: (0, messages_1.duration)(start, end)\n        },\n        timestamp: end\n      });\n    }\n    remainingSteps.shift();\n    for (const skippedStep of remainingSteps) {\n      const hookIdOrPickleStepId = (0, assertions_1.assertAndReturn)((_b3 = (_a3 = skippedStep.hook) === null || _a3 === void 0 ? void 0 : _a3.id) !== null && _b3 !== void 0 ? _b3 : (_c3 = skippedStep.pickleStep) === null || _c3 === void 0 ? void 0 : _c3.id, \"Expected a step to either be a hook or a pickleStep\");\n      const testStepId2 = getTestStepId({\n        context,\n        pickleId: pickle.id,\n        hookIdOrPickleStepId\n      });\n      taskTestStepStarted(context, {\n        testStepId: testStepId2,\n        testCaseStartedId,\n        timestamp: (0, messages_1.createTimestamp)()\n      });\n      taskTestStepFinished(context, {\n        testStepId: testStepId2,\n        testCaseStartedId,\n        testStepResult: {\n          status: messages_enums_1.TestStepResultStatus.SKIPPED,\n          duration: {\n            seconds: 0,\n            nanos: 0\n          }\n        },\n        timestamp: (0, messages_1.createTimestamp)()\n      });\n    }\n    for (let i = 0, count = remainingSteps.length; i < count; i++) {\n      remainingSteps.pop();\n    }\n    cy.then(() => this.skip());\n  } else {\n    taskTestStepFinished(context, {\n      testStepId,\n      testCaseStartedId,\n      testStepResult: {\n        status: messages_enums_1.TestStepResultStatus.PASSED,\n        duration: (0, messages_1.duration)(start, end)\n      },\n      timestamp: end\n    });\n    remainingSteps.shift();\n  }\n};\nfor (const step of steps) {\n  if (step.hook) {\n    const hook = step.hook;\n    const testStepId = getTestStepId({\n      context,\n      pickleId: pickle.id,\n      hookIdOrPickleStepId: hook.id\n    });\n    cy.then(() => {\n      delete window.testState.pickleStep;\n      const start = (0, messages_1.createTimestamp)();\n      internalProperties.currentStepStartedAt = start;\n      taskTestStepStarted(context, {\n        testStepId,\n        testCaseStartedId,\n        timestamp: start\n      });\n      return cy.wrap(start, { log: false });\n    }).then((start) => {\n      const options = {\n        pickle,\n        gherkinDocument,\n        testCaseStartedId\n      };\n      return (0, cypress_1.runStepWithLogGroup)({\n        fn: dryRun ? noopFn : () => registry2.runCaseHook(this, hook, options),\n        keyword: hook.keyword,\n        text: createStepDescription(hook)\n      }).then((result) => {\n        return { start, result };\n      });\n    }).then(({ start, result }) => onAfterStep({ start, result, testStepId }));\n  } else if (step.pickleStep) {\n    const pickleStep = step.pickleStep;\n    const testStepId = getTestStepId({\n      context,\n      pickleId: pickle.id,\n      hookIdOrPickleStepId: pickleStep.id\n    });\n    const text = (0, assertions_1.assertAndReturn)(pickleStep.text, \"Expected pickle step to have a text\");\n    const scenarioStep = (0, assertions_1.assertAndReturn)(context.astIdsMap.get((0, assertions_1.assertAndReturn)((_a2 = pickleStep.astNodeIds) === null || _a2 === void 0 ? void 0 : _a2[0], \"Expected to find at least one astNodeId\")), `Expected to find scenario step associated with id = ${(_b2 = pickleStep.astNodeIds) === null || _b2 === void 0 ? void 0 : _b2[0]}`);\n    const argument = ((_c2 = pickleStep.argument) === null || _c2 === void 0 ? void 0 : _c2.dataTable) ? new data_table_1.default(pickleStep.argument.dataTable) : ((_e = (_d = pickleStep.argument) === null || _d === void 0 ? void 0 : _d.docString) === null || _e === void 0 ? void 0 : _e.content) ? pickleStep.argument.docString.content : void 0;\n    cy.then(() => {\n      window.testState.pickleStep = step.pickleStep;\n      const start = (0, messages_1.createTimestamp)();\n      internalProperties.currentStep = { pickleStep };\n      internalProperties.currentStepStartedAt = start;\n      taskTestStepStarted(context, {\n        testStepId,\n        testCaseStartedId,\n        timestamp: start\n      });\n      return cy.wrap(start, { log: false });\n    }).then((start) => {\n      const beforeStepHooks = registry2.resolveBeforeStepHooks(tags);\n      const afterStepHooks = registry2.resolveAfterStepHooks(tags);\n      const options = {\n        pickle,\n        pickleStep,\n        gherkinDocument,\n        testCaseStartedId,\n        testStepId\n      };\n      const beforeHooksChain = beforeStepHooks.reduce((chain, beforeStepHook) => {\n        return chain.then(() => (0, cypress_1.runStepWithLogGroup)({\n          keyword: \"BeforeStep\",\n          text: createStepDescription(beforeStepHook),\n          fn: dryRun ? noopFn : () => registry2.runStepHook(this, beforeStepHook, options)\n        }));\n      }, cy.wrap({}, { log: false }));\n      return beforeHooksChain.then(() => {\n        try {\n          return (0, cypress_1.runStepWithLogGroup)({\n            keyword: (0, assertions_1.assertAndReturn)(\"keyword\" in scenarioStep && scenarioStep.keyword, \"Expected to find a keyword in the scenario step\"),\n            argument,\n            text,\n            fn: () => registry2.runStepDefinition(this, text, dryRun, argument)\n          }).then((result) => {\n            return afterStepHooks.reduce((chain, afterStepHook) => {\n              return chain.then(() => (0, cypress_1.runStepWithLogGroup)({\n                keyword: \"AfterStep\",\n                text: createStepDescription(afterStepHook),\n                fn: dryRun ? noopFn : () => registry2.runStepHook(this, afterStepHook, options)\n              }));\n            }, cy.wrap({}, { log: false })).then(() => {\n              return { start, result };\n            });\n          });\n        } catch (e) {\n          if (e instanceof registry_1.MissingDefinitionError) {\n            throw new Error(createMissingStepDefinitionMessage(context, pickleStep, context.registry.parameterTypeRegistry));\n          } else {\n            throw e;\n          }\n        }\n      });\n    }).then(({ start, result }) => onAfterStep({ start, result, testStepId }));\n  }\n}",
              "err": {},
              "uuid": "202fe338-5644-4070-bacf-0e059d3d37a0",
              "parentUUID": "98f0e19b-7e7d-4d73-ba62-63b3707ed2e4",
              "isHook": false,
              "skipped": false
            }
          ],
          "suites": [],
          "passes": [
            "202fe338-5644-4070-bacf-0e059d3d37a0"
          ],
          "failures": [],
          "pending": [],
          "skipped": [],
          "duration": 4892,
          "root": false,
          "rootEmpty": false,
          "_timeout": 2000
        }
      ],
      "passes": [],
      "failures": [],
      "pending": [],
      "skipped": [],
      "duration": 0,
      "root": true,
      "rootEmpty": true,
      "_timeout": 2000
    },
    {
      "uuid": "7a69bc01-388e-40a8-a3cd-3495ed9b226d",
      "title": "",
      "fullFile": "cypress\\e2e\\negative.feature",
      "file": "cypress\\e2e\\negative.feature",
      "beforeHooks": [],
      "afterHooks": [],
      "tests": [],
      "suites": [
        {
          "uuid": "4ae94c99-affa-4250-9249-4943806b3a18",
          "title": "Negative Authentication Tests",
          "fullFile": "",
          "file": "",
          "beforeHooks": [],
          "afterHooks": [],
          "tests": [
            {
              "title": "Login with empty username",
              "fullTitle": "Negative Authentication Tests Login with empty username",
              "timedOut": null,
              "duration": 2400,
              "state": "passed",
              "speed": "fast",
              "pass": true,
              "fail": false,
              "pending": false,
              "context": null,
              "code": "var _a2, _b2, _c2, _d, _e;\n(0, assertions_1.assert)(context.includedPickles[0].id === pickle.id, \"Included pickle stack is unsynchronized\");\nconst { remainingSteps, testCaseStartedId } = retrieveInternalSpecProperties();\ntaskTestCaseStarted(context, {\n  id: testCaseStartedId,\n  testCaseId,\n  attempt: attempt++,\n  timestamp: (0, messages_1.createTimestamp)()\n});\nwindow.testState = {\n  gherkinDocument,\n  pickles,\n  pickle\n};\nconst onAfterStep = (options) => {\n  var _a3, _b3, _c3;\n  const { testStepId, start, result } = options;\n  const end = (0, messages_1.createTimestamp)();\n  if (result === \"pending\" || result === \"skipped\") {\n    if (result === \"pending\") {\n      taskTestStepFinished(context, {\n        testStepId,\n        testCaseStartedId,\n        testStepResult: {\n          status: messages_enums_1.TestStepResultStatus.PENDING,\n          duration: (0, messages_1.duration)(start, end)\n        },\n        timestamp: end\n      });\n    } else {\n      taskTestStepFinished(context, {\n        testStepId,\n        testCaseStartedId,\n        testStepResult: {\n          status: messages_enums_1.TestStepResultStatus.SKIPPED,\n          duration: (0, messages_1.duration)(start, end)\n        },\n        timestamp: end\n      });\n    }\n    remainingSteps.shift();\n    for (const skippedStep of remainingSteps) {\n      const hookIdOrPickleStepId = (0, assertions_1.assertAndReturn)((_b3 = (_a3 = skippedStep.hook) === null || _a3 === void 0 ? void 0 : _a3.id) !== null && _b3 !== void 0 ? _b3 : (_c3 = skippedStep.pickleStep) === null || _c3 === void 0 ? void 0 : _c3.id, \"Expected a step to either be a hook or a pickleStep\");\n      const testStepId2 = getTestStepId({\n        context,\n        pickleId: pickle.id,\n        hookIdOrPickleStepId\n      });\n      taskTestStepStarted(context, {\n        testStepId: testStepId2,\n        testCaseStartedId,\n        timestamp: (0, messages_1.createTimestamp)()\n      });\n      taskTestStepFinished(context, {\n        testStepId: testStepId2,\n        testCaseStartedId,\n        testStepResult: {\n          status: messages_enums_1.TestStepResultStatus.SKIPPED,\n          duration: {\n            seconds: 0,\n            nanos: 0\n          }\n        },\n        timestamp: (0, messages_1.createTimestamp)()\n      });\n    }\n    for (let i = 0, count = remainingSteps.length; i < count; i++) {\n      remainingSteps.pop();\n    }\n    cy.then(() => this.skip());\n  } else {\n    taskTestStepFinished(context, {\n      testStepId,\n      testCaseStartedId,\n      testStepResult: {\n        status: messages_enums_1.TestStepResultStatus.PASSED,\n        duration: (0, messages_1.duration)(start, end)\n      },\n      timestamp: end\n    });\n    remainingSteps.shift();\n  }\n};\nfor (const step of steps) {\n  if (step.hook) {\n    const hook = step.hook;\n    const testStepId = getTestStepId({\n      context,\n      pickleId: pickle.id,\n      hookIdOrPickleStepId: hook.id\n    });\n    cy.then(() => {\n      delete window.testState.pickleStep;\n      const start = (0, messages_1.createTimestamp)();\n      internalProperties.currentStepStartedAt = start;\n      taskTestStepStarted(context, {\n        testStepId,\n        testCaseStartedId,\n        timestamp: start\n      });\n      return cy.wrap(start, { log: false });\n    }).then((start) => {\n      const options = {\n        pickle,\n        gherkinDocument,\n        testCaseStartedId\n      };\n      return (0, cypress_1.runStepWithLogGroup)({\n        fn: dryRun ? noopFn : () => registry2.runCaseHook(this, hook, options),\n        keyword: hook.keyword,\n        text: createStepDescription(hook)\n      }).then((result) => {\n        return { start, result };\n      });\n    }).then(({ start, result }) => onAfterStep({ start, result, testStepId }));\n  } else if (step.pickleStep) {\n    const pickleStep = step.pickleStep;\n    const testStepId = getTestStepId({\n      context,\n      pickleId: pickle.id,\n      hookIdOrPickleStepId: pickleStep.id\n    });\n    const text = (0, assertions_1.assertAndReturn)(pickleStep.text, \"Expected pickle step to have a text\");\n    const scenarioStep = (0, assertions_1.assertAndReturn)(context.astIdsMap.get((0, assertions_1.assertAndReturn)((_a2 = pickleStep.astNodeIds) === null || _a2 === void 0 ? void 0 : _a2[0], \"Expected to find at least one astNodeId\")), `Expected to find scenario step associated with id = ${(_b2 = pickleStep.astNodeIds) === null || _b2 === void 0 ? void 0 : _b2[0]}`);\n    const argument = ((_c2 = pickleStep.argument) === null || _c2 === void 0 ? void 0 : _c2.dataTable) ? new data_table_1.default(pickleStep.argument.dataTable) : ((_e = (_d = pickleStep.argument) === null || _d === void 0 ? void 0 : _d.docString) === null || _e === void 0 ? void 0 : _e.content) ? pickleStep.argument.docString.content : void 0;\n    cy.then(() => {\n      window.testState.pickleStep = step.pickleStep;\n      const start = (0, messages_1.createTimestamp)();\n      internalProperties.currentStep = { pickleStep };\n      internalProperties.currentStepStartedAt = start;\n      taskTestStepStarted(context, {\n        testStepId,\n        testCaseStartedId,\n        timestamp: start\n      });\n      return cy.wrap(start, { log: false });\n    }).then((start) => {\n      const beforeStepHooks = registry2.resolveBeforeStepHooks(tags);\n      const afterStepHooks = registry2.resolveAfterStepHooks(tags);\n      const options = {\n        pickle,\n        pickleStep,\n        gherkinDocument,\n        testCaseStartedId,\n        testStepId\n      };\n      const beforeHooksChain = beforeStepHooks.reduce((chain, beforeStepHook) => {\n        return chain.then(() => (0, cypress_1.runStepWithLogGroup)({\n          keyword: \"BeforeStep\",\n          text: createStepDescription(beforeStepHook),\n          fn: dryRun ? noopFn : () => registry2.runStepHook(this, beforeStepHook, options)\n        }));\n      }, cy.wrap({}, { log: false }));\n      return beforeHooksChain.then(() => {\n        try {\n          return (0, cypress_1.runStepWithLogGroup)({\n            keyword: (0, assertions_1.assertAndReturn)(\"keyword\" in scenarioStep && scenarioStep.keyword, \"Expected to find a keyword in the scenario step\"),\n            argument,\n            text,\n            fn: () => registry2.runStepDefinition(this, text, dryRun, argument)\n          }).then((result) => {\n            return afterStepHooks.reduce((chain, afterStepHook) => {\n              return chain.then(() => (0, cypress_1.runStepWithLogGroup)({\n                keyword: \"AfterStep\",\n                text: createStepDescription(afterStepHook),\n                fn: dryRun ? noopFn : () => registry2.runStepHook(this, afterStepHook, options)\n              }));\n            }, cy.wrap({}, { log: false })).then(() => {\n              return { start, result };\n            });\n          });\n        } catch (e) {\n          if (e instanceof registry_1.MissingDefinitionError) {\n            throw new Error(createMissingStepDefinitionMessage(context, pickleStep, context.registry.parameterTypeRegistry));\n          } else {\n            throw e;\n          }\n        }\n      });\n    }).then(({ start, result }) => onAfterStep({ start, result, testStepId }));\n  }\n}",
              "err": {},
              "uuid": "2873dde0-f0be-44cb-8916-f449116ff33a",
              "parentUUID": "4ae94c99-affa-4250-9249-4943806b3a18",
              "isHook": false,
              "skipped": false
            },
            {
              "title": "Login with null password",
              "fullTitle": "Negative Authentication Tests Login with null password",
              "timedOut": null,
              "duration": 1291,
              "state": "passed",
              "speed": "fast",
              "pass": true,
              "fail": false,
              "pending": false,
              "context": null,
              "code": "var _a2, _b2, _c2, _d, _e;\n(0, assertions_1.assert)(context.includedPickles[0].id === pickle.id, \"Included pickle stack is unsynchronized\");\nconst { remainingSteps, testCaseStartedId } = retrieveInternalSpecProperties();\ntaskTestCaseStarted(context, {\n  id: testCaseStartedId,\n  testCaseId,\n  attempt: attempt++,\n  timestamp: (0, messages_1.createTimestamp)()\n});\nwindow.testState = {\n  gherkinDocument,\n  pickles,\n  pickle\n};\nconst onAfterStep = (options) => {\n  var _a3, _b3, _c3;\n  const { testStepId, start, result } = options;\n  const end = (0, messages_1.createTimestamp)();\n  if (result === \"pending\" || result === \"skipped\") {\n    if (result === \"pending\") {\n      taskTestStepFinished(context, {\n        testStepId,\n        testCaseStartedId,\n        testStepResult: {\n          status: messages_enums_1.TestStepResultStatus.PENDING,\n          duration: (0, messages_1.duration)(start, end)\n        },\n        timestamp: end\n      });\n    } else {\n      taskTestStepFinished(context, {\n        testStepId,\n        testCaseStartedId,\n        testStepResult: {\n          status: messages_enums_1.TestStepResultStatus.SKIPPED,\n          duration: (0, messages_1.duration)(start, end)\n        },\n        timestamp: end\n      });\n    }\n    remainingSteps.shift();\n    for (const skippedStep of remainingSteps) {\n      const hookIdOrPickleStepId = (0, assertions_1.assertAndReturn)((_b3 = (_a3 = skippedStep.hook) === null || _a3 === void 0 ? void 0 : _a3.id) !== null && _b3 !== void 0 ? _b3 : (_c3 = skippedStep.pickleStep) === null || _c3 === void 0 ? void 0 : _c3.id, \"Expected a step to either be a hook or a pickleStep\");\n      const testStepId2 = getTestStepId({\n        context,\n        pickleId: pickle.id,\n        hookIdOrPickleStepId\n      });\n      taskTestStepStarted(context, {\n        testStepId: testStepId2,\n        testCaseStartedId,\n        timestamp: (0, messages_1.createTimestamp)()\n      });\n      taskTestStepFinished(context, {\n        testStepId: testStepId2,\n        testCaseStartedId,\n        testStepResult: {\n          status: messages_enums_1.TestStepResultStatus.SKIPPED,\n          duration: {\n            seconds: 0,\n            nanos: 0\n          }\n        },\n        timestamp: (0, messages_1.createTimestamp)()\n      });\n    }\n    for (let i = 0, count = remainingSteps.length; i < count; i++) {\n      remainingSteps.pop();\n    }\n    cy.then(() => this.skip());\n  } else {\n    taskTestStepFinished(context, {\n      testStepId,\n      testCaseStartedId,\n      testStepResult: {\n        status: messages_enums_1.TestStepResultStatus.PASSED,\n        duration: (0, messages_1.duration)(start, end)\n      },\n      timestamp: end\n    });\n    remainingSteps.shift();\n  }\n};\nfor (const step of steps) {\n  if (step.hook) {\n    const hook = step.hook;\n    const testStepId = getTestStepId({\n      context,\n      pickleId: pickle.id,\n      hookIdOrPickleStepId: hook.id\n    });\n    cy.then(() => {\n      delete window.testState.pickleStep;\n      const start = (0, messages_1.createTimestamp)();\n      internalProperties.currentStepStartedAt = start;\n      taskTestStepStarted(context, {\n        testStepId,\n        testCaseStartedId,\n        timestamp: start\n      });\n      return cy.wrap(start, { log: false });\n    }).then((start) => {\n      const options = {\n        pickle,\n        gherkinDocument,\n        testCaseStartedId\n      };\n      return (0, cypress_1.runStepWithLogGroup)({\n        fn: dryRun ? noopFn : () => registry2.runCaseHook(this, hook, options),\n        keyword: hook.keyword,\n        text: createStepDescription(hook)\n      }).then((result) => {\n        return { start, result };\n      });\n    }).then(({ start, result }) => onAfterStep({ start, result, testStepId }));\n  } else if (step.pickleStep) {\n    const pickleStep = step.pickleStep;\n    const testStepId = getTestStepId({\n      context,\n      pickleId: pickle.id,\n      hookIdOrPickleStepId: pickleStep.id\n    });\n    const text = (0, assertions_1.assertAndReturn)(pickleStep.text, \"Expected pickle step to have a text\");\n    const scenarioStep = (0, assertions_1.assertAndReturn)(context.astIdsMap.get((0, assertions_1.assertAndReturn)((_a2 = pickleStep.astNodeIds) === null || _a2 === void 0 ? void 0 : _a2[0], \"Expected to find at least one astNodeId\")), `Expected to find scenario step associated with id = ${(_b2 = pickleStep.astNodeIds) === null || _b2 === void 0 ? void 0 : _b2[0]}`);\n    const argument = ((_c2 = pickleStep.argument) === null || _c2 === void 0 ? void 0 : _c2.dataTable) ? new data_table_1.default(pickleStep.argument.dataTable) : ((_e = (_d = pickleStep.argument) === null || _d === void 0 ? void 0 : _d.docString) === null || _e === void 0 ? void 0 : _e.content) ? pickleStep.argument.docString.content : void 0;\n    cy.then(() => {\n      window.testState.pickleStep = step.pickleStep;\n      const start = (0, messages_1.createTimestamp)();\n      internalProperties.currentStep = { pickleStep };\n      internalProperties.currentStepStartedAt = start;\n      taskTestStepStarted(context, {\n        testStepId,\n        testCaseStartedId,\n        timestamp: start\n      });\n      return cy.wrap(start, { log: false });\n    }).then((start) => {\n      const beforeStepHooks = registry2.resolveBeforeStepHooks(tags);\n      const afterStepHooks = registry2.resolveAfterStepHooks(tags);\n      const options = {\n        pickle,\n        pickleStep,\n        gherkinDocument,\n        testCaseStartedId,\n        testStepId\n      };\n      const beforeHooksChain = beforeStepHooks.reduce((chain, beforeStepHook) => {\n        return chain.then(() => (0, cypress_1.runStepWithLogGroup)({\n          keyword: \"BeforeStep\",\n          text: createStepDescription(beforeStepHook),\n          fn: dryRun ? noopFn : () => registry2.runStepHook(this, beforeStepHook, options)\n        }));\n      }, cy.wrap({}, { log: false }));\n      return beforeHooksChain.then(() => {\n        try {\n          return (0, cypress_1.runStepWithLogGroup)({\n            keyword: (0, assertions_1.assertAndReturn)(\"keyword\" in scenarioStep && scenarioStep.keyword, \"Expected to find a keyword in the scenario step\"),\n            argument,\n            text,\n            fn: () => registry2.runStepDefinition(this, text, dryRun, argument)\n          }).then((result) => {\n            return afterStepHooks.reduce((chain, afterStepHook) => {\n              return chain.then(() => (0, cypress_1.runStepWithLogGroup)({\n                keyword: \"AfterStep\",\n                text: createStepDescription(afterStepHook),\n                fn: dryRun ? noopFn : () => registry2.runStepHook(this, afterStepHook, options)\n              }));\n            }, cy.wrap({}, { log: false })).then(() => {\n              return { start, result };\n            });\n          });\n        } catch (e) {\n          if (e instanceof registry_1.MissingDefinitionError) {\n            throw new Error(createMissingStepDefinitionMessage(context, pickleStep, context.registry.parameterTypeRegistry));\n          } else {\n            throw e;\n          }\n        }\n      });\n    }).then(({ start, result }) => onAfterStep({ start, result, testStepId }));\n  }\n}",
              "err": {},
              "uuid": "2e0ebff0-f67f-4cb5-bc9b-7eae2ab6e923",
              "parentUUID": "4ae94c99-affa-4250-9249-4943806b3a18",
              "isHook": false,
              "skipped": false
            },
            {
              "title": "Login with special characters in username",
              "fullTitle": "Negative Authentication Tests Login with special characters in username",
              "timedOut": null,
              "duration": 1070,
              "state": "passed",
              "speed": "fast",
              "pass": true,
              "fail": false,
              "pending": false,
              "context": null,
              "code": "var _a2, _b2, _c2, _d, _e;\n(0, assertions_1.assert)(context.includedPickles[0].id === pickle.id, \"Included pickle stack is unsynchronized\");\nconst { remainingSteps, testCaseStartedId } = retrieveInternalSpecProperties();\ntaskTestCaseStarted(context, {\n  id: testCaseStartedId,\n  testCaseId,\n  attempt: attempt++,\n  timestamp: (0, messages_1.createTimestamp)()\n});\nwindow.testState = {\n  gherkinDocument,\n  pickles,\n  pickle\n};\nconst onAfterStep = (options) => {\n  var _a3, _b3, _c3;\n  const { testStepId, start, result } = options;\n  const end = (0, messages_1.createTimestamp)();\n  if (result === \"pending\" || result === \"skipped\") {\n    if (result === \"pending\") {\n      taskTestStepFinished(context, {\n        testStepId,\n        testCaseStartedId,\n        testStepResult: {\n          status: messages_enums_1.TestStepResultStatus.PENDING,\n          duration: (0, messages_1.duration)(start, end)\n        },\n        timestamp: end\n      });\n    } else {\n      taskTestStepFinished(context, {\n        testStepId,\n        testCaseStartedId,\n        testStepResult: {\n          status: messages_enums_1.TestStepResultStatus.SKIPPED,\n          duration: (0, messages_1.duration)(start, end)\n        },\n        timestamp: end\n      });\n    }\n    remainingSteps.shift();\n    for (const skippedStep of remainingSteps) {\n      const hookIdOrPickleStepId = (0, assertions_1.assertAndReturn)((_b3 = (_a3 = skippedStep.hook) === null || _a3 === void 0 ? void 0 : _a3.id) !== null && _b3 !== void 0 ? _b3 : (_c3 = skippedStep.pickleStep) === null || _c3 === void 0 ? void 0 : _c3.id, \"Expected a step to either be a hook or a pickleStep\");\n      const testStepId2 = getTestStepId({\n        context,\n        pickleId: pickle.id,\n        hookIdOrPickleStepId\n      });\n      taskTestStepStarted(context, {\n        testStepId: testStepId2,\n        testCaseStartedId,\n        timestamp: (0, messages_1.createTimestamp)()\n      });\n      taskTestStepFinished(context, {\n        testStepId: testStepId2,\n        testCaseStar
[...]
oid 0 : _e.content) ? pickleStep.argument.docString.content : void 0;\n    cy.then(() => {\n      window.testState.pickleStep = step.pickleStep;\n      const start = (0, messages_1.createTimestamp)();\n      internalProperties.currentStep = { pickleStep };\n      internalProperties.currentStepStartedAt = start;\n      taskTestStepStarted(context, {\n        testStepId,\n        testCaseStartedId,\n        timestamp: start\n      });\n      return cy.wrap(start, { log: false });\n    }).then((start) => {\n      const beforeStepHooks = registry2.resolveBeforeStepHooks(tags);\n      const afterStepHooks = registry2.resolveAfterStepHooks(tags);\n      const options = {\n        pickle,\n        pickleStep,\n        gherkinDocument,\n        testCaseStartedId,\n        testStepId\n      };\n      const beforeHooksChain = beforeStepHooks.reduce((chain, beforeStepHook) => {\n        return chain.then(() => (0, cypress_1.runStepWithLogGroup)({\n          keyword: \"BeforeStep\",\n          text: createStepDescription(beforeStepHook),\n          fn: dryRun ? noopFn : () => registry2.runStepHook(this, beforeStepHook, options)\n        }));\n      }, cy.wrap({}, { log: false }));\n      return beforeHooksChain.then(() => {\n        try {\n          return (0, cypress_1.runStepWithLogGroup)({\n            keyword: (0, assertions_1.assertAndReturn)(\"keyword\" in scenarioStep && scenarioStep.keyword, \"Expected to find a keyword in the scenario step\"),\n            argument,\n            text,\n            fn: () => registry2.runStepDefinition(this, text, dryRun, argument)\n          }).then((result) => {\n            return afterStepHooks.reduce((chain, afterStepHook) => {\n              return chain.then(() => (0, cypress_1.runStepWithLogGroup)({\n                keyword: \"AfterStep\",\n                text: createStepDescription(afterStepHook),\n                fn: dryRun ? noopFn : () => registry2.runStepHook(this, afterStepHook, options)\n              }));\n            }, cy.wrap({}, { log: false })).then(() => {\n              return { start, result };\n            });\n          });\n        } catch (e) {\n          if (e instanceof registry_1.MissingDefinitionError) {\n            throw new Error(createMissingStepDefinitionMessage(context, pickleStep, context.registry.parameterTypeRegistry));\n          } else {\n            throw e;\n          }\n        }\n      });\n    }).then(({ start, result }) => onAfterStep({ start, result, testStepId }));\n  }\n}",
              "err": {
                "message": "AssertionError: Timed out retrying after 4000ms: Expected to find content: 'Enter MFA code' but never did.",
                "estack": "AssertionError: Timed out retrying after 4000ms: Expected to find content: 'Enter MFA code' but never did.\n    at Context.eval (https://www.demoblaze.com/__cypress/tests?p=cypress\\e2e\\tobe.feature:14378:39)\n    at Registry.runStepDefinition (https://www.demoblaze.com/__cypress/tests?p=cypress\\e2e\\tobe.feature:10415:48)\n    at Object.fn (https://www.demoblaze.com/__cypress/tests?p=cypress\\e2e\\tobe.feature:13369:43)\n    at runStepWithLogGroup (https://www.demoblaze.com/__cypress/tests?p=cypress\\e2e\\tobe.feature:12856:29)\n    at Context.eval (https://www.demoblaze.com/__cypress/tests?p=cypress\\e2e\\tobe.feature:13365:62)\n    at getRet (https://www.demoblaze.com/__cypress/runner/cypress_runner.js:121066:20)\n    at tryCatcher (https://www.demoblaze.com/__cypress/runner/cypress_runner.js:1777:23)\n    at Promise.attempt.Promise.try (https://www.demoblaze.com/__cypress/runner/cypress_runner.js:4285:29)\n    at Context.thenFn (https://www.demoblaze.com/__cypress/runner/cypress_runner.js:121077:66)",
                "diff": null
              },
              "uuid": "c9dc7304-0a8e-4500-8ab9-eb0e31755103",
              "parentUUID": "52354959-bcc3-427b-a5bb-ec9ec2bfc361",
              "isHook": false,
              "skipped": false
            },
            {
              "title": "Login with API",
              "fullTitle": "Dummy Authentication Tests Login with API",
              "timedOut": null,
              "duration": 500,
              "state": "failed",
              "speed": null,
              "pass": false,
              "fail": true,
              "pending": false,
              "context": null,
              "code": "var _a2, _b2, _c2, _d, _e;\n(0, assertions_1.assert)(context.includedPickles[0].id === pickle.id, \"Included pickle stack is unsynchronized\");\nconst { remainingSteps, testCaseStartedId } = retrieveInternalSpecProperties();\ntaskTestCaseStarted(context, {\n  id: testCaseStartedId,\n  testCaseId,\n  attempt: attempt++,\n  timestamp: (0, messages_1.createTimestamp)()\n});\nwindow.testState = {\n  gherkinDocument,\n  pickles,\n  pickle\n};\nconst onAfterStep = (options) => {\n  var _a3, _b3, _c3;\n  const { testStepId, start, result } = options;\n  const end = (0, messages_1.createTimestamp)();\n  if (result === \"pending\" || result === \"skipped\") {\n    if (result === \"pending\") {\n      taskTestStepFinished(context, {\n        testStepId,\n        testCaseStartedId,\n        testStepResult: {\n          status: messages_enums_1.TestStepResultStatus.PENDING,\n          duration: (0, messages_1.duration)(start, end)\n        },\n        timestamp: end\n      });\n    } else {\n      taskTestStepFinished(context, {\n        testStepId,\n        testCaseStartedId,\n        testStepResult: {\n          status: messages_enums_1.TestStepResultStatus.SKIPPED,\n          duration: (0, messages_1.duration)(start, end)\n        },\n        timestamp: end\n      });\n    }\n    remainingSteps.shift();\n    for (const skippedStep of remainingSteps) {\n      const hookIdOrPickleStepId = (0, assertions_1.assertAndReturn)((_b3 = (_a3 = skippedStep.hook) === null || _a3 === void 0 ? void 0 : _a3.id) !== null && _b3 !== void 0 ? _b3 : (_c3 = skippedStep.pickleStep) === null || _c3 === void 0 ? void 0 : _c3.id, \"Expected a step to either be a hook or a pickleStep\");\n      const testStepId2 = getTestStepId({\n        context,\n        pickleId: pickle.id,\n        hookIdOrPickleStepId\n      });\n      taskTestStepStarted(context, {\n        testStepId: testStepId2,\n        testCaseStartedId,\n        timestamp: (0, messages_1.createTimestamp)()\n      });\n      taskTestStepFinished(context, {\n        testStepId: testStepId2,\n        testCaseStartedId,\n        testStepResult: {\n          status: messages_enums_1.TestStepResultStatus.SKIPPED,\n          duration: {\n            seconds: 0,\n            nanos: 0\n          }\n        },\n        timestamp: (0, messages_1.createTimestamp)()\n      });\n    }\n    for (let i = 0, count = remainingSteps.length; i < count; i++) {\n      remainingSteps.pop();\n    }\n    cy.then(() => this.skip());\n  } else {\n    taskTestStepFinished(context, {\n      testStepId,\n      testCaseStartedId,\n      testStepResult: {\n        status: messages_enums_1.TestStepResultStatus.PASSED,\n        duration: (0, messages_1.duration)(start, end)\n      },\n      timestamp: end\n    });\n    remainingSteps.shift();\n  }\n};\nfor (const step of steps) {\n  if (step.hook) {\n    const hook = step.hook;\n    const testStepId = getTestStepId({\n      context,\n      pickleId: pickle.id,\n      hookIdOrPickleStepId: hook.id\n    });\n    cy.then(() => {\n      delete window.testState.pickleStep;\n      const start = (0, messages_1.createTimestamp)();\n      internalProperties.currentStepStartedAt = start;\n      taskTestStepStarted(context, {\n        testStepId,\n        testCaseStartedId,\n        timestamp: start\n      });\n      return cy.wrap(start, { log: false });\n    }).then((start) => {\n      const options = {\n        pickle,\n        gherkinDocument,\n        testCaseStartedId\n      };\n      return (0, cypress_1.runStepWithLogGroup)({\n        fn: dryRun ? noopFn : () => registry2.runCaseHook(this, hook, options),\n        keyword: hook.keyword,\n        text: createStepDescription(hook)\n      }).then((result) => {\n        return { start, result };\n      });\n    }).then(({ start, result }) => onAfterStep({ start, result, testStepId }));\n  } else if (step.pickleStep) {\n    const pickleStep = step.pickleStep;\n    const testStepId = getTestStepId({\n      context,\n      pickleId: pickle.id,\n      hookIdOrPickleStepId: pickleStep.id\n    });\n    const text = (0, assertions_1.assertAndReturn)(pickleStep.text, \"Expected pickle step to have a text\");\n    const scenarioStep = (0, assertions_1.assertAndReturn)(context.astIdsMap.get((0, assertions_1.assertAndReturn)((_a2 = pickleStep.astNodeIds) === null || _a2 === void 0 ? void 0 : _a2[0], \"Expected to find at least one astNodeId\")), `Expected to find scenario step associated with id = ${(_b2 = pickleStep.astNodeIds) === null || _b2 === void 0 ? void 0 : _b2[0]}`);\n    const argument = ((_c2 = pickleStep.argument) === null || _c2 === void 0 ? void 0 : _c2.dataTable) ? new data_table_1.default(pickleStep.argument.dataTable) : ((_e = (_d = pickleStep.argument) === null || _d === void 0 ? void 0 : _d.docString) === null || _e === void 0 ? void 0 : _e.content) ? pickleStep.argument.docString.content : void 0;\n    cy.then(() => {\n      window.testState.pickleStep = step.pickleStep;\n      const start = (0, messages_1.createTimestamp)();\n      internalProperties.currentStep = { pickleStep };\n      internalProperties.currentStepStartedAt = start;\n      taskTestStepStarted(context, {\n        testStepId,\n        testCaseStartedId,\n        timestamp: start\n      });\n      return cy.wrap(start, { log: false });\n    }).then((start) => {\n      const beforeStepHooks = registry2.resolveBeforeStepHooks(tags);\n      const afterStepHooks = registry2.resolveAfterStepHooks(tags);\n      const options = {\n        pickle,\n        pickleStep,\n        gherkinDocument,\n        testCaseStartedId,\n        testStepId\n      };\n      const beforeHooksChain = beforeStepHooks.reduce((chain, beforeStepHook) => {\n        return chain.then(() => (0, cypress_1.runStepWithLogGroup)({\n          keyword: \"BeforeStep\",\n          text: createStepDescription(beforeStepHook),\n          fn: dryRun ? noopFn : () => registry2.runStepHook(this, beforeStepHook, options)\n        }));\n      }, cy.wrap({}, { log: false }));\n      return beforeHooksChain.then(() => {\n        try {\n          return (0, cypress_1.runStepWithLogGroup)({\n            keyword: (0, assertions_1.assertAndReturn)(\"keyword\" in scenarioStep && scenarioStep.keyword, \"Expected to find a keyword in the scenario step\"),\n            argument,\n            text,\n            fn: () => registry2.runStepDefinition(this, text, dryRun, argument)\n          }).then((result) => {\n            return afterStepHooks.reduce((chain, afterStepHook) => {\n              return chain.then(() => (0, cypress_1.runStepWithLogGroup)({\n                keyword: \"AfterStep\",\n                text: createStepDescription(afterStepHook),\n                fn: dryRun ? noopFn : () => registry2.runStepHook(this, afterStepHook, options)\n              }));\n            }, cy.wrap({}, { log: false })).then(() => {\n              return { start, result };\n            });\n          });\n        } catch (e) {\n          if (e instanceof registry_1.MissingDefinitionError) {\n            throw new Error(createMissingStepDefinitionMessage(context, pickleStep, context.registry.parameterTypeRegistry));\n          } else {\n            throw e;\n          }\n        }\n      });\n    }).then(({ start, result }) => onAfterStep({ start, result, testStepId }));\n  }\n}",
              "err": {
                "message": "CypressError: `cy.request()` failed on:\n\nhttps://www.demoblaze.com/login\n\nThe response we received from your web server was:\n\n  > 404: Not Found\n\nThis was considered a failure because the status code was not `2xx` or `3xx`.\n\nIf you do not want status codes to cause failures pass the option: `failOnStatusCode: false`\n\n-----------------------------------------------------------\n\nThe request we sent was:\n\nMethod: POST\nURL: https://www.demoblaze.com/login\nHeaders: {\n  \"Connection\": \"keep-alive\",\n  \"user-agent\": \"Mozilla/5.0 (Windows NT 10.0; Win64; x64) AppleWebKit/537.36 (KHTML, like Gecko) Cypress/14.5.4 Chrome/130.0.6723.137 Electron/33.2.1 Safari/537.36\",\n  \"accept\": \"*/*\",\n  \"accept-encoding\": \"gzip, deflate\",\n  \"content-type\": \"application/json\",\n  \"content-length\": 37\n}\nBody: {\"username\":\"user\",\"password\":\"pass\"}\n\n-----------------------------------------------------------\n\nThe response we got was:\n\nStatus: 404 - Not Found\nHeaders: {\n  \"x-cloud-trace-context\": \"7d57b8772d7fe222c72893d132a6ebf6\",\n  \"date\": \"Mon, 16 Feb 2026 18:59:51 GMT\",\n  \"content-type\": \"text/html; charset=UTF-8\",\n  \"server\": \"Google Frontend\",\n  \"content-length\": \"282\"\n}\nBody: \n<html><head>\n<meta http-equiv=\"content-type\" content=\"text/html;charset=utf-8\">\n<title>404 Not Found</title>\n</head>\n<body text=#000000 bgcolor=#ffffff>\n<h1>Error: Not Found</h1>\n<h2>The requested URL <code>/login</code> was not found on this server.</h2>\n<h2></h2>\n</body></html>\n\nhttps://on.cypress.io/request",
                "estack": "CypressError: `cy.request()` failed on:\n\nhttps://www.demoblaze.com/login\n\nThe response we received from your web server was:\n\n  > 404: Not Found\n\nThis was considered a failure because the status code was not `2xx` or `3xx`.\n\nIf you do not want status codes to cause failures pass the option: `failOnStatusCode: false`\n\n-----------------------------------------------------------\n\nThe request we sent was:\n\nMethod: POST\nURL: https://www.demoblaze.com/login\nHeaders: {\n  \"Connection\": \"keep-alive\",\n  \"user-agent\": \"Mozilla/5.0 (Windows NT 10.0; Win64; x64) AppleWebKit/537.36 (KHTML, like Gecko) Cypress/14.5.4 Chrome/130.0.6723.137 Electron/33.2.1 Safari/537.36\",\n  \"accept\": \"*/*\",\n  \"accept-encoding\": \"gzip, deflate\",\n  \"content-type\": \"application/json\",\n  \"content-length\": 37\n}\nBody: {\"username\":\"user\",\"password\":\"pass\"}\n\n-----------------------------------------------------------\n\nThe response we got was:\n\nStatus: 404 - Not Found\nHeaders: {\n  \"x-cloud-trace-context\": \"7d57b8772d7fe222c72893d132a6ebf6\",\n  \"date\": \"Mon, 16 Feb 2026 18:59:51 GMT\",\n  \"content-type\": \"text/html; charset=UTF-8\",\n  \"server\": \"Google Frontend\",\n  \"content-length\": \"282\"\n}\nBody: \n<html><head>\n<meta http-equiv=\"content-type\" content=\"text/html;charset=utf-8\">\n<title>404 Not Found</title>\n</head>\n<body text=#000000 bgcolor=#ffffff>\n<h1>Error: Not Found</h1>\n<h2>The requested URL <code>/login</code> was not found on this server.</h2>\n<h2></h2>\n</body></html>\n\nhttps://on.cypress.io/request\n    at <unknown> (https://www.demoblaze.com/__cypress/runner/cypress_runner.js:136469:72)\n    at tryCatcher (https://www.demoblaze.com/__cypress/runner/cypress_runner.js:1777:23)\n    at Promise._settlePromiseFromHandler (https://www.demoblaze.com/__cypress/runner/cypress_runner.js:1489:31)\n    at Promise._settlePromise (https://www.demoblaze.com/__cypress/runner/cypress_runner.js:1546:18)\n    at Promise._settlePromise0 (https://www.demoblaze.com/__cypress/runner/cypress_runner.js:1591:10)\n    at Promise._settlePromises (https://www.demoblaze.com/__cypress/runner/cypress_runner.js:1671:18)\n    at _drainQueueStep (https://www.demoblaze.com/__cypress/runner/cypress_runner.js:2377:12)\n    at _drainQueue (https://www.demoblaze.com/__cypress/runner/cypress_runner.js:2370:9)\n    at Async._drainQueues (https://www.demoblaze.com/__cypress/runner/cypress_runner.js:2386:5)\n    at Async.drainQueues (https://www.demoblaze.com/__cypress/runner/cypress_runner.js:2256:14)\nFrom Your Spec Code:\n    at Context.eval (https://www.demoblaze.com/__cypress/tests?p=cypress\\e2e\\tobe.feature:14069:12)\n    at Registry.runStepDefinition (https://www.demoblaze.com/__cypress/tests?p=cypress\\e2e\\tobe.feature:10415:48)\n    at Object.fn (https://www.demoblaze.com/__cypress/tests?p=cypress\\e2e\\tobe.feature:13369:43)\n    at runStepWithLogGroup (https://www.demoblaze.com/__cypress/tests?p=cypress\\e2e\\tobe.feature:12856:29)\n    at Context.eval (https://www.demoblaze.com/__cypress/tests?p=cypress\\e2e\\tobe.feature:13365:62)\n    at getRet (https://www.demoblaze.com/__cypress/runner/cypress_runner.js:121066:20)\n    at tryCatcher (https://www.demoblaze.com/__cypress/runner/cypress_runner.js:1777:23)\n    at Promise.attempt.Promise.try (https://www.demoblaze.com/__cypress/runner/cypress_runner.js:4285:29)\n    at Context.thenFn (https://www.demoblaze.com/__cypress/runner/cypress_runner.js:121077:66)",
                "diff": null
              },
              "uuid": "e4467813-3f77-4a01-93e0-2b02afda475d",
              "parentUUID": "52354959-bcc3-427b-a5bb-ec9ec2bfc361",
              "isHook": false,
              "skipped": false
            }
          ],
          "suites": [],
          "passes": [],
          "failures": [
            "a4003d50-6550-4f24-91b9-bc27f0a29cc5",
            "10643d2e-cdf8-4587-b4fb-86a713a51ee3",
            "c9dc7304-0a8e-4500-8ab9-eb0e31755103",
            "e4467813-3f77-4a01-93e0-2b02afda475d"
          ],
          "pending": [],
          "skipped": [],
          "duration": 17237,
          "root": false,
          "rootEmpty": false,
          "_timeout": 2000
        }
      ],
      "passes": [],
      "failures": [],
      "pending": [],
      "skipped": [],
      "duration": 0,
      "root": true,
      "rootEmpty": true,
      "_timeout": 2000
    },
    {
      "uuid": "67d3074a-092a-4a35-95c1-b6e20a9d0871",
      "title": "",
      "fullFile": "cypress\\e2e\\accessibility.feature",
      "file": "cypress\\e2e\\accessibility.feature",
      "beforeHooks": [],
      "afterHooks": [],
      "tests": [],
      "suites": [
        {
          "uuid": "55548976-4f03-4ce2-8dee-26b0a7801016",
          "title": "Accessibility Authentication Tests",
          "fullFile": "",
          "file": "",
          "beforeHooks": [],
          "afterHooks": [],
          "tests": [
            {
              "title": "Keyboard navigation for login",
              "fullTitle": "Accessibility Authentication Tests Keyboard navigation for login",
              "timedOut": null,
              "duration": 0,
              "state": "pending",
              "speed": null,
              "pass": false,
              "fail": false,
              "pending": true,
              "context": null,
              "code": "",
              "err": {},
              "uuid": "06c9ba15-83b3-40ca-9d71-ceb94f48f1a8",
              "parentUUID": "55548976-4f03-4ce2-8dee-26b0a7801016",
              "isHook": false,
              "skipped": false
            }
          ],
          "suites": [],
          "passes": [],
          "failures": [],
          "pending": [
            "06c9ba15-83b3-40ca-9d71-ceb94f48f1a8"
          ],
          "skipped": [],
          "duration": 0,
          "root": false,
          "rootEmpty": false,
          "_timeout": 2000
        }
      ],
      "passes": [],
      "failures": [],
      "pending": [],
      "skipped": [],
      "duration": 0,
      "root": true,
      "rootEmpty": true,
      "_timeout": 2000
    }
  ],
  "meta": {
    "mocha": {
      "version": "7.2.0"
    },
    "mochawesome": {
      "options": {
        "quiet": false,
        "reportFilename": "mochawesome",
        "saveHtml": true,
        "saveJson": true,
        "consoleReporter": "spec",
        "useInlineDiffs": false,
        "code": true
      },
      "version": "7.1.4"
    },
    "marge": {
      "options": {
        "reportDir": "cypress/reports",
        "overwrite": false,
        "html": true,
        "json": true
      },
      "version": "6.3.2"
    }
  }
}