{
  "stats": {
    "suites": 42,
    "tests": 210,
    "passes": 34,
    "pending": 175,
    "failures": 1,
    "testsRegistered": 210,
    "passPercent": 16.19047619047619,
    "pendingPercent": 83.33333333333333,
    "other": 0,
    "hasOther": false,
    "skipped": 0,
    "hasSkipped": false,
    "start": "2026-03-10T02:03:02.195Z",
    "end": "2026-03-10T02:14:51.647Z",
    "duration": 709452
  },
  "results": [
    {
      "uuid": "063c3a63-0eb5-4b2f-aa53-d878be192184",
      "title": "",
      "fullFile": "cypress\\e2e\\accessibility.feature",
      "file": "cypress\\e2e\\accessibility.feature",
      "beforeHooks": [],
      "afterHooks": [],
      "tests": [],
      "suites": [
        {
          "uuid": "d002e7ca-1180-47a6-bbdd-2854df3f3fd4",
          "title": "Accessibility Authentication Tests",
          "fullFile": "",
          "file": "",
          "beforeHooks": [],
          "afterHooks": [],
          "tests": [
            {
              "title": "Keyboard navigation for login",
              "fullTitle": "Accessibility Authentication Tests Keyboard navigation for login",
              "timedOut": null,
              "duration": 0,
              "state": "pending",
              "speed": null,
              "pass": false,
              "fail": false,
              "pending": true,
              "context": null,
              "code": "",
              "err": {},
              "uuid": "e7728e33-afe1-4e63-acab-015a6e051f7c",
              "parentUUID": "d002e7ca-1180-47a6-bbdd-2854df3f3fd4",
              "isHook": false,
              "skipped": false
            }
          ],
          "suites": [],
          "passes": [],
          "failures": [],
          "pending": [
            "e7728e33-afe1-4e63-acab-015a6e051f7c"
          ],
          "skipped": [],
          "duration": 0,
          "root": false,
          "rootEmpty": false,
          "_timeout": 2000
        }
      ],
      "passes": [],
      "failures": [],
      "pending": [],
      "skipped": [],
      "duration": 0,
      "root": true,
      "rootEmpty": true,
      "_timeout": 2000
    },
    {
      "uuid": "9da00429-ac09-44b2-bea9-cd7065f645b6",
      "title": "",
      "fullFile": "cypress\\e2e\\basic-ui.feature",
      "file": "cypress\\e2e\\basic-ui.feature",
      "beforeHooks": [],
      "afterHooks": [],
      "tests": [],
      "suites": [
        {
          "uuid": "8fce20de-5cc0-4026-9afa-f8f9b059c9e7",
          "title": "Basic User Authentication",
          "fullFile": "",
          "file": "",
          "beforeHooks": [],
          "afterHooks": [],
          "tests": [
            {
              "title": "Successful login for a standard user",
              "fullTitle": "Basic User Authentication Successful login for a standard user",
              "timedOut": null,
              "duration": 0,
              "state": "pending",
              "speed": null,
              "pass": false,
              "fail": false,
              "pending": true,
              "context": null,
              "code": "",
              "err": {},
              "uuid": "679a8311-b972-4b21-a3d1-13d6a2882784",
              "parentUUID": "8fce20de-5cc0-4026-9afa-f8f9b059c9e7",
              "isHook": false,
              "skipped": false
            }
          ],
          "suites": [],
          "passes": [],
          "failures": [],
          "pending": [
            "679a8311-b972-4b21-a3d1-13d6a2882784"
          ],
          "skipped": [],
          "duration": 0,
          "root": false,
          "rootEmpty": false,
          "_timeout": 2000
        }
      ],
      "passes": [],
      "failures": [],
      "pending": [],
      "skipped": [],
      "duration": 0,
      "root": true,
      "rootEmpty": true,
      "_timeout": 2000
    },
    {
      "uuid": "676fdc12-dd9d-4782-9eec-494a0964dc15",
      "title": "",
      "fullFile": "cypress\\e2e\\negative-ui.feature",
      "file": "cypress\\e2e\\negative-ui.feature",
      "beforeHooks": [],
      "afterHooks": [],
      "tests": [],
      "suites": [
        {
          "uuid": "4e6991a6-1e02-416c-8e45-956722993d8f",
          "title": "Negative Authentication Tests",
          "fullFile": "",
          "file": "",
          "beforeHooks": [],
          "afterHooks": [],
          "tests": [
            {
              "title": "Login with empty username",
              "fullTitle": "Negative Authentication Tests Login with empty username",
              "timedOut": null,
              "duration": 0,
              "state": "pending",
              "speed": null,
              "pass": false,
              "fail": false,
              "pending": true,
              "context": null,
              "code": "",
              "err": {},
              "uuid": "620d1413-f705-433b-af62-b57fcc24e584",
              "parentUUID": "4e6991a6-1e02-416c-8e45-956722993d8f",
              "isHook": false,
              "skipped": false
            },
            {
              "title": "Login with only username but no password",
              "fullTitle": "Negative Authentication Tests Login with only username but no password",
              "timedOut": null,
              "duration": 0,
              "state": "pending",
              "speed": null,
              "pass": false,
              "fail": false,
              "pending": true,
              "context": null,
              "code": "",
              "err": {},
              "uuid": "07b653ee-2852-4756-92dd-1cabb33dc7bb",
              "parentUUID": "4e6991a6-1e02-416c-8e45-956722993d8f",
              "isHook": false,
              "skipped": false
            },
            {
              "title": "Login with empty password",
              "fullTitle": "Negative Authentication Tests Login with empty password",
              "timedOut": null,
              "duration": 0,
              "state": "pending",
              "speed": null,
              "pass": false,
              "fail": false,
              "pending": true,
              "context": null,
              "code": "",
              "err": {},
              "uuid": "2a53b821-d0ac-405a-b2b1-1d905d402cf8",
              "parentUUID": "4e6991a6-1e02-416c-8e45-956722993d8f",
              "isHook": false,
              "skipped": false
            },
            {
              "title": "Login with only password but no username",
              "fullTitle": "Negative Authentication Tests Login with only password but no username",
              "timedOut": null,
              "duration": 0,
              "state": "pending",
              "speed": null,
              "pass": false,
              "fail": false,
              "pending": true,
              "context": null,
              "code": "",
              "err": {},
              "uuid": "82878c7f-b2ae-44bf-92e2-f74f095a2d82",
              "parentUUID": "4e6991a6-1e02-416c-8e45-956722993d8f",
              "isHook": false,
              "skipped": false
            },
            {
              "title": "Login with special characters in username",
              "fullTitle": "Negative Authentication Tests Login with special characters in username",
              "timedOut": null,
              "duration": 0,
              "state": "pending",
              "speed": null,
              "pass": false,
              "fail": false,
              "pending": true,
              "context": null,
              "code": "",
              "err": {},
              "uuid": "0e421033-ca77-44df-9a41-db92fdae19ed",
              "parentUUID": "4e6991a6-1e02-416c-8e45-956722993d8f",
              "isHook": false,
              "skipped": false
            },
            {
              "title": "Login with international characters in username",
              "fullTitle": "Negative Authentication Tests Login with international characters in username",
              "timedOut": null,
              "duration": 0,
              "state": "pending",
              "speed": null,
              "pass": false,
              "fail": false,
              "pending": true,
              "context": null,
              "code": "",
              "err": {},
              "uuid": "c8e8289a-7108-47fd-9f0d-d7454a2f89c0",
              "parentUUID": "4e6991a6-1e02-416c-8e45-956722993d8f",
              "isHook": false,
              "skipped": false
            },
            {
              "title": "Login with valid username and invalid password",
              "fullTitle": "Negative Authentication Tests Login with valid username and invalid password",
              "timedOut": null,
              "duration": 0,
              "state": "pending",
              "speed": null,
              "pass": false,
              "fail": false,
              "pending": true,
              "context": null,
              "code": "",
              "err": {},
              "uuid": "65276200-6ee6-4901-8cf8-f01fb5e1f3ac",
              "parentUUID": "4e6991a6-1e02-416c-8e45-956722993d8f",
              "isHook": false,
              "skipped": false
            },
            {
              "title": "Login with invalid username and valid password",
              "fullTitle": "Negative Authentication Tests Login with invalid username and valid password",
              "timedOut": null,
              "duration": 0,
              "state": "pending",
              "speed": null,
              "pass": false,
              "fail": false,
              "pending": true,
              "context": null,
              "code": "",
              "err": {},
              "uuid": "448994f5-3ba4-4f08-9669-3b3c0727a39d",
              "parentUUID": "4e6991a6-1e02-416c-8e45-956722993d8f",
              "isHook": false,
              "skipped": false
            },
            {
              "title": "Login with locked out account",
              "fullTitle": "Negative Authentication Tests Login with locked out account",
              "timedOut": null,
              "duration": 0,
              "state": "pending",
              "speed": null,
              "pass": false,
              "fail": false,
              "pending": true,
              "context": null,
              "code": "",
              "err": {},
              "uuid": "4bee85b8-d2a8-42f4-b56f-1f54bf01c4da",
              "parentUUID": "4e6991a6-1e02-416c-8e45-956722993d8f",
              "isHook": false,
              "skipped": false
            }
          ],
          "suites": [],
          "passes": [],
          "failures": [],
          "pending": [
            "620d1413-f705-433b-af62-b57fcc24e584",
            "07b653ee-2852-4756-92dd-1cabb33dc7bb",
            "2a53b821-d0ac-405a-b2b1-1d905d402cf8",
            "82878c7f-b2ae-44bf-92e2-f74f095a2d82",
            "0e421033-ca77-44df-9a41-db92fdae19ed",
            "c8e8289a-7108-47fd-9f0d-d7454a2f89c0",
            "65276200-6ee6-4901-8cf8-f01fb5e1f3ac",
            "448994f5-3ba4-4f08-9669-3b3c0727a39d",
            "4bee85b8-d2a8-42f4-b56f-1f54bf01c4da"
          ],
          "skipped": [],
          "duration": 0,
          "root": false,
          "rootEmpty": false,
          "_timeout": 2000
        }
      ],
      "passes": [],
      "failures": [],
      "pending": [],
      "skipped": [],
      "duration": 0,
      "root": true,
      "rootEmpty": true,
      "_timeout": 2000
    },
    {
      "uuid": "5c3d8d35-e809-4be7-8e85-ba3b69a98348",
      "title": "",
      "fullFile": "cypress\\e2e\\performance.feature",
      "file": "cypress\\e2e\\performance.feature",
      "beforeHooks": [],
      "afterHooks": [],
      "tests": [],
      "suites": [
        {
          "uuid": "e85d38ac-5d30-45d3-bc0b-854c11eeaf12",
          "title": "Performance Authentication Tests",
          "fullFile": "",
          "file": "",
          "beforeHooks": [],
          "afterHooks": [],
          "tests": [
            {
              "title": "Login - Response time",
              "fullTitle": "Performance Authentication Tests Login - Response time",
              "timedOut": null,
              "duration": 0,
              "state": "pending",
              "speed": null,
              "pass": false,
              "fail": false,
              "pending": true,
              "context": null,
              "code": "",
              "err": {},
              "uuid": "d6d032b3-e19c-4b7e-abcb-807429038f43",
              "parentUUID": "e85d38ac-5d30-45d3-bc0b-854c11eeaf12",
              "isHook": false,
              "skipped": false
            },
            {
              "title": "Rapid typing in login field",
              "fullTitle": "Performance Authentication Tests Rapid typing in login field",
              "timedOut": null,
              "duration": 0,
              "state": "pending",
              "speed": null,
              "pass": false,
              "fail": false,
              "pending": true,
              "context": null,
              "code": "",
              "err": {},
              "uuid": "d6ca7fe2-3483-47e4-852f-181e9764f40b",
              "parentUUID": "e85d38ac-5d30-45d3-bc0b-854c11eeaf12",
              "isHook": false,
              "skipped": false
            }
          ],
          "suites": [],
          "passes": [],
          "failures": [],
          "pending": [
            "d6d032b3-e19c-4b7e-abcb-807429038f43",
            "d6ca7fe2-3483-47e4-852f-181e9764f40b"
          ],
          "skipped": [],
          "duration": 0,
          "root": false,
          "rootEmpty": false,
          "_timeout": 2000
        }
      ],
      "passes": [],
      "failures": [],
      "pending": [],
      "skipped": [],
      "duration": 0,
      "root": true,
      "rootEmpty": true,
      "_timeout": 2000
    },
    {
      "uuid": "85f43415-48de-426c-8546-ed6ec6024766",
      "title": "",
      "fullFile": "cypress\\e2e\\place-order-api.feature",
      "file": "cypress\\e2e\\place-order-api.feature",
      "beforeHooks": [],
      "afterHooks": [],
      "tests": [],
      "suites": [
        {
          "uuid": "7ad860f6-04f1-47b1-8b16-6466bdc0cfb2",
          "title": "Petstore - Place Order for a Pet",
          "fullFile": "",
          "file": "",
          "beforeHooks": [],
          "afterHooks": [],
          "tests": [
            {
              "title": "Place an order successfully",
              "fullTitle": "Petstore - Place Order for a Pet Place an order successfully",
              "timedOut": null,
              "duration": 0,
              "state": "pending",
              "speed": null,
              "pass": false,
              "fail": false,
              "pending": true,
              "context": null,
              "code": "",
              "err": {},
              "uuid": "da68ae3c-fd0d-446c-bfa4-5dde72696b36",
              "parentUUID": "7ad860f6-04f1-47b1-8b16-6466bdc0cfb2",
              "isHook": false,
              "skipped": false
            },
            {
              "title": "Place order with different valid status values (example #1)",
              "fullTitle": "Petstore - Place Order for a Pet Place order with different valid status values (example #1)",
              "timedOut": null,
              "duration": 0,
              "state": "pending",
              "speed": null,
              "pass": false,
              "fail": false,
              "pending": true,
              "context": null,
              "code": "",
              "err": {},
              "uuid": "aff2953b-3279-4ebf-9bec-f4acebb60b36",
              "parentUUID": "7ad860f6-04f1-47b1-8b16-6466bdc0cfb2",
              "isHook": false,
              "skipped": false
            },
            {
              "title": "Place order with different valid status values (example #2)",
              "fullTitle": "Petstore - Place Order for a Pet Place order with different valid status values (example #2)",
              "timedOut": null,
              "duration": 0,
              "state": "pending",
              "speed": null,
              "pass": false,
              "fail": false,
              "pending": true,
              "context": null,
              "code": "",
              "err": {},
              "uuid": "7b3c6451-73ab-4176-9a74-7a633a38b76d",
              "parentUUID": "7ad860f6-04f1-47b1-8b16-6466bdc0cfb2",
              "isHook": false,
              "skipped": false
            },
            {
              "title": "Place order with different valid status values (example #3)",
              "fullTitle": "Petstore - Place Order for a Pet Place order with different valid status values (example #3)",
              "timedOut": null,
              "duration": 0,
              "state": "pending",
              "speed": null,
              "pass": false,
              "fail": false,
              "pending": true,
              "context": null,
              "code": "",
              "err": {},
              "uuid": "5a474ca8-0915-407d-af62-a8bb72037235",
              "parentUUID": "7ad860f6-04f1-47b1-8b16-6466bdc0cfb2",
              "isHook": false,
              "skipped": false
            },
            {
              "title": "Retrieve an order by id after placing it",
              "fullTitle": "Petstore - Place Order for a Pet Retrieve an order by id after placing it",
              "timedOut": null,
              "duration": 0,
              "state": "pending",
              "speed": null,
              "pass": false,
              "fail": false,
              "pending": true,
              "context": null,
              "code": "",
              "err": {},
              "uuid": "30f69629-26b2-493b-9969-e35248569337",
              "parentUUID": "7ad860f6-04f1-47b1-8b16-6466bdc0cfb2",
              "isHook": false,
              "skipped": false
            },
            {
              "title": "Delete an existing order by id",
              "fullTitle": "Petstore - Place Order for a Pet Delete an existing order by id",
              "timedOut": null,
              "duration": 0,
              "state": "pending",
              "speed": null,
              "pass": false,
              "fail": false,
              "pending": true,
              "context": null,
              "code": "",
              "err": {},
              "uuid": "3526e264-c031-41c5-82fb-e3519f611347",
              "parentUUID": "7ad860f6-04f1-47b1-8b16-6466bdc0cfb2",
              "isHook": false,
              "skipped": false
            },
            {
              "title": "Retrieve a non-existent order returns 404",
              "fullTitle": "Petstore - Place Order for a Pet Retrieve a non-existent order returns 404",
              "timedOut": null,
              "duration": 0,
              "state": "pending",
              "speed": null,
              "pass": false,
              "fail": false,
              "pending": true,
              "context": null,
              "code": "",
              "err": {},
              "uuid": "16d7b756-5d39-456e-8ef0-03678c60175c",
              "parentUUID": "7ad860f6-04f1-47b1-8b16-6466bdc0cfb2",
              "isHook": false,
              "skipped": false
            },
            {
              "title": "Placing an order with invalid data returns client or server error (example #1)",
              "fullTitle": "Petstore - Place Order for a Pet Placing an order with invalid data returns client or server error (example #1)",
              "timedOut": null,
              "duration": 0,
              "state": "pending",
              "speed": null,
              "pass": false,
              "fail": false,
              "pending": true,
              "context": null,
              "code": "",
              "err": {},
              "uuid": "efd6d96f-db26-4f3c-9335-467d6316184f",
              "parentUUID": "7ad860f6-04f1-47b1-8b16-6466bdc0cfb2",
              "isHook": false,
              "skipped": false
            },
            {
              "title": "Placing an order with invalid data returns client or server error (example #2)",
              "fullTitle": "Petstore - Place Order for a Pet Placing an order with invalid data returns client or server error (example #2)",
              "timedOut": null,
              "duration": 0,
              "state": "pending",
              "speed": null,
              "pass": false,
              "fail": false,
              "pending": true,
              "context": null,
              "code": "",
              "err": {},
              "uuid": "c6162ff3-4186-48b0-9b5e-3feafe13d385",
              "parentUUID": "7ad860f6-04f1-47b1-8b16-6466bdc0cfb2",
              "isHook": false,
              "skipped": false
            },
            {
              "title": "Placing an order with invalid data returns client or server error (example #3)",
              "fullTitle": "Petstore - Place Order for a Pet Placing an order with invalid data returns client or server error (example #3)",
              "timedOut": null,
              "duration": 0,
              "state": "pending",
              "speed": null,
              "pass": false,
              "fail": false,
              "pending": true,
              "context": null,
              "code": "",
              "err": {},
              "uuid": "a77a222f-b3b1-4297-be49-8ab243901bcd",
              "parentUUID": "7ad860f6-04f1-47b1-8b16-6466bdc0cfb2",
              "isHook": false,
              "skipped": false
            },
            {
              "title": "Placing an order with invalid data returns client or server error (example #4)",
              "fullTitle": "Petstore - Place Order for a Pet Placing an order with invalid data returns client or server error (example #4)",
              "timedOut": null,
              "duration": 0,
              "state": "pending",
              "speed": null,
              "pass": false,
              "fail": false,
              "pending": true,
              "context": null,
              "code": "",
              "err": {},
              "uuid": "97a5a6dd-1f54-406b-a436-062d8189d5f7",
              "parentUUID": "7ad860f6-04f1-47b1-8b16-6466bdc0cfb2",
              "isHook": false,
              "skipped": false
            },
            {
              "title": "Placing an order with invalid data returns client or server error (example #5)",
              "fullTitle": "Petstore - Place Order for a Pet Placing an order with invalid data returns client or server error (example #5)",
              "timedOut": null,
              "duration": 0,
              "state": "pending",
              "speed": null,
              "pass": false,
              "fail": false,
              "pending": true,
              "context": null,
              "code": "",
              "err": {},
              "uuid": "c8e97636-dd04-405c-852e-187a3af7e3b7",
              "parentUUID": "7ad860f6-04f1-47b1-8b16-6466bdc0cfb2",
              "isHook": false,
              "skipped": false
            },
            {
              "title": "Placing an order with invalid data returns client or server error (example #6)",
              "fullTitle": "Petstore - Place Order for a Pet Placing an order with invalid data returns client or server error (example #6)",
              "timedOut": null,
              "duration": 0,
              "state": "pending",
              "speed": null,
              "pass": false,
              "fail": false,
              "pending": true,
              "context": null,
              "code": "",
              "err": {},
              "uuid": "56d6e71d-4211-4b85-8940-a46046525548",
              "parentUUID": "7ad860f6-04f1-47b1-8b16-6466bdc0cfb2",
              "isHook": false,
              "skipped": false
            },
            {
              "title": "Send malformed JSON to the order endpoint",
              "fullTitle": "Petstore - Place Order for a Pet Send malformed JSON to the order endpoint",
              "timedOut": null,
              "duration": 0,
              "state": "pending",
              "speed": null,
              "pass": false,
              "fail": false,
              "pending": true,
              "context": null,
              "code": "",
              "err": {},
              "uuid": "46bd51e7-d9ba-4078-8d37-76f5e2401175",
              "parentUUID": "7ad860f6-04f1-47b1-8b16-6466bdc0cfb2",
              "isHook": false,
              "skipped": false
            },
            {
              "title": "Duplicate order creation via order endpoint",
              "fullTitle": "Petstore - Place Order for a Pet Duplicate order creation via order endpoint",
              "timedOut": null,
              "duration": 0,
              "state": "pending",
              "speed": null,
              "pass": false,
              "fail": false,
              "pending": true,
              "context": null,
              "code": "",
              "err": {},
              "uuid": "8f1336f6-91c6-4fa7-829d-280e3e02807a",
              "parentUUID": "7ad860f6-04f1-47b1-8b16-6466bdc0cfb2",
              "isHook": false,
              "skipped": false
            }
          ],
          "suites": [],
          "passes": [],
          "failures": [],
          "pending": [
            "da68ae3c-fd0d-446c-bfa4-5dde72696b36",
            "aff2953b-3279-4ebf-9bec-f4acebb60b36",
            "7b3c6451-73ab-4176-9a74-7a633a38b76d",
            "5a474ca8-0915-407d-af62-a8bb72037235",
            "30f69629-26b2-493b-9969-e35248569337",
            "3526e264-c031-41c5-82fb-e3519f611347",
            "16d7b756-5d39-456e-8ef0-03678c60175c",
            "efd6d96f-db26-4f3c-9335-467d6316184f",
            "c6162ff3-4186-48b0-9b5e-3feafe13d385",
            "a77a222f-b3b1-4297-be49-8ab243901bcd",
            "97a5a6dd-1f54-406b-a436-062d8189d5f7",
            "c8e97636-dd04-405c-852e-187a3af7e3b7",
            "56d6e71d-4211-4b85-8940-a46046525548",
            "46bd51e7-d9ba-4078-8d37-76f5e2401175",
            "8f1336f6-91c6-4fa7-829d-280e3e02807a"
          ],
          "skipped": [],
          "duration": 0,
          "root": false,
          "rootEmpty": false,
          "_timeout": 2000
        }
      ],
      "passes": [],
      "failures": [],
      "pending": [],
      "skipped": [],
      "duration": 0,
      "root": true,
      "rootEmpty": true,
      "_timeout": 2000
    },
    {
      "uuid": "977c46d0-f04b-4f23-8b9d-2464673f2653",
      "title": "",
      "fullFile": "cypress\\e2e\\security.feature",
      "file": "cypress\\e2e\\security.feature",
      "beforeHooks": [],
      "afterHooks": [],
      "tests": [],
      "suites": [
        {
          "uuid": "cb3fc27f-8488-4c21-bd6a-e112b17c5953",
          "title": "Security Authentication Tests",
          "fullFile": "",
          "file": "",
          "beforeHooks": [],
          "afterHooks": [],
          "tests": [
            {
              "title": "SQL injection in username",
              "fullTitle": "Security Authentication Tests SQL injection in username",
              "timedOut": null,
              "duration": 0,
              "state": "pending",
              "speed": null,
              "pass": false,
              "fail": false,
              "pending": true,
              "context": null,
              "code": "",
              "err": {},
              "uuid": "0906d181-ce5d-4e34-b488-aee37008c4a5",
              "parentUUID": "cb3fc27f-8488-4c21-bd6a-e112b17c5953",
              "isHook": false,
              "skipped": false
            },
            {
              "title": "XSS in password",
              "fullTitle": "Security Authentication Tests XSS in password",
              "timedOut": null,
              "duration": 0,
              "state": "pending",
              "speed": null,
              "pass": false,
              "fail": false,
              "pending": true,
              "context": null,
              "code": "",
              "err": {},
              "uuid": "5002f03d-012c-4b94-ad12-cc9729a42d3a",
              "parentUUID": "cb3fc27f-8488-4c21-bd6a-e112b17c5953",
              "isHook": false,
              "skipped": false
            },
            {
              "title": "Verify login status after cache deletion",
              "fullTitle": "Security Authentication Tests Verify login status after cache deletion",
              "timedOut": null,
              "duration": 0,
              "state": "pending",
              "speed": null,
              "pass": false,
              "fail": false,
              "pending": true,
              "context": null,
              "code": "",
              "err": {},
              "uuid": "d5133744-6e2a-4c49-89d4-8ef3a2113ab8",
              "parentUUID": "cb3fc27f-8488-4c21-bd6a-e112b17c5953",
              "isHook": false,
              "skipped": false
            },
            {
              "title": "CSRF protection test",
              "fullTitle": "Security Authentication Tests CSRF protection test",
              "timedOut": null,
              "duration": 0,
              "state": "pending",
              "speed": null,
              "pass": false,
              "fail": false,
              "pending": true,
              "context": null,
              "code": "",
              "err": {},
              "uuid": "f122afeb-2b11-490d-98ed-b469bfe9d674",
              "parentUUID": "cb3fc27f-8488-4c21-bd6a-e112b17c5953",
              "isHook": false,
              "skipped": false
            }
          ],
          "suites": [],
          "passes": [],
          "failures": [],
          "pending": [
            "0906d181-ce5d-4e34-b488-aee37008c4a5",
            "5002f03d-012c-4b94-ad12-cc9729a42d3a",
            "d5133744-6e2a-4c49-89d4-8ef3a2113ab8",
            "f122afeb-2b11-490d-98ed-b469bfe9d674"
          ],
          "skipped": [],
          "duration": 0,
          "root": false,
          "rootEmpty": false,
          "_timeout": 2000
        }
      ],
      "passes": [],
      "failures": [],
      "pending": [],
      "skipped": [],
      "duration": 0,
      "root": true,
      "rootEmpty": true,
      "_timeout": 2000
    },
    {
      "uuid": "9ecdd038-40c8-491b-ad63-99c2dd9a7f1e",
      "title": "",
      "fullFile": "cypress\\e2e\\tobe.feature",
      "file": "cypress\\e2e\\tobe.feature",
      "beforeHooks": [],
      "afterHooks": [],
      "tests": [],
      "suites": [
        {
          "uuid": "31f59fca-a5a2-44dd-ba46-e4321e9a030f",
          "title": "To-be implemented Authentication Tests",
          "fullFile": "",
          "file": "",
          "beforeHooks": [],
          "afterHooks": [],
          "tests": [
            {
              "title": "Rate limiting test",
              "fullTitle": "To-be implemented Authentication Tests Rate limiting test",
              "timedOut": null,
              "duration": 0,
              "state": "pending",
              "speed": null,
              "pass": false,
              "fail": false,
              "pending": true,
              "context": null,
              "code": "",
              "err": {},
              "uuid": "06115ab1-c899-4bdc-9e32-392a62c8051b",
              "parentUUID": "31f59fca-a5a2-44dd-ba46-e4321e9a030f",
              "isHook": false,
              "skipped": false
            },
            {
              "title": "MFA test",
              "fullTitle": "To-be implemented Authentication Tests MFA test",
              "timedOut": null,
              "duration": 0,
              "state": "pending",
              "speed": null,
              "pass": false,
              "fail": false,
              "pending": true,
              "context": null,
              "code": "",
              "err": {},
              "uuid": "8b28e790-c983-4429-befe-783920e63302",
              "parentUUID": "31f59fca-a5a2-44dd-ba46-e4321e9a030f",
              "isHook": false,
              "skipped": false
            },
            {
              "title": "Login with API",
              "fullTitle": "To-be implemented Authentication Tests Login with API",
              "timedOut": null,
              "duration": 0,
              "state": "pending",
              "speed": null,
              "pass": false,
              "fail": false,
              "pending": true,
              "context": null,
              "code": "",
              "err": {},
              "uuid": "ed35f727-2268-47ec-85fe-dfd24c717ab9",
              "parentUUID": "31f59fca-a5a2-44dd-ba46-e4321e9a030f",
              "isHook": false,
              "skipped": false
            }
          ],
          "suites": [],
          "passes": [],
          "failures": [],
          "pending": [
            "06115ab1-c899-4bdc-9e32-392a62c8051b",
            "8b28e790-c983-4429-befe-783920e63302",
            "ed35f727-2268-47ec-85fe-dfd24c717ab9"
          ],
          "skipped": [],
          "duration": 0,
          "root": false,
          "rootEmpty": false,
          "_timeout": 2000
        }
      ],
      "passes": [],
      "failures": [],
      "pending": [],
      "skipped": [],
      "duration": 0,
      "root": true,
      "rootEmpty": true,
      "_timeout": 2000
    },
    {
      "uuid": "739b95c6-b38e-4115-80c5-c002e5c1a415",
      "title": "",
      "fullFile": "cypress\\e2e\\accessibility.feature",
      "file": "cypress\\e2e\\accessibility.feature",
      "beforeHooks": [],
      "afterHooks": [],
      "tests": [],
      "suites": [
        {
          "uuid": "38a5745d-bfc2-4d72-9577-f221fb31a670",
          "title": "Accessibility Authentication Tests",
          "fullFile": "",
          "file": "",
          "beforeHooks": [],
          "afterHooks": [],
          "tests": [
            {
              "title": "Keyboard navigation for login",
              "fullTitle": "Accessibility Authentication Tests Keyboard navigation for login",
              "timedOut": null,
              "duration": 0,
              "state": "pending",
              "speed": null,
              "pass": false,
              "fail": false,
              "pending": true,
              "context": null,
              "code": "",
              "err": {},
              "uuid": "2d1db7c5-7da5-4850-8972-7e8539f0d57b",
              "parentUUID": "38a5745d-bfc2-4d72-9577-f221fb31a670",
              "isHook": false,
              "skipped": false
            }
          ],
          "suites": [],
          "passes": [],
          "failures": [],
          "pending": [
            "2d1db7c5-7da5-4850-8972-7e8539f0d57b"
          ],
          "skipped": [],
          "duration": 0,
          "root": false,
          "rootEmpty": false,
          "_timeout": 2000
        }
      ],
      "passes": [],
      "failures": [],
      "pending": [],
      "skipped": [],
      "duration": 0,
      "root": true,
      "rootEmpty": true,
      "_timeout": 2000
    },
    {
      "uuid": "21395851-c170-4d59-bb86-cef808ee572c",
      "title": "",
      "fullFile": "cypress\\e2e\\basic-ui.feature",
      "file": "cypress\\e2e\\basic-ui.feature",
      "beforeHooks": [],
      "afterHooks": [],
      "tests": [],
      "suites": [
        {
          "uuid": "009d50fb-e92d-49a3-ad67-f167bd7b854e",
          "title": "Basic User Authentication",
          "fullFile": "",
          "file": "",
          "beforeHooks": [],
          "afterHooks": [],
          "tests": [
            {
              "title": "Successful login for a standard user",
              "fullTitle": "Basic User Authentication Successful login for a standard user",
              "timedOut": null,
              "duration": 0,
              "state": "pending",
              "speed": null,
              "pass": false,
              "fail": false,
              "pending": true,
              "context": null,
              "code": "",
              "err": {},
              "uuid": "489ce6ec-8ae5-4390-85ec-3d9d66a22b2f",
              "parentUUID": "009d50fb-e92d-49a3-ad67-f167bd7b854e",
              "isHook": false,
              "skipped": false
            }
          ],
          "suites": [],
          "passes": [],
          "failures": [],
          "pending": [
            "489ce6ec-8ae5-4390-85ec-3d9d66a22b2f"
          ],
          "skipped": [],
          "duration": 0,
          "root": false,
          "rootEmpty": false,
          "_timeout": 2000
        }
      ],
      "passes": [],
      "failures": [],
      "pending": [],
      "skipped": [],
      "duration": 0,
      "root": true,
      "rootEmpty": true,
      "_timeout": 2000
    },
    {
      "uuid": "3171f5cc-0d64-4ba9-9027-004fb491a8f0",
      "title": "",
      "fullFile": "cypress\\e2e\\negative-ui.feature",
      "file": "cypress\\e2e\\negative-ui.feature",
      "beforeHooks": [],
      "afterHooks": [],
      "tests": [],
      "suites": [
        {
          "uuid": "8d9c4369-d860-496c-879f-26f63b2dc6a9",
          "title": "Negative Authentication Tests",
          "fullFile": "",
          "file": "",
          "beforeHooks": [],
          "afterHooks": [],
          "tests": [
            {
              "title": "Login with empty username",
              "fullTitle": "Negative Authentication Tests Login with empty username",
              "timedOut": null,
              "duration": 0,
              "state": "pending",
              "speed": null,
              "pass": false,
              "fail": false,
              "pending": true,
              "context": null,
              "code": "",
              "err": {},
              "uuid": "c0f558b0-b0d5-40c5-b7e3-8dd84c1c3f3d",
              "parentUUID": "8d9c4369-d860-496c-879f-26f63b2dc6a9",
              "isHook": false,
              "skipped": false
            },
            {
              "title": "Login with only username but no password",
              "fullTitle": "Negative Authentication Tests Login with only username but no password",
              "timedOut": null,
              "duration": 0,
              "state": "pending",
              "speed": null,
              "pass": false,
              "fail": false,
              "pending": true,
              "context": null,
              "code": "",
              "err": {},
              "uuid": "3c0e70bf-52bc-47f2-92db-46df49b79047",
              "parentUUID": "8d9c4369-d860-496c-879f-26f63b2dc6a9",
              "isHook": false,
              "skipped": false
            },
            {
              "title": "Login with empty password",
              "fullTitle": "Negative Authentication Tests Login with empty password",
              "timedOut": null,
              "duration": 0,
              "state": "pending",
              "speed": null,
              "pass": false,
              "fail": false,
              "pending": true,
              "context": null,
              "code": "",
              "err": {},
              "uuid": "b6c9105d-d897-42d7-a311-a055cd144111",
              "parentUUID": "8d9c4369-d860-496c-879f-26f63b2dc6a9",
              "isHook": false,
              "skipped": false
            },
            {
              "title": "Login with only password but no username",
              "fullTitle": "Negative Authentication Tests Login with only password but no username",
              "timedOut": null,
              "duration": 0,
              "state": "pending",
              "speed": null,
              "pass": false,
              "fail": false,
              "pending": true,
              "context": null,
              "code": "",
              "err": {},
              "uuid": "6dac87b0-b123-456a-8932-b97dcc641162",
              "parentUUID": "8d9c4369-d860-496c-879f-26f63b2dc6a9",
              "isHook": false,
              "skipped": false
            },
            {
              "title": "Login with special characters in username",
              "fullTitle": "Negative Authentication Tests Login with special characters in username",
              "timedOut": null,
              "duration": 0,
              "state": "pending",
              "speed": null,
              "pass": false,
              "fail": false,
              "pending": true,
              "context": null,
              "code": "",
              "err": {},
              "uuid": "0b595129-4afd-4db0-837e-6ef698d8677f",
              "parentUUID": "8d9c4369-d860-496c-879f-26f63b2dc6a9",
              "isHook": false,
              "skipped": false
            },
            {
              "title": "Login with international characters in username",
              "fullTitle": "Negative Authentication Tests Login with international characters in username",
              "timedOut": null,
              "duration": 0,
              "state": "pending",
              "speed": null,
              "pass": false,
              "fail": false,
              "pending": true,
              "context": null,
              "code": "",
              "err": {},
              "uuid": "287aa215-05af-496e-a41d-d5cc3bc94497",
              "parentUUID": "8d9c4369-d860-496c-879f-26f63b2dc6a9",
              "isHook": false,
              "skipped": false
            },
            {
              "title": "Login with valid username and invalid password",
              "fullTitle": "Negative Authentication Tests Login with valid username and invalid password",
              "timedOut": null,
              "duration": 0,
              "state": "pending",
              "speed": null,
              "pass": false,
              "fail": false,
              "pending": true,
              "context": null,
              "code": "",
              "err": {},
              "uuid": "e1434427-08e7-44b1-bf42-57daa013be35",
              "parentUUID": "8d9c4369-d860-496c-879f-26f63b2dc6a9",
              "isHook": false,
              "skipped": false
            },
            {
              "title": "Login with invalid username and valid password",
              "fullTitle": "Negative Authentication Tests Login with invalid username and valid password",
              "timedOut": null,
              "duration": 0,
              "state": "pending",
              "speed": null,
              "pass": false,
              "fail": false,
              "pending": true,
              "context": null,
              "code": "",
              "err": {},
              "uuid": "976e60a1-d0da-43e5-96be-92c84ccc3a67",
              "parentUUID": "8d9c4369-d860-496c-879f-26f63b2dc6a9",
              "isHook": false,
              "skipped": false
            },
            {
              "title": "Login with locked out account",
              "fullTitle": "Negative Authentication Tests Login with locked out account",
              "timedOut": null,
              "duration": 0,
              "state": "pending",
              "speed": null,
              "pass": false,
              "fail": false,
              "pending": true,
              "context": null,
              "code": "",
              "err": {},
              "uuid": "30a7765d-d3ae-41d6-8134-f16d3791bdf0",
              "parentUUID": "8d9c4369-d860-496c-879f-26f63b2dc6a9",
              "isHook": false,
              "skipped": false
            }
          ],
          "suites": [],
          "passes": [],
          "failures": [],
          "pending": [
            "c0f558b0-b0d5-40c5-b7e3-8dd84c1c3f3d",
            "3c0e70bf-52bc-47f2-92db-46df49b79047",
            "b6c9105d-d897-42d7-a311-a055cd144111",
            "6dac87b0-b123-456a-8932-b97dcc641162",
            "0b595129-4afd-4db0-837e-6ef698d8677f",
            "287aa215-05af-496e-a41d-d5cc3bc94497",
            "e1434427-08e7-44b1-bf42-57daa013be35",
            "976e60a1-d0da-43e5-96be-92c84ccc3a67",
            "30a7765d-d3ae-41d6-8134-f16d3791bdf0"
          ],
          "skipped": [],
          "duration": 0,
          "root": false,
          "rootEmpty": false,
          "_timeout": 2000
        }
      ],
      "passes": [],
      "failures": [],
      "pending": [],
      "skipped": [],
      "duration": 0,
      "root": true,
      "rootEmpty": true,
      "_timeout": 2000
    },
    {
      "uuid": "1dd3cee6-836a-48d0-9205-d39a60123ff9",
      "title": "",
      "fullFile": "cypress\\e2e\\performance.feature",
      "file": "cypress\\e2e\\performance.feature",
      "beforeHooks": [],
      "afterHooks": [],
      "tests": [],
      "suites": [
        {
          "uuid": "37bffcb7-4709-4f01-bed6-a0d0d82703ca",
          "title": "Performance Authentication Tests",
          "fullFile": "",
          "file": "",
          "beforeHooks": [],
          "afterHooks": [],
          "tests": [
            {
              "title": "Login - Response time",
              "fullTitle": "Performance Authentication Tests Login - Response time",
              "timedOut": null,
              "duration": 0,
              "state": "pending",
              "speed": null,
              "pass": false,
              "fail": false,
              "pending": true,
              "context": null,
              "code": "",
              "err": {},
              "uuid": "c42721d9-c058-4c8b-87e0-e163738594f6",
              "parentUUID": "37bffcb7-4709-4f01-bed6-a0d0d82703ca",
              "isHook": false,
              "skipped": false
            },
            {
              "title": "Rapid typing in login field",
              "fullTitle": "Performance Authentication Tests Rapid typing in login field",
              "timedOut": null,
              "duration": 0,
              "state": "pending",
              "speed": null,
              "pass": false,
              "fail": false,
              "pending": true,
              "context": null,
              "code": "",
              "err": {},
              "uuid": "99d79ada-a70a-4306-b4a0-50812ad076b5",
              "parentUUID": "37bffcb7-4709-4f01-bed6-a0d0d82703ca",
              "isHook": false,
              "skipped": false
            }
          ],
          "suites": [],
          "passes": [],
          "failures": [],
          "pending": [
            "c42721d9-c058-4c8b-87e0-e163738594f6",
            "99d79ada-a70a-4306-b4a0-50812ad076b5"
          ],
          "skipped": [],
          "duration": 0,
          "root": false,
          "rootEmpty": false,
          "_timeout": 2000
        }
      ],
      "passes": [],
      "failures": [],
      "pending": [],
      "skipped": [],
      "duration": 0,
      "root": true,
      "rootEmpty": true,
      "_timeout": 2000
    },
    {
      "uuid": "ee3cb4c1-5ad8-4756-9e7b-26a0dcf02e69",
      "title": "",
      "fullFile": "cypress\\e2e\\place-order-api.feature",
      "file": "cypress\\e2e\\place-order-api.feature",
      "beforeHooks": [],
      "afterHooks": [],
      "tests": [],
      "suites": [
        {
          "uuid": "548231e8-203f-4878-939a-b012ed5bb322",
          "title": "Petstore - Place Order for a Pet",
          "fullFile": "",
          "file": "",
          "beforeHooks": [],
          "afterHooks": [],
          "tests": [
            {
              "title": "Place an order successfully",
              "fullTitle": "Petstore - Place Order for a Pet Place an order successfully",
              "timedOut": null,
              "duration": 0,
              "state": "pending",
              "speed": null,
              "pass": false,
              "fail": false,
              "pending": true,
              "context": null,
              "code": "",
              "err": {},
              "uuid": "972a3429-a33a-4c34-9bb7-929b7f34ebca",
              "parentUUID": "548231e8-203f-4878-939a-b012ed5bb322",
              "isHook": false,
              "skipped": false
            },
            {
              "title": "Place order with different valid status values (example #1)",
              "fullTitle": "Petstore - Place Order for a Pet Place order with different valid status values (example #1)",
              "timedOut": null,
              "duration": 0,
              "state": "pending",
              "speed": null,
              "pass": false,
              "fail": false,
              "pending": true,
              "context": null,
              "code": "",
              "err": {},
              "uuid": "3ff66aa8-e997-4025-bb1e-e7745bec93e6",
              "parentUUID": "548231e8-203f-4878-939a-b012ed5bb322",
              "isHook": false,
              "skipped": false
            },
            {
              "title": "Place order with different valid status values (example #2)",
              "fullTitle": "Petstore - Place Order for a Pet Place order with different valid status values (example #2)",
              "timedOut": null,
              "duration": 0,
              "state": "pending",
              "speed": null,
              "pass": false,
              "fail": false,
              "pending": true,
              "context": null,
              "code": "",
              "err": {},
              "uuid": "22bad43b-aac7-48e2-b57d-d26299f77480",
              "parentUUID": "548231e8-203f-4878-939a-b012ed5bb322",
              "isHook": false,
              "skipped": false
            },
            {
              "title": "Place order with different valid status values (example #3)",
              "fullTitle": "Petstore - Place Order for a Pet Place order with different valid status values (example #3)",
              "timedOut": null,
              "duration": 0,
              "state": "pending",
              "speed": null,
              "pass": false,
              "fail": false,
              "pending": true,
              "context": null,
              "code": "",
              "err": {},
              "uuid": "7e68314e-ab46-49d0-8d07-12a54d34ad30",
              "parentUUID": "548231e8-203f-4878-939a-b012ed5bb322",
              "isHook": false,
              "skipped": false
            },
            {
              "title": "Retrieve an order by id after placing it",
              "fullTitle": "Petstore - Place Order for a Pet Retrieve an order by id after placing it",
              "timedOut": null,
              "duration": 0,
              "state": "pending",
              "speed": null,
              "pass": false,
              "fail": false,
              "pending": true,
              "context": null,
              "code": "",
              "err": {},
              "uuid": "e60b1587-78ae-48c8-b69b-b4f60c93ca79",
              "parentUUID": "548231e8-203f-4878-939a-b012ed5bb322",
              "isHook": false,
              "skipped": false
            },
            {
              "title": "Delete an existing order by id",
              "fullTitle": "Petstore - Place Order for a Pet Delete an existing order by id",
              "timedOut": null,
              "duration": 0,
              "state": "pending",
              "speed": null,
              "pass": false,
              "fail": false,
              "pending": true,
              "context": null,
              "code": "",
              "err": {},
              "uuid": "0440d22a-5b96-49fd-80a4-eba5f2c51fc5",
              "parentUUID": "548231e8-203f-4878-939a-b012ed5bb322",
              "isHook": false,
              "skipped": false
            },
            {
              "title": "Retrieve a non-existent order returns 404",
              "fullTitle": "Petstore - Place Order for a Pet Retrieve a non-existent order returns 404",
              "timedOut": null,
              "duration": 0,
              "state": "pending",
              "speed": null,
              "pass": false,
              "fail": false,
              "pending": true,
              "context": null,
              "code": "",
              "err": {},
              "uuid": "0e80e2b2-7a6f-4c87-a870-f9b203a6f126",
              "parentUUID": "548231e8-203f-4878-939a-b012ed5bb322",
              "isHook": false,
              "skipped": false
            },
            {
              "title": "Placing an order with invalid data returns client or server error (example #1)",
              "fullTitle": "Petstore - Place Order for a Pet Placing an order with invalid data returns client or server error (example #1)",
              "timedOut": null,
              "duration": 0,
              "state": "pending",
              "speed": null,
              "pass": false,
              "fail": false,
              "pending": true,
              "context": null,
              "code": "",
              "err": {},
              "uuid": "ac08957a-c3a1-4589-ae65-f8b1d5e5fe3a",
              "parentUUID": "548231e8-203f-4878-939a-b012ed5bb322",
              "isHook": false,
              "skipped": false
            },
            {
              "title": "Placing an order with invalid data returns client or server error (example #2)",
              "fullTitle": "Petstore - Place Order for a Pet Placing an order with invalid data returns client or server error (example #2)",
              "timedOut": null,
              "duration": 0,
              "state": "pending",
              "speed": null,
              "pass": false,
              "fail": false,
              "pending": true,
              "context": null,
              "code": "",
              "err": {},
              "uuid": "b2770fc8-851e-479f-99b9-d1b0085ec918",
              "parentUUID": "548231e8-203f-4878-939a-b012ed5bb322",
              "isHook": false,
              "skipped": false
            },
            {
              "title": "Placing an order with invalid data returns client or server error (example #3)",
              "fullTitle": "Petstore - Place Order for a Pet Placing an order with invalid data returns client or server error (example #3)",
              "timedOut": null,
              "duration": 0,
              "state": "pending",
              "speed": null,
              "pass": false,
              "fail": false,
              "pending": true,
              "context": null,
              "code": "",
              "err": {},
              "uuid": "14a3ea12-b9f8-472b-bb2b-d6d2b2125a2f",
              "parentUUID": "548231e8-203f-4878-939a-b012ed5bb322",
              "isHook": false,
              "skipped": false
            },
            {
              "title": "Placing an order with invalid data returns client or server error (example #4)",
              "fullTitle": "Petstore - Place Order for a Pet Placing an order with invalid data returns client or server error (example #4)",
              "timedOut": null,
              "duration": 0,
              "state": "pending",
              "speed": null,
              "pass": false,
              "fail": false,
              "pending": true,
              "context": null,
              "code": "",
              "err": {},
              "uuid": "91bdb767-ebc8-41b2-b95e-54d4ed70fce9",
              "parentUUID": "548231e8-203f-4878-939a-b012ed5bb322",
              "isHook": false,
              "skipped": false
            },
            {
              "title": "Placing an order with invalid data returns client or server error (example #5)",
              "fullTitle": "Petstore - Place Order for a Pet Placing an order with invalid data returns client or server error (example #5)",
              "timedOut": null,
              "duration": 0,
              "state": "pending",
              "speed": null,
              "pass": false,
              "fail": false,
              "pending": true,
              "context": null,
              "code": "",
              "err": {},
              "uuid": "8fc4bab4-6ee9-43b2-ab5f-2da49d6be5e4",
              "parentUUID": "548231e8-203f-4878-939a-b012ed5bb322",
              "isHook": false,
              "skipped": false
            },
            {
              "title": "Placing an order with invalid data returns client or server error (example #6)",
              "fullTitle": "Petstore - Place Order for a Pet Placing an order with invalid data returns client or server error (example #6)",
              "timedOut": null,
              "duration": 0,
              "state": "pending",
              "speed": null,
              "pass": false,
              "fail": false,
              "pending": true,
              "context": null,
              "code": "",
              "err": {},
              "uuid": "04415b3c-a7c6-4105-8ec0-7a61c7b59337",
              "parentUUID": "548231e8-203f-4878-939a-b012ed5bb322",
              "isHook": false,
              "skipped": false
            },
            {
              "title": "Send malformed JSON to the order endpoint",
              "fullTitle": "Petstore - Place Order for a Pet Send malformed JSON to the order endpoint",
              "timedOut": null,
              "duration": 0,
              "state": "pending",
              "speed": null,
              "pass": false,
              "fail": false,
              "pending": true,
              "context": null,
              "code": "",
              "err": {},
              "uuid": "7c72b1b5-0500-482e-afd9-a34a410d34ec",
              "parentUUID": "548231e8-203f-4878-939a-b012ed5bb322",
              "isHook": false,
              "skipped": false
            },
            {
              "title": "Duplicate order creation via order endpoint",
              "fullTitle": "Petstore - Place Order for a Pet Duplicate order creation via order endpoint",
              "timedOut": null,
              "duration": 0,
              "state": "pending",
              "speed": null,
              "pass": false,
              "fail": false,
              "pending": true,
              "context": null,
              "code": "",
              "err": {},
              "uuid": "8b04901e-4585-48be-87cb-d3198bae141b",
              "parentUUID": "548231e8-203f-4878-939a-b012ed5bb322",
              "isHook": false,
              "skipped": false
            }
          ],
          "suites": [],
          "passes": [],
          "failures": [],
          "pending": [
            "972a3429-a33a-4c34-9bb7-929b7f34ebca",
            "3ff66aa8-e997-4025-bb1e-e7745bec93e6",
            "22bad43b-aac7-48e2-b57d-d26299f77480",
            "7e68314e-ab46-49d0-8d07-12a54d34ad30",
            "e60b1587-78ae-48c8-b69b-b4f60c93ca79",
            "0440d22a-5b96-49fd-80a4-eba5f2c51fc5",
            "0e80e2b2-7a6f-4c87-a870-f9b203a6f126",
            "ac08957a-c3a1-4589-ae65-f8b1d5e5fe3a",
            "b2770fc8-851e-479f-99b9-d1b0085ec918",
            "14a3ea12-b9f8-472b-bb2b-d6d2b2125a2f",
            "91bdb767-ebc8-41b2-b95e-54d4ed70fce9",
            "8fc4bab4-6ee9-43b2-ab5f-2da49d6be5e4",
            "04415b3c-a7c6-4105-8ec0-7a61c7b59337",
            "7c72b1b5-0500-482e-afd9-a34a410d34ec",
            "8b04901e-4585-48be-87cb-d3198bae141b"
          ],
          "skipped": [],
          "duration": 0,
          "root": false,
          "rootEmpty": false,
          "_timeout": 2000
        }
      ],
      "passes": [],
      "failures": [],
      "pending": [],
      "skipped": [],
      "duration": 0,
      "root": true,
      "rootEmpty": true,
      "_timeout": 2000
    },
    {
      "uuid": "f5b63104-df5d-4ddb-8fc1-26be69e45077",
      "title": "",
      "fullFile": "cypress\\e2e\\security.feature",
      "file": "cypress\\e2e\\security.feature",
      "beforeHooks": [],
      "afterHooks": [],
      "tests": [],
      "suites": [
        {
          "uuid": "51bf8545-fc0e-4050-9447-5706cd07cad8",
          "title": "Security Authentication Tests",
          "fullFile": "",
          "file": "",
          "beforeHooks": [],
          "afterHooks": [],
          "tests": [
            {
              "title": "SQL injection in username",
              "fullTitle": "Security Authentication Tests SQL injection in username",
              "timedOut": null,
              "duration": 0,
              "state": "pending",
              "speed": null,
              "pass": false,
              "fail": false,
              "pending": true,
              "context": null,
              "code": "",
              "err": {},
              "uuid": "9d4d25fc-f7d9-482d-9bec-bfd1dd8836d9",
              "parentUUID": "51bf8545-fc0e-4050-9447-5706cd07cad8",
              "isHook": false,
              "skipped": false
            },
            {
              "title": "XSS in password",
              "fullTitle": "Security Authentication Tests XSS in password",
              "timedOut": null,
              "duration": 0,
              "state": "pending",
              "speed": null,
              "pass": false,
              "fail": false,
              "pending": true,
              "context": null,
              "code": "",
              "err": {},
              "uuid": "aac8ab6f-ec42-436a-b6c0-5718d76a13e3",
              "parentUUID": "51bf8545-fc0e-4050-9447-5706cd07cad8",
              "isHook": false,
              "skipped": false
            },
            {
              "title": "Verify login status after cache deletion",
              "fullTitle": "Security Authentication Tests Verify login status after cache deletion",
              "timedOut": null,
              "duration": 0,
              "state": "pending",
              "speed": null,
              "pass": false,
              "fail": false,
              "pending": true,
              "context": null,
              "code": "",
              "err": {},
              "uuid": "6c368ea1-f922-4404-9ad2-d69d19a65d91",
              "parentUUID": "51bf8545-fc0e-4050-9447-5706cd07cad8",
              "isHook": false,
              "skipped": false
            },
            {
              "title": "CSRF protection test",
              "fullTitle": "Security Authentication Tests CSRF protection test",
              "timedOut": null,
              "duration": 0,
              "state": "pending",
              "speed": null,
              "pass": false,
              "fail": false,
              "pending": true,
              "context": null,
              "code": "",
              "err": {},
              "uuid": "a7a8a0a2-b7c3-4757-8133-7f9bdc830584",
              "parentUUID": "51bf8545-fc0e-4050-9447-5706cd07cad8",
              "isHook": false,
              "skipped": false
            }
          ],
          "suites": [],
          "passes": [],
          "failures": [],
          "pending": [
            "9d4d25fc-f7d9-482d-9bec-bfd1dd8836d9",
            "aac8ab6f-ec42-436a-b6c0-5718d76a13e3",
            "6c368ea1-f922-4404-9ad2-d69d19a65d91",
            "a7a8a0a2-b7c3-4757-8133-7f9bdc830584"
          ],
          "skipped": [],
          "duration": 0,
          "root": false,
          "rootEmpty": false,
          "_timeout": 2000
        }
      ],
      "passes": [],
      "failures": [],
      "pending": [],
      "skipped": [],
      "duration": 0,
      "root": true,
      "rootEmpty": true,
      "_timeout": 2000
    },
    {
      "uuid": "fe2535b9-fefe-41be-97cf-f117d26e0904",
      "title": "",
      "fullFile": "cypress\\e2e\\tobe.feature",
      "file": "cypress\\e2e\\tobe.feature",
      "beforeHooks": [],
      "afterHooks": [],
      "tests": [],
      "suites": [
        {
          "uuid": "846a6bae-8da9-472b-82c8-85608c8207f4",
          "title": "To-be implemented Authentication Tests",
          "fullFile": "",
          "file": "",
          "beforeHooks": [],
          "afterHooks": [],
          "tests": [
            {
              "title": "Rate limiting test",
              "fullTitle": "To-be implemented Authentication Tests Rate limiting test",
              "timedOut": null,
              "duration": 0,
              "state": "pending",
              "speed": null,
              "pass": false,
              "fail": false,
              "pending": true,
              "context": null,
              "code": "",
              "err": {},
              "uuid": "d4043c1d-c804-4e90-8842-aa1012327d0e",
              "parentUUID": "846a6bae-8da9-472b-82c8-85608c8207f4",
              "isHook": false,
              "skipped": false
            },
            {
              "title": "MFA test",
              "fullTitle": "To-be implemented Authentication Tests MFA test",
              "timedOut": null,
              "duration": 0,
              "state": "pending",
              "speed": null,
              "pass": false,
              "fail": false,
              "pending": true,
              "context": null,
              "code": "",
              "err": {},
              "uuid": "badb3c40-b7bb-42ef-bc5a-91b95ba57e0d",
              "parentUUID": "846a6bae-8da9-472b-82c8-85608c8207f4",
              "isHook": false,
              "skipped": false
            },
            {
              "title": "Login with API",
              "fullTitle": "To-be implemented Authentication Tests Login with API",
              "timedOut": null,
              "duration": 0,
              "state": "pending",
              "speed": null,
              "pass": false,
              "fail": false,
              "pending": true,
              "context": null,
              "code": "",
              "err": {},
              "uuid": "3f184480-95ed-45a6-badd-7467f08c151e",
              "parentUUID": "846a6bae-8da9-472b-82c8-85608c8207f4",
              "isHook": false,
              "skipped": false
            }
          ],
          "suites": [],
          "passes": [],
          "failures": [],
          "pending": [
            "d4043c1d-c804-4e90-8842-aa1012327d0e",
            "badb3c40-b7bb-42ef-bc5a-91b95ba57e0d",
            "3f184480-95ed-45a6-badd-7467f08c151e"
          ],
          "skipped": [],
          "duration": 0,
          "root": false,
          "rootEmpty": false,
          "_timeout": 2000
        }
      ],
      "passes": [],
      "failures": [],
      "pending": [],
      "skipped": [],
      "duration": 0,
      "root": true,
      "rootEmpty": true,
      "_timeout": 2000
    },
    {
      "uuid": "91c98675-906f-4bc7-9e8b-6966e4f7b518",
      "title": "",
      "fullFile": "cypress\\e2e\\accessibility.feature",
      "file": "cypress\\e2e\\accessibility.feature",
      "beforeHooks": [],
      "afterHooks": [],
      "tests": [],
      "suites": [
        {
          "uuid": "c578a521-f356-4575-8fd5-bbdc44e83b9e",
          "title": "Accessibility Authentication Tests",
          "fullFile": "",
          "file": "",
          "beforeHooks": [],
          "afterHooks": [],
          "tests": [
            {
              "title": "Keyboard navigation for login",
              "fullTitle": "Accessibility Authentication Tests Keyboard navigation for login",
              "timedOut": null,
              "duration": 0,
              "state": "pending",
              "speed": null,
              "pass": false,
              "fail": false,
              "pending": true,
              "context": null,
              "code": "",
              "err": {},
              "uuid": "2bd415e4-1be0-4146-97ed-40b01c4f40e8",
              "parentUUID": "c578a521-f356-4575-8fd5-bbdc44e83b9e",
              "isHook": false,
              "skipped": false
            }
          ],
          "suites": [],
          "passes": [],
          "failures": [],
          "pending": [
            "2bd415e4-1be0-4146-97ed-40b01c4f40e8"
          ],
          "skipped": [],
          "duration": 0,
          "root": false,
          "rootEmpty": false,
          "_timeout": 2000
        }
      ],
      "passes": [],
      "failures": [],
      "pending": [],
      "skipped": [],
      "duration": 0,
      "root": true,
      "rootEmpty": true,
      "_timeout": 2000
    },
    {
      "uuid": "f7145b25-3157-4d80-b31f-eb3194ca3bdd",
      "title": "",
      "fullFile": "cypress\\e2e\\basic-ui.feature",
      "file": "cypress\\e2e\\basic-ui.feature",
      "beforeHooks": [],
      "afterHooks": [],
      "tests": [],
      "suites": [
        {
          "uuid": "ee51a8a8-22be-42f4-9bc1-f0774921ee70",
          "title": "Basic User Authentication",
          "fullFile": "",
          "file": "",
          "beforeHooks": [],
          "afterHooks": [],
          "tests": [
            {
              "title": "Successful login for a standard user",
              "fullTitle": "Basic User Authentication Successful login for a standard user",
              "timedOut": null,
              "duration": 0,
              "state": "pending",
              "speed": null,
              "pass": false,
              "fail": false,
              "pending": true,
              "context": null,
              "code": "",
              "err": {},
              "uuid": "57656dff-295d-4320-9501-6b3c11c37533",
              "parentUUID": "ee51a8a8-22be-42f4-9bc1-f0774921ee70",
              "isHook": false,
              "skipped": false
            }
          ],
          "suites": [],
          "passes": [],
          "failures": [],
          "pending": [
            "57656dff-295d-4320-9501-6b3c11c37533"
          ],
          "skipped": [],
          "duration": 0,
          "root": false,
          "rootEmpty": false,
          "_timeout": 2000
        }
      ],
      "passes": [],
      "failures": [],
      "pending": [],
      "skipped": [],
      "duration": 0,
      "root": true,
      "rootEmpty": true,
      "_timeout": 2000
    },
    {
      "uuid": "201ff8ca-149a-449e-91fa-16a52bd61a42",
      "title": "",
      "fullFile": "cypress\\e2e\\negative-ui.feature",
      "file": "cypress\\e2e\\negative-ui.feature",
      "beforeHooks": [],
      "afterHooks": [],
      "tests": [],
      "suites": [
        {
          "uuid": "e293596f-d2a8-4646-8bdb-6bbb650b1ce0",
          "title": "Negative Authentication Tests",
          "fullFile": "",
          "file": "",
          "beforeHooks": [],
          "afterHooks": [],
          "tests": [
            {
              "title": "Login with empty username",
              "fullTitle": "Negative Authentication Tests Login with empty username",
              "timedOut": null,
              "duration": 0,
              "state": "pending",
              "speed": null,
              "pass": false,
              "fail": false,
              "pending": true,
              "context": null,
              "code": "",
              "err": {},
              "uuid": "9b20cecc-f306-4565-8904-0775e054435e",
              "parentUUID": "e293596f-d2a8-4646-8bdb-6bbb650b1ce0",
              "isHook": false,
              "skipped": false
            },
            {
              "title": "Login with only username but no password",
              "fullTitle": "Negative Authentication Tests Login with only username but no password",
              "timedOut": null,
              "duration": 0,
              "state": "pending",
              "speed": null,
              "pass": false,
              "fail": false,
              "pending": true,
              "context": null,
              "code": "",
              "err": {},
              "uuid": "6ab588df-3718-463f-81ca-d55b37f3f3fd",
              "parentUUID": "e293596f-d2a8-4646-8bdb-6bbb650b1ce0",
              "isHook": false,
              "skipped": false
            },
            {
              "title": "Login with empty password",
              "fullTitle": "Negative Authentication Tests Login with empty password",
              "timedOut": null,
              "duration": 0,
              "state": "pending",
              "speed": null,
              "pass": false,
              "fail": false,
              "pending": true,
              "context": null,
              "code": "",
              "err": {},
              "uuid": "5831976f-08df-4a5d-8161-d39f65a0b86c",
              "parentUUID": "e293596f-d2a8-4646-8bdb-6bbb650b1ce0",
              "isHook": false,
              "skipped": false
            },
            {
              "title": "Login with only password but no username",
              "fullTitle": "Negative Authentication Tests Login with only password but no username",
              "timedOut": null,
              "duration": 0,
              "state": "pending",
              "speed": null,
              "pass": false,
              "fail": false,
              "pending": true,
              "context": null,
              "code": "",
              "err": {},
              "uuid": "f874380a-1812-4928-b59f-054e4f5e6519",
              "parentUUID": "e293596f-d2a8-4646-8bdb-6bbb650b1ce0",
              "isHook": false,
              "skipped": false
            },
            {
              "title": "Login with special characters in username",
              "fullTitle": "Negative Authentication Tests Login with special characters in username",
              "timedOut": null,
              "duration": 0,
              "state": "pending",
              "speed": null,
              "pass": false,
              "fail": false,
              "pending": true,
              "context": null,
              "code": "",
              "err": {},
              "uuid": "a13c1f2d-e314-40d7-9796-cd98f3cfcbae",
              "parentUUID": "e293596f-d2a8-4646-8bdb-6bbb650b1ce0",
              "isHook": false,
              "skipped": false
            },
            {
              "title": "Login with international characters in username",
              "fullTitle": "Negative Authentication Tests Login with international characters in username",
              "timedOut": null,
              "duration": 0,
              "state": "pending",
              "speed": null,
              "pass": false,
              "fail": false,
              "pending": true,
              "context": null,
              "code": "",
              "err": {},
              "uuid": "a1c8df21-9a9c-49a8-b58b-222d6a7b2d8a",
              "parentUUID": "e293596f-d2a8-4646-8bdb-6bbb650b1ce0",
              "isHook": false,
              "skipped": false
            },
            {
              "title": "Login with valid username and invalid password",
              "fullTitle": "Negative Authentication Tests Login with valid username and invalid password",
              "timedOut": null,
              "duration": 0,
              "state": "pending",
              "speed": null,
              "pass": false,
              "fail": false,
              "pending": true,
              "context": null,
              "code": "",
              "err": {},
              "uuid": "8edc2796-5587-41ce-b73c-caa801aaef8f",
              "parentUUID": "e293596f-d2a8-4646-8bdb-6bbb650b1ce0",
              "isHook": false,
              "skipped": false
            },
            {
              "title": "Login with invalid username and valid password",
              "fullTitle": "Negative Authentication Tests Login with invalid username and valid password",
              "timedOut": null,
              "duration": 0,
              "state": "pending",
              "speed": null,
              "pass": false,
              "fail": false,
              "pending": true,
              "context": null,
              "code": "",
              "err": {},
              "uuid": "d8eee75c-9882-4d0b-8380-e9bcb10f9575",
              "parentUUID": "e293596f-d2a8-4646-8bdb-6bbb650b1ce0",
              "isHook": false,
              "skipped": false
            },
            {
              "title": "Login with locked out account",
              "fullTitle": "Negative Authentication Tests Login with locked out account",
              "timedOut": null,
              "duration": 0,
              "state": "pending",
              "speed": null,
              "pass": false,
              "fail": false,
              "pending": true,
              "context": null,
              "code": "",
              "err": {},
              "uuid": "179f4ee7-62ad-40d4-9a53-4a3aa49ffa71",
              "parentUUID": "e293596f-d2a8-4646-8bdb-6bbb650b1ce0",
              "isHook": false,
              "skipped": false
            }
          ],
          "suites": [],
          "passes": [],
          "failures": [],
          "pending": [
            "9b20cecc-f306-4565-8904-0775e054435e",
            "6ab588df-3718-463f-81ca-d55b37f3f3fd",
            "5831976f-08df-4a5d-8161-d39f65a0b86c",
            "f874380a-1812-4928-b59f-054e4f5e6519",
            "a13c1f2d-e314-40d7-9796-cd98f3cfcbae",
            "a1c8df21-9a9c-49a8-b58b-222d6a7b2d8a",
            "8edc2796-5587-41ce-b73c-caa801aaef8f",
            "d8eee75c-9882-4d0b-8380-e9bcb10f9575",
            "179f4ee7-62ad-40d4-9a53-4a3aa49ffa71"
          ],
          "skipped": [],
          "duration": 0,
          "root": false,
          "rootEmpty": false,
          "_timeout": 2000
        }
      ],
      "passes": [],
      "failures": [],
      "pending": [],
      "skipped": [],
      "duration": 0,
      "root": true,
      "rootEmpty": true,
      "_timeout": 2000
    },
    {
      "uuid": "4c88215e-d3b0-437a-97b3-3579f456d6c1",
      "title": "",
      "fullFile": "cypress\\e2e\\performance.feature",
      "file": "cypress\\e2e\\performance.feature",
      "beforeHooks": [],
      "afterHooks": [],
      "tests": [],
      "suites": [
        {
          "uuid": "7220797b-36b4-4898-b8ee-f6ec93748afe",
          "title": "Performance Authentication Tests",
          "fullFile": "",
          "file": "",
          "beforeHooks": [],
          "afterHooks": [],
          "tests": [
            {
              "title": "Login - Response time",
              "fullTitle": "Performance Authentication Tests Login - Response time",
              "timedOut": null,
              "duration": 0,
              "state": "pending",
              "speed": null,
              "pass": false,
              "fail": false,
              "pending": true,
              "context": null,
              "code": "",
              "err": {},
              "uuid": "3776af54-a94c-4ce1-81b1-6aa9a34d18f2",
              "parentUUID": "7220797b-36b4-4898-b8ee-f6ec93748afe",
              "isHook": false,
              "skipped": false
            },
            {
              "title": "Rapid typing in login field",
              "fullTitle": "Performance Authentication Tests Rapid typing in login field",
              "timedOut": null,
              "duration": 0,
              "state": "pending",
              "speed": null,
              "pass": false,
              "fail": false,
              "pending": true,
              "context": null,
              "code": "",
              "err": {},
              "uuid": "5b570092-913f-4bf8-a575-5b2f0c977748",
              "parentUUID": "7220797b-36b4-4898-b8ee-f6ec93748afe",
              "isHook": false,
              "skipped": false
            }
          ],
          "suites": [],
          "passes": [],
          "failures": [],
          "pending": [
            "3776af54-a94c-4ce1-81b1-6aa9a34d18f2",
            "5b570092-913f-4bf8-a575-5b2f0c977748"
          ],
          "skipped": [],
          "duration": 0,
          "root": false,
          "rootEmpty": false,
          "_timeout": 2000
        }
      ],
      "passes": [],
      "failures": [],
      "pending": [],
      "skipped": [],
      "duration": 0,
      "root": true,
      "rootEmpty": true,
      "_timeout": 2000
    },
    {
      "uuid": "bdc742d1-7765-493d-84d4-fc34f9759faa",
      "title": "",
      "fullFile": "cypress\\e2e\\place-order-api.feature",
      "file": "cypress\\e2e\\place-order-api.feature",
      "beforeHooks": [],
      "afterHooks": [],
      "tests": [],
      "suites": [
        {
          "uuid": "98e12bee-df87-4e86-99ce-f3207f2f8ce2",
          "title": "Petstore - Place Order for a Pet",
          "fullFile": "",
          "file": "",
          "beforeHooks": [],
          "afterHooks": [],
          "tests": [
            {
              "title": "Place an order successfully",
              "fullTitle": "Petstore - Place Order for a Pet Place an order successfully",
              "timedOut": null,
              "duration": 0,
[...]
              "err": {},
              "uuid": "74b57bc2-3f41-4387-87b6-3f12ee10c130",
              "parentUUID": "b429c26c-9937-48c8-bd3d-0eba8c9b7b77",
              "isHook": false,
              "skipped": false
            },
            {
              "title": "MFA test",
              "fullTitle": "To-be implemented Authentication Tests MFA test",
              "timedOut": null,
              "duration": 675,
              "state": "passed",
              "speed": "fast",
              "pass": true,
              "fail": false,
              "pending": false,
              "context": null,
              "code": "var _a2, _b2, _c2, _d, _e;\n(0, assertions_1.assert)(context.includedPickles[0].id === pickle.id, \"Included pickle stack is unsynchronized\");\nconst { remainingSteps, testCaseStartedId } = retrieveInternalSpecProperties();\ntaskTestCaseStarted(context, {\n  id: testCaseStartedId,\n  testCaseId,\n  attempt: attempt++,\n  timestamp: (0, messages_1.createTimestamp)()\n});\nwindow.testState = {\n  gherkinDocument,\n  pickles,\n  pickle\n};\nconst onAfterStep = (options) => {\n  var _a3, _b3, _c3;\n  const { testStepId, start, result } = options;\n  const end = (0, messages_1.createTimestamp)();\n  if (result === \"pending\" || result === \"skipped\") {\n    if (result === \"pending\") {\n      taskTestStepFinished(context, {\n        testStepId,\n        testCaseStartedId,\n        testStepResult: {\n          status: messages_enums_1.TestStepResultStatus.PENDING,\n          duration: (0, messages_1.duration)(start, end)\n        },\n        timestamp: end\n      });\n    } else {\n      taskTestStepFinished(context, {\n        testStepId,\n        testCaseStartedId,\n        testStepResult: {\n          status: messages_enums_1.TestStepResultStatus.SKIPPED,\n          duration: (0, messages_1.duration)(start, end)\n        },\n        timestamp: end\n      });\n    }\n    remainingSteps.shift();\n    for (const skippedStep of remainingSteps) {\n      const hookIdOrPickleStepId = (0, assertions_1.assertAndReturn)((_b3 = (_a3 = skippedStep.hook) === null || _a3 === void 0 ? void 0 : _a3.id) !== null && _b3 !== void 0 ? _b3 : (_c3 = skippedStep.pickleStep) === null || _c3 === void 0 ? void 0 : _c3.id, \"Expected a step to either be a hook or a pickleStep\");\n      const testStepId2 = getTestStepId({\n        context,\n        pickleId: pickle.id,\n        hookIdOrPickleStepId\n      });\n      taskTestStepStarted(context, {\n        testStepId: testStepId2,\n        testCaseStartedId,\n        timestamp: (0, messages_1.createTimestamp)()\n      });\n      taskTestStepFinished(context, {\n        testStepId: testStepId2,\n        testCaseStartedId,\n        testStepResult: {\n          status: messages_enums_1.TestStepResultStatus.SKIPPED,\n          duration: {\n            seconds: 0,\n            nanos: 0\n          }\n        },\n        timestamp: (0, messages_1.createTimestamp)()\n      });\n    }\n    for (let i = 0, count = remainingSteps.length; i < count; i++) {\n      remainingSteps.pop();\n    }\n    cy.then(() => this.skip());\n  } else {\n    taskTestStepFinished(context, {\n      testStepId,\n      testCaseStartedId,\n      testStepResult: {\n        status: messages_enums_1.TestStepResultStatus.PASSED,\n        duration: (0, messages_1.duration)(start, end)\n      },\n      timestamp: end\n    });\n    remainingSteps.shift();\n  }\n};\nfor (const step of steps) {\n  if (step.hook) {\n    const hook = step.hook;\n    const testStepId = getTestStepId({\n      context,\n      pickleId: pickle.id,\n      hookIdOrPickleStepId: hook.id\n    });\n    cy.then(() => {\n      delete window.testState.pickleStep;\n      const start = (0, messages_1.createTimestamp)();\n      internalProperties.currentStepStartedAt = start;\n      taskTestStepStarted(context, {\n        testStepId,\n        testCaseStartedId,\n        timestamp: start\n      });\n      return cy.wrap(start, { log: false });\n    }).then((start) => {\n      const options = {\n        pickle,\n        gherkinDocument,\n        testCaseStartedId\n      };\n      return (0, cypress_1.runStepWithLogGroup)({\n        fn: dryRun ? noopFn : () => registry2.runCaseHook(this, hook, options),\n        keyword: hook.keyword,\n        text: createStepDescription(hook)\n      }).then((result) => {\n        return { start, result };\n      });\n    }).then(({ start, result }) => onAfterStep({ start, result, testStepId }));\n  } else if (step.pickleStep) {\n    const pickleStep = step.pickleStep;\n    const testStepId = getTestStepId({\n      context,\n      pickleId: pickle.id,\n      hookIdOrPickleStepId: pickleStep.id\n    });\n    const text = (0, assertions_1.assertAndReturn)(pickleStep.text, \"Expected pickle step to have a text\");\n    const scenarioStep = (0, assertions_1.assertAndReturn)(context.astIdsMap.get((0, assertions_1.assertAndReturn)((_a2 = pickleStep.astNodeIds) === null || _a2 === void 0 ? void 0 : _a2[0], \"Expected to find at least one astNodeId\")), `Expected to find scenario step associated with id = ${(_b2 = pickleStep.astNodeIds) === null || _b2 === void 0 ? void 0 : _b2[0]}`);\n    const argument = ((_c2 = pickleStep.argument) === null || _c2 === void 0 ? void 0 : _c2.dataTable) ? new data_table_1.default(pickleStep.argument.dataTable) : ((_e = (_d = pickleStep.argument) === null || _d === void 0 ? void 0 : _d.docString) === null || _e === void 0 ? void 0 : _e.content) ? pickleStep.argument.docString.content : void 0;\n    cy.then(() => {\n      window.testState.pickleStep = step.pickleStep;\n      const start = (0, messages_1.createTimestamp)();\n      internalProperties.currentStep = { pickleStep };\n      internalProperties.currentStepStartedAt = start;\n      taskTestStepStarted(context, {\n        testStepId,\n        testCaseStartedId,\n        timestamp: start\n      });\n      return cy.wrap(start, { log: false });\n    }).then((start) => {\n      const beforeStepHooks = registry2.resolveBeforeStepHooks(tags);\n      const afterStepHooks = registry2.resolveAfterStepHooks(tags);\n      const options = {\n        pickle,\n        pickleStep,\n        gherkinDocument,\n        testCaseStartedId,\n        testStepId\n      };\n      const beforeHooksChain = beforeStepHooks.reduce((chain, beforeStepHook) => {\n        return chain.then(() => (0, cypress_1.runStepWithLogGroup)({\n          keyword: \"BeforeStep\",\n          text: createStepDescription(beforeStepHook),\n          fn: dryRun ? noopFn : () => registry2.runStepHook(this, beforeStepHook, options)\n        }));\n      }, cy.wrap({}, { log: false }));\n      return beforeHooksChain.then(() => {\n        try {\n          return (0, cypress_1.runStepWithLogGroup)({\n            keyword: (0, assertions_1.assertAndReturn)(\"keyword\" in scenarioStep && scenarioStep.keyword, \"Expected to find a keyword in the scenario step\"),\n            argument,\n            text,\n            fn: () => registry2.runStepDefinition(this, text, dryRun, argument)\n          }).then((result) => {\n            return afterStepHooks.reduce((chain, afterStepHook) => {\n              return chain.then(() => (0, cypress_1.runStepWithLogGroup)({\n                keyword: \"AfterStep\",\n                text: createStepDescription(afterStepHook),\n                fn: dryRun ? noopFn : () => registry2.runStepHook(this, afterStepHook, options)\n              }));\n            }, cy.wrap({}, { log: false })).then(() => {\n              return { start, result };\n            });\n          });\n        } catch (e) {\n          if (e instanceof registry_1.MissingDefinitionError) {\n            throw new Error(createMissingStepDefinitionMessage(context, pickleStep, context.registry.parameterTypeRegistry));\n          } else {\n            throw e;\n          }\n        }\n      });\n    }).then(({ start, result }) => onAfterStep({ start, result, testStepId }));\n  }\n}",
              "err": {},
              "uuid": "03d9d96e-1f4e-4776-ba47-3589ef14efa0",
              "parentUUID": "b429c26c-9937-48c8-bd3d-0eba8c9b7b77",
              "isHook": false,
              "skipped": false
            },
            {
              "title": "Login with API",
              "fullTitle": "To-be implemented Authentication Tests Login with API",
              "timedOut": null,
              "duration": 87,
              "state": "failed",
              "speed": null,
              "pass": false,
              "fail": true,
              "pending": false,
              "context": null,
              "code": "var _a2, _b2, _c2, _d, _e;\n(0, assertions_1.assert)(context.includedPickles[0].id === pickle.id, \"Included pickle stack is unsynchronized\");\nconst { remainingSteps, testCaseStartedId } = retrieveInternalSpecProperties();\ntaskTestCaseStarted(context, {\n  id: testCaseStartedId,\n  testCaseId,\n  attempt: attempt++,\n  timestamp: (0, messages_1.createTimestamp)()\n});\nwindow.testState = {\n  gherkinDocument,\n  pickles,\n  pickle\n};\nconst onAfterStep = (options) => {\n  var _a3, _b3, _c3;\n  const { testStepId, start, result } = options;\n  const end = (0, messages_1.createTimestamp)();\n  if (result === \"pending\" || result === \"skipped\") {\n    if (result === \"pending\") {\n      taskTestStepFinished(context, {\n        testStepId,\n        testCaseStartedId,\n        testStepResult: {\n          status: messages_enums_1.TestStepResultStatus.PENDING,\n          duration: (0, messages_1.duration)(start, end)\n        },\n        timestamp: end\n      });\n    } else {\n      taskTestStepFinished(context, {\n        testStepId,\n        testCaseStartedId,\n        testStepResult: {\n          status: messages_enums_1.TestStepResultStatus.SKIPPED,\n          duration: (0, messages_1.duration)(start, end)\n        },\n        timestamp: end\n      });\n    }\n    remainingSteps.shift();\n    for (const skippedStep of remainingSteps) {\n      const hookIdOrPickleStepId = (0, assertions_1.assertAndReturn)((_b3 = (_a3 = skippedStep.hook) === null || _a3 === void 0 ? void 0 : _a3.id) !== null && _b3 !== void 0 ? _b3 : (_c3 = skippedStep.pickleStep) === null || _c3 === void 0 ? void 0 : _c3.id, \"Expected a step to either be a hook or a pickleStep\");\n      const testStepId2 = getTestStepId({\n        context,\n        pickleId: pickle.id,\n        hookIdOrPickleStepId\n      });\n      taskTestStepStarted(context, {\n        testStepId: testStepId2,\n        testCaseStartedId,\n        timestamp: (0, messages_1.createTimestamp)()\n      });\n      taskTestStepFinished(context, {\n        testStepId: testStepId2,\n        testCaseStartedId,\n        testStepResult: {\n          status: messages_enums_1.TestStepResultStatus.SKIPPED,\n          duration: {\n            seconds: 0,\n            nanos: 0\n          }\n        },\n        timestamp: (0, messages_1.createTimestamp)()\n      });\n    }\n    for (let i = 0, count = remainingSteps.length; i < count; i++) {\n      remainingSteps.pop();\n    }\n    cy.then(() => this.skip());\n  } else {\n    taskTestStepFinished(context, {\n      testStepId,\n      testCaseStartedId,\n      testStepResult: {\n        status: messages_enums_1.TestStepResultStatus.PASSED,\n        duration: (0, messages_1.duration)(start, end)\n      },\n      timestamp: end\n    });\n    remainingSteps.shift();\n  }\n};\nfor (const step of steps) {\n  if (step.hook) {\n    const hook = step.hook;\n    const testStepId = getTestStepId({\n      context,\n      pickleId: pickle.id,\n      hookIdOrPickleStepId: hook.id\n    });\n    cy.then(() => {\n      delete window.testState.pickleStep;\n      const start = (0, messages_1.createTimestamp)();\n      internalProperties.currentStepStartedAt = start;\n      taskTestStepStarted(context, {\n        testStepId,\n        testCaseStartedId,\n        timestamp: start\n      });\n      return cy.wrap(start, { log: false });\n    }).then((start) => {\n      const options = {\n        pickle,\n        gherkinDocument,\n        testCaseStartedId\n      };\n      return (0, cypress_1.runStepWithLogGroup)({\n        fn: dryRun ? noopFn : () => registry2.runCaseHook(this, hook, options),\n        keyword: hook.keyword,\n        text: createStepDescription(hook)\n      }).then((result) => {\n        return { start, result };\n      });\n    }).then(({ start, result }) => onAfterStep({ start, result, testStepId }));\n  } else if (step.pickleStep) {\n    const pickleStep = step.pickleStep;\n    const testStepId = getTestStepId({\n      context,\n      pickleId: pickle.id,\n      hookIdOrPickleStepId: pickleStep.id\n    });\n    const text = (0, assertions_1.assertAndReturn)(pickleStep.text, \"Expected pickle step to have a text\");\n    const scenarioStep = (0, assertions_1.assertAndReturn)(context.astIdsMap.get((0, assertions_1.assertAndReturn)((_a2 = pickleStep.astNodeIds) === null || _a2 === void 0 ? void 0 : _a2[0], \"Expected to find at least one astNodeId\")), `Expected to find scenario step associated with id = ${(_b2 = pickleStep.astNodeIds) === null || _b2 === void 0 ? void 0 : _b2[0]}`);\n    const argument = ((_c2 = pickleStep.argument) === null || _c2 === void 0 ? void 0 : _c2.dataTable) ? new data_table_1.default(pickleStep.argument.dataTable) : ((_e = (_d = pickleStep.argument) === null || _d === void 0 ? void 0 : _d.docString) === null || _e === void 0 ? void 0 : _e.content) ? pickleStep.argument.docString.content : void 0;\n    cy.then(() => {\n      window.testState.pickleStep = step.pickleStep;\n      const start = (0, messages_1.createTimestamp)();\n      internalProperties.currentStep = { pickleStep };\n      internalProperties.currentStepStartedAt = start;\n      taskTestStepStarted(context, {\n        testStepId,\n        testCaseStartedId,\n        timestamp: start\n      });\n      return cy.wrap(start, { log: false });\n    }).then((start) => {\n      const beforeStepHooks = registry2.resolveBeforeStepHooks(tags);\n      const afterStepHooks = registry2.resolveAfterStepHooks(tags);\n      const options = {\n        pickle,\n        pickleStep,\n        gherkinDocument,\n        testCaseStartedId,\n        testStepId\n      };\n      const beforeHooksChain = beforeStepHooks.reduce((chain, beforeStepHook) => {\n        return chain.then(() => (0, cypress_1.runStepWithLogGroup)({\n          keyword: \"BeforeStep\",\n          text: createStepDescription(beforeStepHook),\n          fn: dryRun ? noopFn : () => registry2.runStepHook(this, beforeStepHook, options)\n        }));\n      }, cy.wrap({}, { log: false }));\n      return beforeHooksChain.then(() => {\n        try {\n          return (0, cypress_1.runStepWithLogGroup)({\n            keyword: (0, assertions_1.assertAndReturn)(\"keyword\" in scenarioStep && scenarioStep.keyword, \"Expected to find a keyword in the scenario step\"),\n            argument,\n            text,\n            fn: () => registry2.runStepDefinition(this, text, dryRun, argument)\n          }).then((result) => {\n            return afterStepHooks.reduce((chain, afterStepHook) => {\n              return chain.then(() => (0, cypress_1.runStepWithLogGroup)({\n                keyword: \"AfterStep\",\n                text: createStepDescription(afterStepHook),\n                fn: dryRun ? noopFn : () => registry2.runStepHook(this, afterStepHook, options)\n              }));\n            }, cy.wrap({}, { log: false })).then(() => {\n              return { start, result };\n            });\n          });\n        } catch (e) {\n          if (e instanceof registry_1.MissingDefinitionError) {\n            throw new Error(createMissingStepDefinitionMessage(context, pickleStep, context.registry.parameterTypeRegistry));\n          } else {\n            throw e;\n          }\n        }\n      });\n    }).then(({ start, result }) => onAfterStep({ start, result, testStepId }));\n  }\n}",
              "err": {
                "message": "Error: Login failed: 405 - try UI login instead",
                "estack": "Error: Login failed: 405 - try UI login instead\n    at Context.eval (https://www.saucedemo.com/__cypress/tests?p=cypress\\e2e\\tobe.feature:14063:19)\n    at getRet (https://www.saucedemo.com/__cypress/runner/cypress_runner.js:121066:20)\n    at tryCatcher (https://www.saucedemo.com/__cypress/runner/cypress_runner.js:1777:23)\n    at Promise.attempt.Promise.try (https://www.saucedemo.com/__cypress/runner/cypress_runner.js:4285:29)\n    at Context.thenFn (https://www.saucedemo.com/__cypress/runner/cypress_runner.js:121077:66)\n    at Context.then (https://www.saucedemo.com/__cypress/runner/cypress_runner.js:121328:21)\n    at wrapped (https://www.saucedemo.com/__cypress/runner/cypress_runner.js:141671:19)\n    at <unknown> (https://www.saucedemo.com/__cypress/runner/cypress_runner.js:147616:15)\n    at tryCatcher (https://www.saucedemo.com/__cypress/runner/cypress_runner.js:1777:23)",
                "diff": null
              },
              "uuid": "4339c9ce-2b9c-4dc0-966c-440bc3f287a1",
              "parentUUID": "b429c26c-9937-48c8-bd3d-0eba8c9b7b77",
              "isHook": false,
              "skipped": false
            }
          ],
          "suites": [],
          "passes": [
            "74b57bc2-3f41-4387-87b6-3f12ee10c130",
            "03d9d96e-1f4e-4776-ba47-3589ef14efa0"
          ],
          "failures": [
            "4339c9ce-2b9c-4dc0-966c-440bc3f287a1"
          ],
          "pending": [],
          "skipped": [],
          "duration": 6290,
          "root": false,
          "rootEmpty": false,
          "_timeout": 2000
        }
      ],
      "passes": [],
      "failures": [],
      "pending": [],
      "skipped": [],
      "duration": 0,
      "root": true,
      "rootEmpty": true,
      "_timeout": 2000
    }
  ],
  "meta": {
    "mocha": {
      "version": "7.2.0"
    },
    "mochawesome": {
      "options": {
        "quiet": false,
        "reportFilename": "mochawesome",
        "saveHtml": true,
        "saveJson": true,
        "consoleReporter": "spec",
        "useInlineDiffs": false,
        "code": true
      },
      "version": "7.1.4"
    },
    "marge": {
      "options": {
        "reportDir": "cypress/reports",
        "overwrite": false,
        "html": true,
        "json": true
      },
      "version": "6.3.2"
    }
  }
}