{
  "stats": {
    "suites": 5,
    "tests": 23,
    "passes": 0,
    "pending": 23,
    "failures": 0,
    "testsRegistered": 23,
    "passPercent": 0,
    "pendingPercent": 100,
    "other": 0,
    "hasOther": false,
    "skipped": 0,
    "hasSkipped": false,
    "start": "2026-01-16T00:55:33.205Z",
    "end": "2026-01-16T00:55:39.999Z",
    "duration": 6794
  },
  "results": [
    {
      "uuid": "494cc285-94b5-453d-8948-0213ff65f1fd",
      "title": "",
      "fullFile": "cypress\\e2e\\basic.feature",
      "file": "cypress\\e2e\\basic.feature",
      "beforeHooks": [],
      "afterHooks": [],
      "tests": [],
      "suites": [
        {
          "uuid": "fbe20e01-d858-4e2e-a996-812d058fe785",
          "title": "Basic User Authentication",
          "fullFile": "",
          "file": "",
          "beforeHooks": [],
          "afterHooks": [],
          "tests": [
            {
              "title": "Successful user registration and login",
              "fullTitle": "Basic User Authentication Successful user registration and login",
              "timedOut": null,
              "duration": 0,
              "state": "pending",
              "speed": null,
              "pass": false,
              "fail": false,
              "pending": true,
              "context": null,
              "code": "",
              "err": {},
              "uuid": "dfd1acb0-33d5-4099-a734-148925affafe",
              "parentUUID": "fbe20e01-d858-4e2e-a996-812d058fe785",
              "isHook": false,
              "skipped": false
            }
          ],
          "suites": [],
          "passes": [],
          "failures": [],
          "pending": [
            "dfd1acb0-33d5-4099-a734-148925affafe"
          ],
          "skipped": [],
          "duration": 0,
          "root": false,
          "rootEmpty": false,
          "_timeout": 2000
        }
      ],
      "passes": [],
      "failures": [],
      "pending": [],
      "skipped": [],
      "duration": 0,
      "root": true,
      "rootEmpty": true,
      "_timeout": 2000
    },
    {
      "uuid": "ecb5b2fa-0ae3-4fe9-816c-fbf7dd58215f",
      "title": "",
      "fullFile": "cypress\\e2e\\negative.feature",
      "file": "cypress\\e2e\\negative.feature",
      "beforeHooks": [],
      "afterHooks": [],
      "tests": [],
      "suites": [
        {
          "uuid": "86cf8f32-5ded-4770-890c-0d9287e1724d",
          "title": "Negative Authentication Tests",
          "fullFile": "",
          "file": "",
          "beforeHooks": [],
          "afterHooks": [],
          "tests": [
            {
              "title": "Login with empty username",
              "fullTitle": "Negative Authentication Tests Login with empty username",
              "timedOut": null,
              "duration": 0,
              "state": "pending",
              "speed": null,
              "pass": false,
              "fail": false,
              "pending": true,
              "context": null,
              "code": "",
              "err": {},
              "uuid": "cdf0e03d-0e7e-4509-96c5-80656106fd65",
              "parentUUID": "86cf8f32-5ded-4770-890c-0d9287e1724d",
              "isHook": false,
              "skipped": false
            },
            {
              "title": "Login with null password",
              "fullTitle": "Negative Authentication Tests Login with null password",
              "timedOut": null,
              "duration": 0,
              "state": "pending",
              "speed": null,
              "pass": false,
              "fail": false,
              "pending": true,
              "context": null,
              "code": "",
              "err": {},
              "uuid": "8cc5605a-9254-4284-8dda-612ddc3b6e80",
              "parentUUID": "86cf8f32-5ded-4770-890c-0d9287e1724d",
              "isHook": false,
              "skipped": false
            },
            {
              "title": "Login with special characters in username",
              "fullTitle": "Negative Authentication Tests Login with special characters in username",
              "timedOut": null,
              "duration": 0,
              "state": "pending",
              "speed": null,
              "pass": false,
              "fail": false,
              "pending": true,
              "context": null,
              "code": "",
              "err": {},
              "uuid": "d1cdc7a4-789c-4745-b092-07d6a504b902",
              "parentUUID": "86cf8f32-5ded-4770-890c-0d9287e1724d",
              "isHook": false,
              "skipped": false
            },
            {
              "title": "Login with international characters in username",
              "fullTitle": "Negative Authentication Tests Login with international characters in username",
              "timedOut": null,
              "duration": 0,
              "state": "pending",
              "speed": null,
              "pass": false,
              "fail": false,
              "pending": true,
              "context": null,
              "code": "",
              "err": {},
              "uuid": "67368fa7-ce71-47a3-9a03-adca246c8060",
              "parentUUID": "86cf8f32-5ded-4770-890c-0d9287e1724d",
              "isHook": false,
              "skipped": false
            },
            {
              "title": "Login with valid username and invalid password",
              "fullTitle": "Negative Authentication Tests Login with valid username and invalid password",
              "timedOut": null,
              "duration": 0,
              "state": "pending",
              "speed": null,
              "pass": false,
              "fail": false,
              "pending": true,
              "context": null,
              "code": "",
              "err": {},
              "uuid": "b5ebd0e0-752a-4f45-a52c-e293bbe6a5f8",
              "parentUUID": "86cf8f32-5ded-4770-890c-0d9287e1724d",
              "isHook": false,
              "skipped": false
            },
            {
              "title": "Login with invalid username and valid password",
              "fullTitle": "Negative Authentication Tests Login with invalid username and valid password",
              "timedOut": null,
              "duration": 0,
              "state": "pending",
              "speed": null,
              "pass": false,
              "fail": false,
              "pending": true,
              "context": null,
              "code": "",
              "err": {},
              "uuid": "6366df94-e540-4219-bd34-c6b2b1d97934",
              "parentUUID": "86cf8f32-5ded-4770-890c-0d9287e1724d",
              "isHook": false,
              "skipped": false
            },
            {
              "title": "Multi tab test after logout",
              "fullTitle": "Negative Authentication Tests Multi tab test after logout",
              "timedOut": null,
              "duration": 0,
              "state": "pending",
              "speed": null,
              "pass": false,
              "fail": false,
              "pending": true,
              "context": null,
              "code": "",
              "err": {},
              "uuid": "752e91d4-8c73-469b-8495-d9fa2dcc9ab1",
              "parentUUID": "86cf8f32-5ded-4770-890c-0d9287e1724d",
              "isHook": false,
              "skipped": false
            },
            {
              "title": "Back button after logout",
              "fullTitle": "Negative Authentication Tests Back button after logout",
              "timedOut": null,
              "duration": 0,
              "state": "pending",
              "speed": null,
              "pass": false,
              "fail": false,
              "pending": true,
              "context": null,
              "code": "",
              "err": {},
              "uuid": "5bd0416f-52b8-4db0-b379-f2c175e99500",
              "parentUUID": "86cf8f32-5ded-4770-890c-0d9287e1724d",
              "isHook": false,
              "skipped": false
            },
            {
              "title": "Boundary value analysis for password length",
              "fullTitle": "Negative Authentication Tests Boundary value analysis for password length",
              "timedOut": null,
              "duration": 0,
              "state": "pending",
              "speed": null,
              "pass": false,
              "fail": false,
              "pending": true,
              "context": null,
              "code": "",
              "err": {},
              "uuid": "60d1dddd-3887-43d5-9ede-bda7388d9ef8",
              "parentUUID": "86cf8f32-5ded-4770-890c-0d9287e1724d",
              "isHook": false,
              "skipped": false
            },
            {
              "title": "Equivalence partitioning for username",
              "fullTitle": "Negative Authentication Tests Equivalence partitioning for username",
              "timedOut": null,
              "duration": 0,
              "state": "pending",
              "speed": null,
              "pass": false,
              "fail": false,
              "pending": true,
              "context": null,
              "code": "",
              "err": {},
              "uuid": "639c8100-74c9-404e-b329-813f8d6952ee",
              "parentUUID": "86cf8f32-5ded-4770-890c-0d9287e1724d",
              "isHook": false,
              "skipped": false
            },
            {
              "title": "Login with case sensitive characters in username",
              "fullTitle": "Negative Authentication Tests Login with case sensitive characters in username",
              "timedOut": null,
              "duration": 0,
              "state": "pending",
              "speed": null,
              "pass": false,
              "fail": false,
              "pending": true,
              "context": null,
              "code": "",
              "err": {},
              "uuid": "471421a3-7318-4a7e-be99-d9ccb42fce19",
              "parentUUID": "86cf8f32-5ded-4770-890c-0d9287e1724d",
              "isHook": false,
              "skipped": false
            },
            {
              "title": "Login with leading or trailing spaces in username",
              "fullTitle": "Negative Authentication Tests Login with leading or trailing spaces in username",
              "timedOut": null,
              "duration": 0,
              "state": "pending",
              "speed": null,
              "pass": false,
              "fail": false,
              "pending": true,
              "context": null,
              "code": "",
              "err": {},
              "uuid": "7c253145-5b81-428e-96d2-e311f02e9e2f",
              "parentUUID": "86cf8f32-5ded-4770-890c-0d9287e1724d",
              "isHook": false,
              "skipped": false
            }
          ],
          "suites": [],
          "passes": [],
          "failures": [],
          "pending": [
            "cdf0e03d-0e7e-4509-96c5-80656106fd65",
            "8cc5605a-9254-4284-8dda-612ddc3b6e80",
            "d1cdc7a4-789c-4745-b092-07d6a504b902",
            "67368fa7-ce71-47a3-9a03-adca246c8060",
            "b5ebd0e0-752a-4f45-a52c-e293bbe6a5f8",
            "6366df94-e540-4219-bd34-c6b2b1d97934",
            "752e91d4-8c73-469b-8495-d9fa2dcc9ab1",
            "5bd0416f-52b8-4db0-b379-f2c175e99500",
            "60d1dddd-3887-43d5-9ede-bda7388d9ef8",
            "639c8100-74c9-404e-b329-813f8d6952ee",
            "471421a3-7318-4a7e-be99-d9ccb42fce19",
            "7c253145-5b81-428e-96d2-e311f02e9e2f"
          ],
          "skipped": [],
          "duration": 0,
          "root": false,
          "rootEmpty": false,
          "_timeout": 2000
        }
      ],
      "passes": [],
      "failures": [],
      "pending": [],
      "skipped": [],
      "duration": 0,
      "root": true,
      "rootEmpty": true,
      "_timeout": 2000
    },
    {
      "uuid": "31a416ff-e5e8-4e61-85a4-b244ddad9ce9",
      "title": "",
      "fullFile": "cypress\\e2e\\performance.feature",
      "file": "cypress\\e2e\\performance.feature",
      "beforeHooks": [],
      "afterHooks": [],
      "tests": [],
      "suites": [
        {
          "uuid": "50c7a557-e0be-4e2a-ba4a-71e9475b4d66",
          "title": "Performance Authentication Tests",
          "fullFile": "",
          "file": "",
          "beforeHooks": [],
          "afterHooks": [],
          "tests": [
            {
              "title": "Login - Response time",
              "fullTitle": "Performance Authentication Tests Login - Response time",
              "timedOut": null,
              "duration": 0,
              "state": "pending",
              "speed": null,
              "pass": false,
              "fail": false,
              "pending": true,
              "context": null,
              "code": "",
              "err": {},
              "uuid": "fc652f60-82ec-432f-9566-0672dfbd07ac",
              "parentUUID": "50c7a557-e0be-4e2a-ba4a-71e9475b4d66",
              "isHook": false,
              "skipped": false
            },
            {
              "title": "Rapid typing in login field",
              "fullTitle": "Performance Authentication Tests Rapid typing in login field",
              "timedOut": null,
              "duration": 0,
              "state": "pending",
              "speed": null,
              "pass": false,
              "fail": false,
              "pending": true,
              "context": null,
              "code": "",
              "err": {},
              "uuid": "831c4ffb-c8c2-4431-8bd9-1000d268bb5a",
              "parentUUID": "50c7a557-e0be-4e2a-ba4a-71e9475b4d66",
              "isHook": false,
              "skipped": false
            }
          ],
          "suites": [],
          "passes": [],
          "failures": [],
          "pending": [
            "fc652f60-82ec-432f-9566-0672dfbd07ac",
            "831c4ffb-c8c2-4431-8bd9-1000d268bb5a"
          ],
          "skipped": [],
          "duration": 0,
          "root": false,
          "rootEmpty": false,
          "_timeout": 2000
        }
      ],
      "passes": [],
      "failures": [],
      "pending": [],
      "skipped": [],
      "duration": 0,
      "root": true,
      "rootEmpty": true,
      "_timeout": 2000
    },
    {
      "uuid": "dcfa29c0-1bfc-4337-9d4b-071fd246c62a",
      "title": "",
      "fullFile": "cypress\\e2e\\security.feature",
      "file": "cypress\\e2e\\security.feature",
      "beforeHooks": [],
      "afterHooks": [],
      "tests": [],
      "suites": [
        {
          "uuid": "0a71aa47-5ca1-4f7f-b99c-4ddb7f2054d6",
          "title": "Security Authentication Tests",
          "fullFile": "",
          "file": "",
          "beforeHooks": [],
          "afterHooks": [],
          "tests": [
            {
              "title": "SQL injection in username",
              "fullTitle": "Security Authentication Tests SQL injection in username",
              "timedOut": null,
              "duration": 0,
              "state": "pending",
              "speed": null,
              "pass": false,
              "fail": false,
              "pending": true,
              "context": null,
              "code": "",
              "err": {},
              "uuid": "78c38e8c-ce98-4ac7-9092-32b4791bed43",
              "parentUUID": "0a71aa47-5ca1-4f7f-b99c-4ddb7f2054d6",
              "isHook": false,
              "skipped": false
            },
            {
              "title": "XSS in password",
              "fullTitle": "Security Authentication Tests XSS in password",
              "timedOut": null,
              "duration": 0,
              "state": "pending",
              "speed": null,
              "pass": false,
              "fail": false,
              "pending": true,
              "context": null,
              "code": "",
              "err": {},
              "uuid": "1f25ab77-5f72-4ea1-889e-e0fcc005cf2b",
              "parentUUID": "0a71aa47-5ca1-4f7f-b99c-4ddb7f2054d6",
              "isHook": false,
              "skipped": false
            },
            {
              "title": "Verify login status after cache deletion",
              "fullTitle": "Security Authentication Tests Verify login status after cache deletion",
              "timedOut": null,
              "duration": 0,
              "state": "pending",
              "speed": null,
              "pass": false,
              "fail": false,
              "pending": true,
              "context": null,
              "code": "",
              "err": {},
              "uuid": "d1624e0b-a846-45d0-b8d8-67a1f3e2ff31",
              "parentUUID": "0a71aa47-5ca1-4f7f-b99c-4ddb7f2054d6",
              "isHook": false,
              "skipped": false
            },
            {
              "title": "CSRF protection test",
              "fullTitle": "Security Authentication Tests CSRF protection test",
              "timedOut": null,
              "duration": 0,
              "state": "pending",
              "speed": null,
              "pass": false,
              "fail": false,
              "pending": true,
              "context": null,
              "code": "",
              "err": {},
              "uuid": "87fd39fd-2a58-436f-bbb3-a45aa34be4d8",
              "parentUUID": "0a71aa47-5ca1-4f7f-b99c-4ddb7f2054d6",
              "isHook": false,
              "skipped": false
            }
          ],
          "suites": [],
          "passes": [],
          "failures": [],
          "pending": [
            "78c38e8c-ce98-4ac7-9092-32b4791bed43",
            "1f25ab77-5f72-4ea1-889e-e0fcc005cf2b",
            "d1624e0b-a846-45d0-b8d8-67a1f3e2ff31",
            "87fd39fd-2a58-436f-bbb3-a45aa34be4d8"
          ],
          "skipped": [],
          "duration": 0,
          "root": false,
          "rootEmpty": false,
          "_timeout": 2000
        }
      ],
      "passes": [],
      "failures": [],
      "pending": [],
      "skipped": [],
      "duration": 0,
      "root": true,
      "rootEmpty": true,
      "_timeout": 2000
    },
    {
      "uuid": "ae0d0c9d-6c7b-427d-a8c9-2295a7f681bd",
      "title": "",
      "fullFile": "cypress\\e2e\\tobe.feature",
      "file": "cypress\\e2e\\tobe.feature",
      "beforeHooks": [],
      "afterHooks": [],
      "tests": [],
      "suites": [
        {
          "uuid": "918c0e53-4f56-4ba4-85be-997532d40f17",
          "title": "Dummy Authentication Tests",
          "fullFile": "",
          "file": "",
          "beforeHooks": [],
          "afterHooks": [],
          "tests": [
            {
              "title": "Rate limiting test",
              "fullTitle": "Dummy Authentication Tests Rate limiting test",
              "timedOut": null,
              "duration": 0,
              "state": "pending",
              "speed": null,
              "pass": false,
              "fail": false,
              "pending": true,
              "context": null,
              "code": "",
              "err": {},
              "uuid": "aac623e2-9e59-45c3-9565-930d6edddb47",
              "parentUUID": "918c0e53-4f56-4ba4-85be-997532d40f17",
              "isHook": false,
              "skipped": false
            },
            {
              "title": "Account lockout test",
              "fullTitle": "Dummy Authentication Tests Account lockout test",
              "timedOut": null,
              "duration": 0,
              "state": "pending",
              "speed": null,
              "pass": false,
              "fail": false,
              "pending": true,
              "context": null,
              "code": "",
              "err": {},
              "uuid": "c0962a5d-4a89-462d-af27-2208bbcb710e",
              "parentUUID": "918c0e53-4f56-4ba4-85be-997532d40f17",
              "isHook": false,
              "skipped": false
            },
            {
              "title": "MFA test",
              "fullTitle": "Dummy Authentication Tests MFA test",
              "timedOut": null,
              "duration": 0,
              "state": "pending",
              "speed": null,
              "pass": false,
              "fail": false,
              "pending": true,
              "context": null,
              "code": "",
              "err": {},
              "uuid": "66ab43af-98ac-4ed0-949b-c7189fb8e566",
              "parentUUID": "918c0e53-4f56-4ba4-85be-997532d40f17",
              "isHook": false,
              "skipped": false
            },
            {
              "title": "Login with API",
              "fullTitle": "Dummy Authentication Tests Login with API",
              "timedOut": null,
              "duration": 0,
              "state": "pending",
              "speed": null,
              "pass": false,
              "fail": false,
              "pending": true,
              "context": null,
              "code": "",
              "err": {},
              "uuid": "3402e586-b68d-4809-985d-cd31204b8b2d",
              "parentUUID": "918c0e53-4f56-4ba4-85be-997532d40f17",
              "isHook": false,
              "skipped": false
            }
          ],
          "suites": [],
          "passes": [],
          "failures": [],
          "pending": [
            "aac623e2-9e59-45c3-9565-930d6edddb47",
            "c0962a5d-4a89-462d-af27-2208bbcb710e",
            "66ab43af-98ac-4ed0-949b-c7189fb8e566",
            "3402e586-b68d-4809-985d-cd31204b8b2d"
          ],
          "skipped": [],
          "duration": 0,
          "root": false,
          "rootEmpty": false,
          "_timeout": 2000
        }
      ],
      "passes": [],
      "failures": [],
      "pending": [],
      "skipped": [],
      "duration": 0,
      "root": true,
      "rootEmpty": true,
      "_timeout": 2000
    }
  ],
  "meta": {
    "mocha": {
      "version": "7.2.0"
    },
    "mochawesome": {
      "options": {
        "quiet": false,
        "reportFilename": "mochawesome",
        "saveHtml": true,
        "saveJson": true,
        "consoleReporter": "spec",
        "useInlineDiffs": false,
        "code": true
      },
      "version": "7.1.4"
    },
    "marge": {
      "options": {
        "reportDir": "cypress/reports",
        "overwrite": false,
        "html": true,
        "json": true
      },
      "version": "6.3.2"
    }
  }
}