{
  "stats": {
    "suites": 1,
    "tests": 1,
    "passes": 0,
    "pending": 12,
    "failures": -11,
    "start": "2026-01-16T00:55:34.967Z",
    "end": "2026-01-16T00:55:35.029Z",
    "duration": 62,
    "testsRegistered": 12,
    "passPercent": null,
    "pendingPercent": 100,
    "other": 11,
    "hasOther": true,
    "skipped": 0,
    "hasSkipped": false
  },
  "results": [
    {
      "uuid": "ecb5b2fa-0ae3-4fe9-816c-fbf7dd58215f",
      "title": "",
      "fullFile": "cypress\\e2e\\negative.feature",
      "file": "cypress\\e2e\\negative.feature",
      "beforeHooks": [],
      "afterHooks": [],
      "tests": [],
      "suites": [
        {
          "uuid": "86cf8f32-5ded-4770-890c-0d9287e1724d",
          "title": "Negative Authentication Tests",
          "fullFile": "",
          "file": "",
          "beforeHooks": [],
          "afterHooks": [],
          "tests": [
            {
              "title": "Login with empty username",
              "fullTitle": "Negative Authentication Tests Login with empty username",
              "timedOut": null,
              "duration": 0,
              "state": "pending",
              "speed": null,
              "pass": false,
              "fail": false,
              "pending": true,
              "context": null,
              "code": "",
              "err": {},
              "uuid": "cdf0e03d-0e7e-4509-96c5-80656106fd65",
              "parentUUID": "86cf8f32-5ded-4770-890c-0d9287e1724d",
              "isHook": false,
              "skipped": false
            },
            {
              "title": "Login with null password",
              "fullTitle": "Negative Authentication Tests Login with null password",
              "timedOut": null,
              "duration": 0,
              "state": "pending",
              "speed": null,
              "pass": false,
              "fail": false,
              "pending": true,
              "context": null,
              "code": "",
              "err": {},
              "uuid": "8cc5605a-9254-4284-8dda-612ddc3b6e80",
              "parentUUID": "86cf8f32-5ded-4770-890c-0d9287e1724d",
              "isHook": false,
              "skipped": false
            },
            {
              "title": "Login with special characters in username",
              "fullTitle": "Negative Authentication Tests Login with special characters in username",
              "timedOut": null,
              "duration": 0,
              "state": "pending",
              "speed": null,
              "pass": false,
              "fail": false,
              "pending": true,
              "context": null,
              "code": "",
              "err": {},
              "uuid": "d1cdc7a4-789c-4745-b092-07d6a504b902",
              "parentUUID": "86cf8f32-5ded-4770-890c-0d9287e1724d",
              "isHook": false,
              "skipped": false
            },
            {
              "title": "Login with international characters in username",
              "fullTitle": "Negative Authentication Tests Login with international characters in username",
              "timedOut": null,
              "duration": 0,
              "state": "pending",
              "speed": null,
              "pass": false,
              "fail": false,
              "pending": true,
              "context": null,
              "code": "",
              "err": {},
              "uuid": "67368fa7-ce71-47a3-9a03-adca246c8060",
              "parentUUID": "86cf8f32-5ded-4770-890c-0d9287e1724d",
              "isHook": false,
              "skipped": false
            },
            {
              "title": "Login with valid username and invalid password",
              "fullTitle": "Negative Authentication Tests Login with valid username and invalid password",
              "timedOut": null,
              "duration": 0,
              "state": "pending",
              "speed": null,
              "pass": false,
              "fail": false,
              "pending": true,
              "context": null,
              "code": "",
              "err": {},
              "uuid": "b5ebd0e0-752a-4f45-a52c-e293bbe6a5f8",
              "parentUUID": "86cf8f32-5ded-4770-890c-0d9287e1724d",
              "isHook": false,
              "skipped": false
            },
            {
              "title": "Login with invalid username and valid password",
              "fullTitle": "Negative Authentication Tests Login with invalid username and valid password",
              "timedOut": null,
              "duration": 0,
              "state": "pending",
              "speed": null,
              "pass": false,
              "fail": false,
              "pending": true,
              "context": null,
              "code": "",
              "err": {},
              "uuid": "6366df94-e540-4219-bd34-c6b2b1d97934",
              "parentUUID": "86cf8f32-5ded-4770-890c-0d9287e1724d",
              "isHook": false,
              "skipped": false
            },
            {
              "title": "Multi tab test after logout",
              "fullTitle": "Negative Authentication Tests Multi tab test after logout",
              "timedOut": null,
              "duration": 0,
              "state": "pending",
              "speed": null,
              "pass": false,
              "fail": false,
              "pending": true,
              "context": null,
              "code": "",
              "err": {},
              "uuid": "752e91d4-8c73-469b-8495-d9fa2dcc9ab1",
              "parentUUID": "86cf8f32-5ded-4770-890c-0d9287e1724d",
              "isHook": false,
              "skipped": false
            },
            {
              "title": "Back button after logout",
              "fullTitle": "Negative Authentication Tests Back button after logout",
              "timedOut": null,
              "duration": 0,
              "state": "pending",
              "speed": null,
              "pass": false,
              "fail": false,
              "pending": true,
              "context": null,
              "code": "",
              "err": {},
              "uuid": "5bd0416f-52b8-4db0-b379-f2c175e99500",
              "parentUUID": "86cf8f32-5ded-4770-890c-0d9287e1724d",
              "isHook": false,
              "skipped": false
            },
            {
              "title": "Boundary value analysis for password length",
              "fullTitle": "Negative Authentication Tests Boundary value analysis for password length",
              "timedOut": null,
              "duration": 0,
              "state": "pending",
              "speed": null,
              "pass": false,
              "fail": false,
              "pending": true,
              "context": null,
              "code": "",
              "err": {},
              "uuid": "60d1dddd-3887-43d5-9ede-bda7388d9ef8",
              "parentUUID": "86cf8f32-5ded-4770-890c-0d9287e1724d",
              "isHook": false,
              "skipped": false
            },
            {
              "title": "Equivalence partitioning for username",
              "fullTitle": "Negative Authentication Tests Equivalence partitioning for username",
              "timedOut": null,
              "duration": 0,
              "state": "pending",
              "speed": null,
              "pass": false,
              "fail": false,
              "pending": true,
              "context": null,
              "code": "",
              "err": {},
              "uuid": "639c8100-74c9-404e-b329-813f8d6952ee",
              "parentUUID": "86cf8f32-5ded-4770-890c-0d9287e1724d",
              "isHook": false,
              "skipped": false
            },
            {
              "title": "Login with case sensitive characters in username",
              "fullTitle": "Negative Authentication Tests Login with case sensitive characters in username",
              "timedOut": null,
              "duration": 0,
              "state": "pending",
              "speed": null,
              "pass": false,
              "fail": false,
              "pending": true,
              "context": null,
              "code": "",
              "err": {},
              "uuid": "471421a3-7318-4a7e-be99-d9ccb42fce19",
              "parentUUID": "86cf8f32-5ded-4770-890c-0d9287e1724d",
              "isHook": false,
              "skipped": false
            },
            {
              "title": "Login with leading or trailing spaces in username",
              "fullTitle": "Negative Authentication Tests Login with leading or trailing spaces in username",
              "timedOut": null,
              "duration": 0,
              "state": "pending",
              "speed": null,
              "pass": false,
              "fail": false,
              "pending": true,
              "context": null,
              "code": "",
              "err": {},
              "uuid": "7c253145-5b81-428e-96d2-e311f02e9e2f",
              "parentUUID": "86cf8f32-5ded-4770-890c-0d9287e1724d",
              "isHook": false,
              "skipped": false
            }
          ],
          "suites": [],
          "passes": [],
          "failures": [],
          "pending": [
            "cdf0e03d-0e7e-4509-96c5-80656106fd65",
            "8cc5605a-9254-4284-8dda-612ddc3b6e80",
            "d1cdc7a4-789c-4745-b092-07d6a504b902",
            "67368fa7-ce71-47a3-9a03-adca246c8060",
            "b5ebd0e0-752a-4f45-a52c-e293bbe6a5f8",
            "6366df94-e540-4219-bd34-c6b2b1d97934",
            "752e91d4-8c73-469b-8495-d9fa2dcc9ab1",
            "5bd0416f-52b8-4db0-b379-f2c175e99500",
            "60d1dddd-3887-43d5-9ede-bda7388d9ef8",
            "639c8100-74c9-404e-b329-813f8d6952ee",
            "471421a3-7318-4a7e-be99-d9ccb42fce19",
            "7c253145-5b81-428e-96d2-e311f02e9e2f"
          ],
          "skipped": [],
          "duration": 0,
          "root": false,
          "rootEmpty": false,
          "_timeout": 2000
        }
      ],
      "passes": [],
      "failures": [],
      "pending": [],
      "skipped": [],
      "duration": 0,
      "root": true,
      "rootEmpty": true,
      "_timeout": 2000
    }
  ],
  "meta": {
    "mocha": {
      "version": "7.2.0"
    },
    "mochawesome": {
      "options": {
        "quiet": false,
        "reportFilename": "mochawesome",
        "saveHtml": true,
        "saveJson": true,
        "consoleReporter": "spec",
        "useInlineDiffs": false,
        "code": true
      },
      "version": "7.1.4"
    },
    "marge": {
      "options": {
        "reportDir": "cypress/reports",
        "overwrite": false,
        "html": true,
        "json": true
      },
      "version": "6.3.2"
    }
  }
}