{
  "stats": {
    "suites": 1,
    "tests": 1,
    "passes": 0,
    "pending": 4,
    "failures": -3,
    "start": "2026-01-16T00:55:39.963Z",
    "end": "2026-01-16T00:55:39.999Z",
    "duration": 36,
    "testsRegistered": 4,
    "passPercent": null,
    "pendingPercent": 100,
    "other": 3,
    "hasOther": true,
    "skipped": 0,
    "hasSkipped": false
  },
  "results": [
    {
      "uuid": "ae0d0c9d-6c7b-427d-a8c9-2295a7f681bd",
      "title": "",
      "fullFile": "cypress\\e2e\\tobe.feature",
      "file": "cypress\\e2e\\tobe.feature",
      "beforeHooks": [],
      "afterHooks": [],
      "tests": [],
      "suites": [
        {
          "uuid": "918c0e53-4f56-4ba4-85be-997532d40f17",
          "title": "Dummy Authentication Tests",
          "fullFile": "",
          "file": "",
          "beforeHooks": [],
          "afterHooks": [],
          "tests": [
            {
              "title": "Rate limiting test",
              "fullTitle": "Dummy Authentication Tests Rate limiting test",
              "timedOut": null,
              "duration": 0,
              "state": "pending",
              "speed": null,
              "pass": false,
              "fail": false,
              "pending": true,
              "context": null,
              "code": "",
              "err": {},
              "uuid": "aac623e2-9e59-45c3-9565-930d6edddb47",
              "parentUUID": "918c0e53-4f56-4ba4-85be-997532d40f17",
              "isHook": false,
              "skipped": false
            },
            {
              "title": "Account lockout test",
              "fullTitle": "Dummy Authentication Tests Account lockout test",
              "timedOut": null,
              "duration": 0,
              "state": "pending",
              "speed": null,
              "pass": false,
              "fail": false,
              "pending": true,
              "context": null,
              "code": "",
              "err": {},
              "uuid": "c0962a5d-4a89-462d-af27-2208bbcb710e",
              "parentUUID": "918c0e53-4f56-4ba4-85be-997532d40f17",
              "isHook": false,
              "skipped": false
            },
            {
              "title": "MFA test",
              "fullTitle": "Dummy Authentication Tests MFA test",
              "timedOut": null,
              "duration": 0,
              "state": "pending",
              "speed": null,
              "pass": false,
              "fail": false,
              "pending": true,
              "context": null,
              "code": "",
              "err": {},
              "uuid": "66ab43af-98ac-4ed0-949b-c7189fb8e566",
              "parentUUID": "918c0e53-4f56-4ba4-85be-997532d40f17",
              "isHook": false,
              "skipped": false
            },
            {
              "title": "Login with API",
              "fullTitle": "Dummy Authentication Tests Login with API",
              "timedOut": null,
              "duration": 0,
              "state": "pending",
              "speed": null,
              "pass": false,
              "fail": false,
              "pending": true,
              "context": null,
              "code": "",
              "err": {},
              "uuid": "3402e586-b68d-4809-985d-cd31204b8b2d",
              "parentUUID": "918c0e53-4f56-4ba4-85be-997532d40f17",
              "isHook": false,
              "skipped": false
            }
          ],
          "suites": [],
          "passes": [],
          "failures": [],
          "pending": [
            "aac623e2-9e59-45c3-9565-930d6edddb47",
            "c0962a5d-4a89-462d-af27-2208bbcb710e",
            "66ab43af-98ac-4ed0-949b-c7189fb8e566",
            "3402e586-b68d-4809-985d-cd31204b8b2d"
          ],
          "skipped": [],
          "duration": 0,
          "root": false,
          "rootEmpty": false,
          "_timeout": 2000
        }
      ],
      "passes": [],
      "failures": [],
      "pending": [],
      "skipped": [],
      "duration": 0,
      "root": true,
      "rootEmpty": true,
      "_timeout": 2000
    }
  ],
  "meta": {
    "mocha": {
      "version": "7.2.0"
    },
    "mochawesome": {
      "options": {
        "quiet": false,
        "reportFilename": "mochawesome",
        "saveHtml": true,
        "saveJson": true,
        "consoleReporter": "spec",
        "useInlineDiffs": false,
        "code": true
      },
      "version": "7.1.4"
    },
    "marge": {
      "options": {
        "reportDir": "cypress/reports",
        "overwrite": false,
        "html": true,
        "json": true
      },
      "version": "6.3.2"
    }
  }
}